
> formal-ai-e2e@1.0.0 test:local
> playwright test --config=playwright.local.config.js

[2m[WebServer] [22m(node:1218497) Warning: The 'NO_COLOR' env is ignored due to the 'FORCE_COLOR' env being set.
[2m[WebServer] [22m(Use `node --trace-warnings ...` to show where the warning was created)

Running 92 tests using 2 workers

  ✓   1 [chromium] › tests/demo.spec.js:41:3 › formal-ai demo UI › page title is formal-ai (598ms)
  ✓   2 [chromium] › tests/multilingual.spec.js:85:3 › multilingual chat surface › Russian greeting replies in Russian (720ms)
  ✓   3 [chromium] › tests/demo.spec.js:45:3 › formal-ai demo UI › brand header is visible (461ms)
  ✓   4 [chromium] › tests/multilingual.spec.js:91:3 › multilingual chat surface › Russian combined greeting and identity question replies with identity (747ms)
  ✓   6 [chromium] › tests/multilingual.spec.js:98:3 › multilingual chat surface › Hindi greeting replies in Hindi (623ms)
  ✓   7 [chromium] › tests/multilingual.spec.js:104:3 › multilingual chat surface › Chinese identity question replies in Chinese (678ms)
  ✓   8 [chromium] › tests/multilingual.spec.js:111:3 › multilingual chat surface › single-variable equations resolve as calculations (616ms)
  ✓   9 [chromium] › tests/multilingual.spec.js:117:3 › multilingual chat surface › Russian word-number arithmetic resolves as a calculation (683ms)
  ✓  10 [chromium] › tests/multilingual.spec.js:123:3 › multilingual chat surface › Russian "What is X?" returns the offline concept summary (645ms)
  ✓  11 [chromium] › tests/multilingual.spec.js:129:3 › multilingual chat surface › Chinese "X 是什么?" returns the offline concept summary (685ms)
  ✓  12 [chromium] › tests/multilingual.spec.js:135:3 › multilingual chat surface › punctuation-only prompt asks for clarification (641ms)
  ✓  13 [chromium] › tests/multilingual.spec.js:145:3 › multilingual chat surface › Russian "what is KISS in programming" returns the design principle, not the band (672ms)
  ✓   5 [chromium] › tests/demo.spec.js:50:3 › formal-ai demo UI › demo mode starts automatically and exposes a live countdown (6.5s)
  ✓  14 [chromium] › tests/multilingual.spec.js:161:3 › Wikipedia REST fallback › "What is X?" for an out-of-corpus term fetches a Wikipedia summary (758ms)
  ✓  16 [chromium] › tests/multilingual.spec.js:187:3 › Wikipedia REST fallback › "Tell me, who is X" resolves through Wikipedia lookup (665ms)
  ✓  17 [chromium] › tests/multilingual.spec.js:212:3 › Wikipedia REST fallback › "Who X is" resolves through Wikipedia lookup (647ms)
  ✓  15 [chromium] › tests/demo.spec.js:68:3 › formal-ai demo UI › automatic demo renders a chat exchange (1.9s)
  ✓  18 [chromium] › tests/multilingual.spec.js:240:3 › Wikipedia REST fallback › Russian Wikipedia summary displays decoded Cyrillic URL with encoded href (646ms)
  ✓  19 [chromium] › tests/demo.spec.js:81:3 › formal-ai demo UI › quick prompts sidebar is visible with expected prompts (470ms)
  ✓  20 [chromium] › tests/multilingual.spec.js:275:3 › Wikipedia REST fallback › Кто такой Илон Маск? resolves via surname-first variant (733ms)
  ✓  21 [chromium] › tests/demo.spec.js:92:3 › formal-ai demo UI › chat input and send button are present (530ms)
  ✓  23 [chromium] › tests/demo.spec.js:103:3 › formal-ai demo UI › send button is disabled when input is empty (596ms)
  ✓  22 [chromium] › tests/multilingual.spec.js:318:3 › Wikipedia REST fallback › "what is tesla" resolves via search fallback when direct slug is disambiguation (772ms)
  ✓  24 [chromium] › tests/demo.spec.js:110:3 › formal-ai demo UI › clicking a quick prompt populates the input (573ms)
  ✓  25 [chromium] › tests/multilingual.spec.js:371:3 › Wikipedia REST fallback › Russian typo resolves to the closest Wikipedia match when guessing is preferred (768ms)
  ✓  26 [chromium] › tests/demo.spec.js:119:3 › formal-ai demo UI › sending a greeting produces an assistant reply (576ms)
  ✓  27 [chromium] › tests/multilingual.spec.js:424:3 › Issue #82: assistant behavior settings › settings sidebar exposes ambiguity, temperature, language, skins, and location controls (656ms)
  ✓  28 [chromium] › tests/demo.spec.js:139:3 › formal-ai demo UI › known assistant dialogs include a prefilled issue report link (633ms)
  ✓  29 [chromium] › tests/multilingual.spec.js:450:3 › Issue #82: assistant behavior settings › low ambiguity guessing asks before using a fuzzy Wikipedia match (717ms)
  ✓  30 [chromium] › tests/demo.spec.js:183:3 › formal-ai demo UI › reporting a TypeScript hello world dialog annotates the message with intent and reported (710ms)
  ✓  31 [chromium] › tests/multilingual.spec.js:503:3 › memory export/import › Export memory and Import memory buttons are present (581ms)
  ✓  32 [chromium] › tests/demo.spec.js:216:3 › formal-ai demo UI › asking who are you produces an identity response (775ms)
  ✓  33 [chromium] › tests/multilingual.spec.js:508:3 › memory export/import › Export memory downloads a full formal_ai_bundle by default (R109) (705ms)
  ✓  34 [chromium] › tests/demo.spec.js:234:3 › formal-ai demo UI › unknown prompts include a prefilled missing-rule issue link (616ms)
  ✓  35 [chromium] › tests/multilingual.spec.js:538:3 › memory export/import › Import memory accepts a Links Notation file (564ms)
  ✓  36 [chromium] › tests/demo.spec.js:276:3 › formal-ai demo UI › sending a hello world request produces a code block (646ms)
  ✓  37 [chromium] › tests/multilingual.spec.js:566:3 › memory export/import › Import memory accepts a formal_ai_bundle and reports seed migrations (R110, R111) (537ms)
  ✓  39 [chromium] › tests/multilingual.spec.js:595:3 › memory export/import › Memory module exposes no delete/forget operation (528ms)
  ✓  38 [chromium] › tests/demo.spec.js:297:3 › formal-ai demo UI › pressing Enter submits the message (699ms)
  ✓  40 [chromium] › tests/multilingual.spec.js:614:3 › memory export/import › Issue #27: Download bundle button is removed (duplicate of Export memory) (609ms)
  ✓  41 [chromium] › tests/demo.spec.js:311:3 › formal-ai demo UI › demo mode toggle button is present (508ms)
  ✓  43 [chromium] › tests/demo.spec.js:320:3 › formal-ai demo UI › toggling demo mode disables the input (512ms)
  ✓  42 [chromium] › tests/multilingual.spec.js:622:3 › memory export/import › Issue #27: Export memory does not surface a "Bundled N events + seed" label (683ms)
  ✓  44 [chromium] › tests/demo.spec.js:330:3 › formal-ai demo UI › diagnostics are hidden by default (438ms)
  ✓  45 [chromium] › tests/multilingual.spec.js:633:3 › memory export/import › Issue #27: typing "Export memory" triggers the export button (631ms)
  ✓  47 [chromium] › tests/multilingual.spec.js:646:3 › memory export/import › Issue #27: typing "Export your memory" also triggers the export button (770ms)
  ✓  48 [chromium] › tests/multilingual.spec.js:657:3 › memory export/import › Issue #27: typing "Import memory" opens the file picker (606ms)
  ✓  46 [chromium] › tests/demo.spec.js:337:3 › formal-ai demo UI › diagnostics toggle shows trace, intent, evidence, and thinking steps (2.0s)
  ✓  49 [chromium] › tests/multilingual.spec.js:670:3 › memory export/import › Report issue link is present in the topbar and links to the upload-memory guide (R112 + issue #78) (675ms)
  ✓  50 [chromium] › tests/demo.spec.js:358:3 › formal-ai demo UI › composer does not expose an unused preview control (548ms)
  ✓  51 [chromium] › tests/multilingual.spec.js:694:3 › memory export/import › Tool registry surfaces seed-loaded tools with mode badges (569ms)
  ✓  52 [chromium] › tests/demo.spec.js:365:3 › formal-ai demo UI › demo hint is shown in demo mode and hidden in manual mode (524ms)
  ✓  54 [chromium] › tests/demo.spec.js:376:3 › Issue #94: theme, localization, and report context › honors dark color-scheme preference automatically (505ms)
  ✓  53 [chromium] › tests/multilingual.spec.js:708:3 › memory export/import › Issue #112: tool registry includes all supported tools and localizes descriptions (725ms)
  ✓  55 [chromium] › tests/demo.spec.js:394:3 › Issue #94: theme, localization, and report context › auto-detects Russian UI language from browser preferences (665ms)
  ✓  56 [chromium] › tests/multilingual.spec.js:738:3 › memory export/import › Reasoning steps and tool calls land in the append-only log (642ms)
  ✓  57 [chromium] › tests/demo.spec.js:430:3 › Issue #94: theme, localization, and report context › ships UI dictionaries for all required languages (535ms)
  ✓  58 [chromium] › tests/multilingual.spec.js:759:3 › Issue #27: random greeting variations › English greeting falls within the seeded variant list (670ms)
  ✓  59 [chromium] › tests/demo.spec.js:450:3 › Issue #94: theme, localization, and report context › loads the published lino-i18n runtime for UI translations (466ms)
  ✓  61 [chromium] › tests/demo.spec.js:471:3 › Issue #94: theme, localization, and report context › issue reports include UI, browser, and coarse location context (522ms)
  ✓  60 [chromium] › tests/multilingual.spec.js:772:3 › Issue #27: random greeting variations › disabling variations pins the canonical English greeting (947ms)
  ✓  62 [chromium] › tests/demo.spec.js:490:3 › Issue #94: theme, localization, and report context › toolbar labels switch to icon-only before controls wrap (463ms)
  ✓  64 [chromium] › tests/demo.spec.js:514:3 › Issue #108: mobile composer and configurable input UI › mobile uses a left menu, hides the wordmark, and exposes brand details inside the drawer (494ms)
  ✓  63 [chromium] › tests/multilingual.spec.js:799:3 › Issue #27: summarize skill › "summarize this conversation" returns a structured report (892ms)
  ✓  65 [chromium] › tests/demo.spec.js:535:3 › Issue #108: mobile composer and configurable input UI › focused mobile composer stays in one row and keeps the top menu reachable (583ms)
  ✓  66 [chromium] › tests/multilingual.spec.js:812:3 › Issue #27: summarize skill › single-word "summarize" triggers the skill (765ms)
  ✓  67 [chromium] › tests/demo.spec.js:570:3 › Issue #108: mobile composer and configurable input UI › UI skin, chat style, composer style, and action button are configurable and persisted (559ms)
  ✓  68 [chromium] › tests/multilingual.spec.js:818:3 › Issue #27: summarize skill › Russian "резюме беседы" triggers the skill (676ms)
  ✓  69 [chromium] › tests/demo.spec.js:594:3 › Issue #108: mobile composer and configurable input UI › composer menu exposes attachment and memory actions at the input (542ms)
  ✓  70 [chromium] › tests/multilingual.spec.js:824:3 › Issue #27: summarize skill › Chinese "总结" triggers the skill (697ms)
  ✓  71 [chromium] › tests/demo.spec.js:610:3 › Issue #110: mobile keyboard viewport handling › focused mobile input pins the app shell to the visual viewport offset (593ms)
  ✓  72 [chromium] › tests/multilingual.spec.js:839:3 › Issue #27: agent mode › Chat/Agent toggle is present and starts in Chat (562ms)
  ✓  73 [chromium] › tests/multilingual.spec.js:849:3 › Issue #27: agent mode › Agent mode decomposes a multi-step task and runs each step (674ms)
  ✓  74 [chromium] › tests/multilingual.spec.js:866:3 › Issue #27: agent mode › Agent mode preserves single-step prompts as plain Q&A (766ms)
  ✓  75 [chromium] › tests/multilingual.spec.js:887:3 › Issue #27: mobile layout › topbar buttons collapse to emoji icons on mobile (458ms)
  ✓  76 [chromium] › tests/multilingual.spec.js:898:3 › Issue #27: mobile layout › hamburger toggle opens the full-width sidebar drawer and the close button dismisses it (856ms)
  ✓  77 [chromium] › tests/multilingual.spec.js:922:3 › Issue #27: mobile layout › Issue #112: mobile drawer lists topbar actions before conversations (515ms)
  ✓  78 [chromium] › tests/multilingual.spec.js:941:3 › Issue #27: mobile layout › Issue #112: focused composer grows to content with equal padding and a half-panel cap (543ms)
  ✓  79 [chromium] › tests/multilingual.spec.js:972:3 › Issue #27: mobile layout › chat surface keeps the full viewport when the menu is closed (466ms)
  ✓  80 [chromium] › tests/multilingual.spec.js:1020:3 › Issue #27: conversations sidebar › sending a prompt adds an entry to the conversation list (692ms)
  ✓  81 [chromium] › tests/multilingual.spec.js:1029:3 › Issue #27: conversations sidebar › "+ New conversation" clears the transcript and starts a fresh thread (692ms)
  ✓  82 [chromium] › tests/multilingual.spec.js:1044:3 › Issue #27: conversations sidebar › the last conversation is restored after reloading the page (693ms)
  ✓  83 [chromium] › tests/multilingual.spec.js:1058:3 › Issue #27: conversations sidebar › Issue #112: deleting a conversation soft-hides it behind the deleted view (859ms)
  ✓  84 [chromium] › tests/multilingual.spec.js:1094:3 › Issue #27: demo iterates Example prompts › demo messages carry a label that matches an Example prompts entry (473ms)
  ✓  85 [chromium] › tests/multilingual.spec.js:1118:3 › Issue #27: demo iterates Example prompts › Issue #112: Example prompts cover every supported prompt family (546ms)
  ✓  86 [chromium] › tests/multilingual.spec.js:1155:3 › Issue #27: sidebar accordion › expanded sidebar sections share the available height equally (549ms)
  ✓  87 [chromium] › tests/multilingual.spec.js:1174:3 › Issue #27: sidebar accordion › each section body scrolls independently when content overflows (595ms)
  ✓  88 [chromium] › tests/multilingual.spec.js:1190:3 › Issue #27: sidebar accordion › collapsing a section gives its space to the remaining expanded sections (852ms)
  ✓  89 [chromium] › tests/multilingual.spec.js:1239:3 › Issue #27: cross-conversation recall › "When did I ask about X" lists matches grouped by conversation (934ms)
  ✓  90 [chromium] › tests/multilingual.spec.js:1256:3 › Issue #27: cross-conversation recall › "find X in another conversation" excludes the current conversation (1.3s)
  ✓  91 [chromium] › tests/multilingual.spec.js:1273:3 › Issue #27: cross-conversation recall › recall with no matches reports a clear "no mentions" message (854ms)
  ✓  92 [chromium] › tests/multilingual.spec.js:1280:3 › Issue #27: cross-conversation recall › Russian phrasing "Когда я спрашивал про X" triggers the recall skill (871ms)

  92 passed (43.7s)
