
> formal-ai-e2e@1.0.0 test:local
> playwright test --config=playwright.local.config.js

[2m[WebServer] [22m(node:993997) Warning: The 'NO_COLOR' env is ignored due to the 'FORCE_COLOR' env being set.
[2m[WebServer] [22m(Use `node --trace-warnings ...` to show where the warning was created)

Running 87 tests using 2 workers

  ✓   1 [chromium] › tests/demo.spec.js:41:3 › formal-ai demo UI › page title is formal-ai (567ms)
  ✓   2 [chromium] › tests/multilingual.spec.js:85:3 › multilingual chat surface › Russian greeting replies in Russian (791ms)
  ✓   3 [chromium] › tests/demo.spec.js:45:3 › formal-ai demo UI › brand header is visible (450ms)
  ✓   4 [chromium] › tests/multilingual.spec.js:91:3 › multilingual chat surface › Russian combined greeting and identity question replies with identity (619ms)
  ✓   6 [chromium] › tests/multilingual.spec.js:98:3 › multilingual chat surface › Hindi greeting replies in Hindi (598ms)
  ✓   7 [chromium] › tests/multilingual.spec.js:104:3 › multilingual chat surface › Chinese identity question replies in Chinese (554ms)
  ✓   8 [chromium] › tests/multilingual.spec.js:111:3 › multilingual chat surface › single-variable equations resolve as calculations (549ms)
  ✓   9 [chromium] › tests/multilingual.spec.js:117:3 › multilingual chat surface › Russian word-number arithmetic resolves as a calculation (530ms)
  ✓  10 [chromium] › tests/multilingual.spec.js:123:3 › multilingual chat surface › Russian "What is X?" returns the offline concept summary (552ms)
  ✓  11 [chromium] › tests/multilingual.spec.js:129:3 › multilingual chat surface › Chinese "X 是什么?" returns the offline concept summary (598ms)
  ✓  12 [chromium] › tests/multilingual.spec.js:135:3 › multilingual chat surface › punctuation-only prompt asks for clarification (531ms)
  ✓  13 [chromium] › tests/multilingual.spec.js:145:3 › multilingual chat surface › Russian "what is KISS in programming" returns the design principle, not the band (546ms)
  ✓  14 [chromium] › tests/multilingual.spec.js:161:3 › Wikipedia REST fallback › "What is X?" for an out-of-corpus term fetches a Wikipedia summary (593ms)
  ✓  15 [chromium] › tests/multilingual.spec.js:187:3 › Wikipedia REST fallback › "Tell me, who is X" resolves through Wikipedia lookup (607ms)
  ✓   5 [chromium] › tests/demo.spec.js:50:3 › formal-ai demo UI › demo mode starts automatically and exposes a live countdown (6.5s)
  ✓  16 [chromium] › tests/multilingual.spec.js:212:3 › Wikipedia REST fallback › "Who X is" resolves through Wikipedia lookup (648ms)
  ✓  18 [chromium] › tests/multilingual.spec.js:240:3 › Wikipedia REST fallback › Russian Wikipedia summary displays decoded Cyrillic URL with encoded href (673ms)
  ✓  17 [chromium] › tests/demo.spec.js:68:3 › formal-ai demo UI › automatic demo renders a chat exchange (1.3s)
  ✓  19 [chromium] › tests/multilingual.spec.js:275:3 › Wikipedia REST fallback › Кто такой Илон Маск? resolves via surname-first variant (569ms)
  ✓  20 [chromium] › tests/demo.spec.js:81:3 › formal-ai demo UI › quick prompts sidebar is visible with expected prompts (421ms)
  ✓  21 [chromium] › tests/multilingual.spec.js:318:3 › Wikipedia REST fallback › "what is tesla" resolves via search fallback when direct slug is disambiguation (679ms)
  ✓  22 [chromium] › tests/demo.spec.js:92:3 › formal-ai demo UI › chat input and send button are present (594ms)
  ✓  24 [chromium] › tests/demo.spec.js:103:3 › formal-ai demo UI › send button is disabled when input is empty (523ms)
  ✓  23 [chromium] › tests/multilingual.spec.js:371:3 › Wikipedia REST fallback › Russian typo resolves to the closest Wikipedia match when guessing is preferred (692ms)
  ✓  25 [chromium] › tests/demo.spec.js:110:3 › formal-ai demo UI › clicking a quick prompt populates the input (514ms)
  ✓  26 [chromium] › tests/multilingual.spec.js:424:3 › Issue #82: assistant behavior settings › settings sidebar exposes ambiguity, temperature, language, skins, and location controls (621ms)
  ✓  27 [chromium] › tests/demo.spec.js:119:3 › formal-ai demo UI › sending a greeting produces an assistant reply (581ms)
  ✓  28 [chromium] › tests/multilingual.spec.js:450:3 › Issue #82: assistant behavior settings › low ambiguity guessing asks before using a fuzzy Wikipedia match (620ms)
  ✓  29 [chromium] › tests/demo.spec.js:139:3 › formal-ai demo UI › known assistant dialogs include a prefilled issue report link (569ms)
  ✓  30 [chromium] › tests/multilingual.spec.js:503:3 › memory export/import › Export memory and Import memory buttons are present (481ms)
  ✓  31 [chromium] › tests/demo.spec.js:183:3 › formal-ai demo UI › reporting a TypeScript hello world dialog annotates the message with intent and reported (704ms)
  ✓  32 [chromium] › tests/multilingual.spec.js:508:3 › memory export/import › Export memory downloads a full formal_ai_bundle by default (R109) (659ms)
  ✓  34 [chromium] › tests/multilingual.spec.js:538:3 › memory export/import › Import memory accepts a Links Notation file (570ms)
  ✓  33 [chromium] › tests/demo.spec.js:216:3 › formal-ai demo UI › asking who are you produces an identity response (614ms)
  ✓  35 [chromium] › tests/multilingual.spec.js:566:3 › memory export/import › Import memory accepts a formal_ai_bundle and reports seed migrations (R110, R111) (563ms)
  ✓  36 [chromium] › tests/demo.spec.js:234:3 › formal-ai demo UI › unknown prompts include a prefilled missing-rule issue link (729ms)
  ✓  37 [chromium] › tests/multilingual.spec.js:595:3 › memory export/import › Memory module exposes no delete/forget operation (501ms)
  ✓  38 [chromium] › tests/demo.spec.js:276:3 › formal-ai demo UI › sending a hello world request produces a code block (614ms)
  ✓  39 [chromium] › tests/multilingual.spec.js:614:3 › memory export/import › Issue #27: Download bundle button is removed (duplicate of Export memory) (618ms)
  ✓  40 [chromium] › tests/demo.spec.js:297:3 › formal-ai demo UI › pressing Enter submits the message (549ms)
  ✓  41 [chromium] › tests/multilingual.spec.js:622:3 › memory export/import › Issue #27: Export memory does not surface a "Bundled N events + seed" label (633ms)
  ✓  42 [chromium] › tests/demo.spec.js:311:3 › formal-ai demo UI › demo mode toggle button is present (475ms)
  ✓  44 [chromium] › tests/demo.spec.js:320:3 › formal-ai demo UI › toggling demo mode disables the input (535ms)
  ✓  43 [chromium] › tests/multilingual.spec.js:633:3 › memory export/import › Issue #27: typing "Export memory" triggers the export button (600ms)
  ✓  45 [chromium] › tests/demo.spec.js:330:3 › formal-ai demo UI › diagnostics are hidden by default (487ms)
  ✓  46 [chromium] › tests/multilingual.spec.js:646:3 › memory export/import › Issue #27: typing "Export your memory" also triggers the export button (566ms)
  ✓  48 [chromium] › tests/multilingual.spec.js:657:3 › memory export/import › Issue #27: typing "Import memory" opens the file picker (524ms)
  ✓  49 [chromium] › tests/multilingual.spec.js:670:3 › memory export/import › Report issue link is present in the topbar and links to the upload-memory guide (R112 + issue #78) (513ms)
  ✓  50 [chromium] › tests/multilingual.spec.js:694:3 › memory export/import › Tool registry surfaces seed-loaded tools with mode badges (513ms)
  ✓  47 [chromium] › tests/demo.spec.js:337:3 › formal-ai demo UI › diagnostics toggle shows trace, intent, evidence, and thinking steps (1.8s)
  ✓  51 [chromium] › tests/multilingual.spec.js:708:3 › memory export/import › Reasoning steps and tool calls land in the append-only log (563ms)
  ✓  52 [chromium] › tests/demo.spec.js:358:3 › formal-ai demo UI › composer does not expose an unused preview control (621ms)
  ✓  53 [chromium] › tests/multilingual.spec.js:729:3 › Issue #27: random greeting variations › English greeting falls within the seeded variant list (574ms)
  ✓  54 [chromium] › tests/demo.spec.js:365:3 › formal-ai demo UI › demo hint is shown in demo mode and hidden in manual mode (546ms)
  ✓  56 [chromium] › tests/demo.spec.js:376:3 › Issue #94: theme, localization, and report context › honors dark color-scheme preference automatically (573ms)
  ✓  55 [chromium] › tests/multilingual.spec.js:742:3 › Issue #27: random greeting variations › disabling variations pins the canonical English greeting (974ms)
  ✓  57 [chromium] › tests/demo.spec.js:394:3 › Issue #94: theme, localization, and report context › auto-detects Russian UI language from browser preferences (505ms)
  ✓  59 [chromium] › tests/demo.spec.js:430:3 › Issue #94: theme, localization, and report context › ships UI dictionaries for all required languages (597ms)
  ✓  58 [chromium] › tests/multilingual.spec.js:769:3 › Issue #27: summarize skill › "summarize this conversation" returns a structured report (1.1s)
  ✓  60 [chromium] › tests/demo.spec.js:450:3 › Issue #94: theme, localization, and report context › loads the published lino-i18n runtime for UI translations (520ms)
  ✓  61 [chromium] › tests/multilingual.spec.js:782:3 › Issue #27: summarize skill › single-word "summarize" triggers the skill (792ms)
  ✓  62 [chromium] › tests/demo.spec.js:471:3 › Issue #94: theme, localization, and report context › issue reports include UI, browser, and coarse location context (559ms)
  ✓  64 [chromium] › tests/demo.spec.js:490:3 › Issue #94: theme, localization, and report context › toolbar labels switch to icon-only before controls wrap (487ms)
  ✓  63 [chromium] › tests/multilingual.spec.js:788:3 › Issue #27: summarize skill › Russian "резюме беседы" triggers the skill (929ms)
  ✓  65 [chromium] › tests/demo.spec.js:514:3 › Issue #108: mobile composer and configurable input UI › mobile uses a left menu, hides the wordmark, and exposes brand details inside the drawer (520ms)
  ✓  66 [chromium] › tests/multilingual.spec.js:794:3 › Issue #27: summarize skill › Chinese "总结" triggers the skill (639ms)
  ✓  67 [chromium] › tests/demo.spec.js:535:3 › Issue #108: mobile composer and configurable input UI › focused mobile composer stays in one row and keeps the top menu reachable (689ms)
  ✓  68 [chromium] › tests/multilingual.spec.js:809:3 › Issue #27: agent mode › Chat/Agent toggle is present and starts in Chat (549ms)
  ✓  69 [chromium] › tests/demo.spec.js:570:3 › Issue #108: mobile composer and configurable input UI › UI skin, chat style, composer style, and action button are configurable and persisted (514ms)
  ✓  70 [chromium] › tests/multilingual.spec.js:819:3 › Issue #27: agent mode › Agent mode decomposes a multi-step task and runs each step (648ms)
  ✓  71 [chromium] › tests/demo.spec.js:594:3 › Issue #108: mobile composer and configurable input UI › composer menu exposes attachment and memory actions at the input (557ms)
  ✓  72 [chromium] › tests/multilingual.spec.js:836:3 › Issue #27: agent mode › Agent mode preserves single-step prompts as plain Q&A (610ms)
  ✓  73 [chromium] › tests/demo.spec.js:610:3 › Issue #110: mobile keyboard viewport handling › focused mobile input pins the app shell to the visual viewport offset (512ms)
  ✓  74 [chromium] › tests/multilingual.spec.js:857:3 › Issue #27: mobile layout › topbar buttons collapse to emoji icons on mobile (714ms)
  ✓  75 [chromium] › tests/multilingual.spec.js:868:3 › Issue #27: mobile layout › hamburger toggle opens the sidebar drawer and the backdrop closes it (963ms)
  ✓  76 [chromium] › tests/multilingual.spec.js:896:3 › Issue #27: mobile layout › chat surface keeps the full viewport when the menu is closed (485ms)
  ✓  77 [chromium] › tests/multilingual.spec.js:944:3 › Issue #27: conversations sidebar › sending a prompt adds an entry to the conversation list (616ms)
  ✓  78 [chromium] › tests/multilingual.spec.js:953:3 › Issue #27: conversations sidebar › "+ New conversation" clears the transcript and starts a fresh thread (864ms)
  ✓  79 [chromium] › tests/multilingual.spec.js:968:3 › Issue #27: conversations sidebar › the last conversation is restored after reloading the page (871ms)
  ✓  80 [chromium] › tests/multilingual.spec.js:992:3 › Issue #27: demo iterates Example prompts › demo messages carry a label that matches an Example prompts entry (479ms)
  ✓  81 [chromium] › tests/multilingual.spec.js:1028:3 › Issue #27: sidebar accordion › expanded sidebar sections share the available height equally (776ms)
  ✓  82 [chromium] › tests/multilingual.spec.js:1047:3 › Issue #27: sidebar accordion › each section body scrolls independently when content overflows (654ms)
  ✓  83 [chromium] › tests/multilingual.spec.js:1063:3 › Issue #27: sidebar accordion › collapsing a section gives its space to the remaining expanded sections (538ms)
  ✓  84 [chromium] › tests/multilingual.spec.js:1112:3 › Issue #27: cross-conversation recall › "When did I ask about X" lists matches grouped by conversation (919ms)
  ✓  85 [chromium] › tests/multilingual.spec.js:1129:3 › Issue #27: cross-conversation recall › "find X in another conversation" excludes the current conversation (788ms)
  ✓  86 [chromium] › tests/multilingual.spec.js:1146:3 › Issue #27: cross-conversation recall › recall with no matches reports a clear "no mentions" message (727ms)
  ✓  87 [chromium] › tests/multilingual.spec.js:1153:3 › Issue #27: cross-conversation recall › Russian phrasing "Когда я спрашивал про X" triggers the recall skill (663ms)

  87 passed (38.1s)
