
> formal-ai-e2e@1.0.0 test:local
> playwright test --config=playwright.local.config.js

[2m[WebServer] [22m(node:202647) Warning: The 'NO_COLOR' env is ignored due to the 'FORCE_COLOR' env being set.
[2m[WebServer] [22m(Use `node --trace-warnings ...` to show where the warning was created)

Running 194 tests using 3 workers

  ✓    2 [chromium] › tests/demo.spec.js:71:3 › formal-ai demo UI › page title is formal-ai (638ms)
  ✓    1 [chromium] › tests/connectivity.spec.js:12:3 › formal-ai connectivity diagnostics › renders search engines, public knowledge APIs, and proxy controls (706ms)
  ✓    3 [chromium] › tests/issue-135.spec.js:44:3 › Issue #135 Playwright script prompt › reported Russian prompt returns a Playwright starter script (1.0s)
  ✓    4 [chromium] › tests/demo.spec.js:75:3 › formal-ai demo UI › brand header is visible (411ms)
  ✓    5 [chromium] › tests/connectivity.spec.js:39:3 › formal-ai connectivity diagnostics › lists dictionary page sources for proxy-based connectivity checks (467ms)
  ✓    6 [chromium] › tests/issue-153.spec.js:117:3 › Issue #153 — search UX, formalization, and dedupe › top menu uses a lab emoji for the diagnostics toggle (924ms)
  ✓    8 [chromium] › tests/connectivity.spec.js:54:3 › formal-ai connectivity diagnostics › fetches a CORS-readable public knowledge API directly (865ms)
  ✓    9 [chromium] › tests/issue-153.spec.js:123:3 › Issue #153 — search UX, formalization, and dedupe › top menu links to the GitHub source code (722ms)
  ✓   10 [chromium] › tests/connectivity.spec.js:83:3 › formal-ai connectivity diagnostics › records blocked direct page fetches without hiding iframe diagnostics (675ms)
  ✓   12 [chromium] › tests/connectivity.spec.js:100:3 › formal-ai connectivity diagnostics › routes fetches through the configured web-capture proxy (636ms)
  ✓   11 [chromium] › tests/issue-153.spec.js:132:3 › Issue #153 — search UX, formalization, and dedupe › "New conversation" button is disabled until the chat has content (807ms)
  ✓   13 [chromium] › tests/connectivity.spec.js:126:3 › formal-ai connectivity diagnostics › opens and expands iframe diagnostics for a page endpoint (529ms)
  ✓   14 [chromium] › tests/issue-153.spec.js:147:3 › Issue #153 — search UX, formalization, and dedupe › sidebar can be collapsed and expanded (597ms)
  ✓   15 [chromium] › tests/issue-157.spec.js:35:3 › Issue #157 — Formal AI creator prompt › Russian creator question resolves through the worker seed facts (559ms)
  ✓   16 [chromium] › tests/issue-153.spec.js:181:3 › Issue #153 — search UX, formalization, and dedupe › left menu actions section can be collapsed like the other sidebar sections (483ms)
  ✓   17 [chromium] › tests/issue-180.spec.js:130:3 › Issue #180 — always-on deformalize step › greeting prompt emits a deformalize step as the last reasoning step (567ms)
  ✓   19 [chromium] › tests/issue-180.spec.js:147:3 › Issue #180 — always-on deformalize step › unknown prompt still ends with deformalize (562ms)
  ✓    7 [chromium] › tests/demo.spec.js:80:3 › formal-ai demo UI › demo mode starts automatically and exposes a live countdown (5.8s)
  ✓   21 [chromium] › tests/demo.spec.js:98:3 › formal-ai demo UI › automatic demo renders a chat exchange (1.2s)
  ✓   18 [chromium] › tests/issue-153.spec.js:196:3 › Issue #153 — search UX, formalization, and dedupe › diagnostics shows the SVO formalization view with @USER + OP:* + Q-id (3.5s)
  ✓   22 [chromium] › tests/demo.spec.js:111:3 › formal-ai demo UI › quick prompts sidebar is visible with expected prompts (316ms)
  ✓   20 [chromium] › tests/issue-180.spec.js:159:3 › Issue #180 — always-on deformalize step › web_search emits formalize_resolved followed by deformalize (2.9s)
  ✓   24 [chromium] › tests/demo.spec.js:122:3 › formal-ai demo UI › chat input and send button are present (430ms)
  ✓   26 [chromium] › tests/demo.spec.js:133:3 › formal-ai demo UI › send button is disabled when input is empty (361ms)
  ✓   27 [chromium] › tests/demo.spec.js:140:3 › formal-ai demo UI › clicking a quick prompt populates the input (343ms)
  ✓   28 [chromium] › tests/demo.spec.js:149:3 › formal-ai demo UI › sending a greeting produces an assistant reply (458ms)
  ✓   23 [chromium] › tests/issue-153.spec.js:231:3 › Issue #153 — search UX, formalization, and dedupe › search results dedupe cross-provider entries by Wikidata sitelinks (2.0s)
  ✓   29 [chromium] › tests/demo.spec.js:169:3 › formal-ai demo UI › known assistant dialogs include a prefilled issue report link (494ms)
  ✓   31 [chromium] › tests/demo.spec.js:215:3 › formal-ai demo UI › reporting a TypeScript hello world dialog annotates the message with intent and reported (502ms)
  ✓   32 [chromium] › tests/demo.spec.js:248:3 › formal-ai demo UI › asking who are you produces an identity response (448ms)
  ✓   33 [chromium] › tests/demo.spec.js:266:3 › formal-ai demo UI › assistant name prompts answer and respect the configured name (804ms)
  ✓   25 [chromium] › tests/issue-180.spec.js:200:3 › Issue #212 — Russian web-search word order › Найди яблоко в интернете routes to web_search instead of unknown (3.9s)
  ✓   35 [chromium] › tests/issue-193.spec.js:19:3 › Issue #193 bundled web runtime › starts and translates UI when external JavaScript CDNs are unavailable (364ms)
  ✓   34 [chromium] › tests/demo.spec.js:291:3 › formal-ai demo UI › polite small-talk follow-up does not fall through to unknown (599ms)
  ✓   30 [chromium] › tests/issue-153.spec.js:251:3 › Issue #153 — search UX, formalization, and dedupe › DuckDuckGo provider contributes results (regression: signature mismatch) (2.9s)
  ✓   36 [chromium] › tests/issue-205.spec.js:22:3 › Issue #205 optional OCR image attachments › keeps OCR out of the initial page and exposes an explicit data warning (397ms)
  ✓   37 [chromium] › tests/demo.spec.js:303:3 › formal-ai demo UI › courtesy response can leave initiative with the user (736ms)
  ✓   39 [chromium] › tests/issue-205.spec.js:40:3 › Issue #205 optional OCR image attachments › when enabled, image attachments export base64 and OCR text in memory (713ms)
  ✓   38 [chromium] › tests/issue-153.spec.js:300:3 › Issue #153 — search UX, formalization, and dedupe › priority-based topbar overflow never clips actions and keeps Bug reporting visible at 375px (956ms)
  ✓   41 [chromium] › tests/issue-209.spec.js:39:3 › Issue #209 prime proof prompts › answers compact multilingual proof requests with Euclid proof (1.1s)
  ✓   43 [chromium] › tests/issue-210.spec.js:39:3 › Issue #210 Russian translation prompts › translate quoted Russian prompts instead of identity, capabilities, or placeholders (1.5s)
  ✓   44 [chromium] › tests/issue-218.spec.js:47:3 › Issue #218 apple/яблоко translation prompts › #216 — translate apple to russian without quotes (454ms)
  ✓   45 [chromium] › tests/issue-218.spec.js:54:3 › Issue #218 apple/яблоко translation prompts › #216 — Translate Apple to Russian preserves capitalization (434ms)
  ✓   42 [chromium] › tests/issue-153.spec.js:416:3 › Issue #153 — search UX, formalization, and dedupe › search header is localized when the UI language is Russian (3.5s)
  ✓   40 [chromium] › tests/demo.spec.js:315:3 › formal-ai demo UI › reported prompt examples resolve through the browser worker (4.5s)
  ✓   46 [chromium] › tests/issue-218.spec.js:60:3 › Issue #218 apple/яблоко translation prompts › #216 — unquoted apple covers all supported target languages (772ms)
  ✓   48 [chromium] › tests/demo.spec.js:397:3 › formal-ai demo UI › Owlbear extension request returns a software project plan (552ms)
  ✓   49 [chromium] › tests/issue-218.spec.js:75:3 › Issue #218 apple/яблоко translation prompts › native Hindi and Chinese translation prompts work without quotes (619ms)
  ✓   50 [chromium] › tests/demo.spec.js:429:3 › formal-ai demo UI › unknown prompts include a prefilled missing-rule issue link (494ms)
  ✓   51 [chromium] › tests/issue-218.spec.js:85:3 › Issue #218 apple/яблоко translation prompts › #217 — single Russian noun quoted with ASCII quotes (484ms)
  ✓   53 [chromium] › tests/issue-218.spec.js:92:3 › Issue #218 apple/яблоко translation prompts › #217 — single Russian noun quoted with chevron quotes (490ms)
  ✓   47 [chromium] › tests/issue-153.spec.js:441:3 › Issue #153 — search UX, formalization, and dedupe › Russian information-search phrasing routes to web search (2.4s)
  ✓   54 [chromium] › tests/issue-218.spec.js:98:3 › Issue #218 apple/яблоко translation prompts › round-trip: ru→en→ru lands on the original noun (625ms)
  ✓   52 [chromium] › tests/demo.spec.js:475:3 › formal-ai demo UI › behavior rules can be listed, inspected, and updated through chat (1.3s)
  ✓   57 [chromium] › tests/demo.spec.js:504:3 › formal-ai demo UI › sending a hello world request produces a code block (484ms)
  ✓   58 [chromium] › tests/demo.spec.js:525:3 › formal-ai demo UI › pressing Enter submits the message (419ms)
  ✓   59 [chromium] › tests/demo.spec.js:539:3 › formal-ai demo UI › demo mode toggle button is present (321ms)
  ✓   60 [chromium] › tests/demo.spec.js:548:3 › formal-ai demo UI › toggling demo mode disables the input (430ms)
  ✓   61 [chromium] › tests/demo.spec.js:558:3 › formal-ai demo UI › diagnostics are hidden by default (275ms)
  ✓   62 [chromium] › tests/demo.spec.js:565:3 › formal-ai demo UI › diagnostics toggle shows trace, intent, evidence, and thinking steps (1.7s)
  ✓   63 [chromium] › tests/demo.spec.js:586:3 › formal-ai demo UI › message commands configure UI controls (532ms)
  ✓   56 [chromium] › tests/issue-221.spec.js:49:3 › Issue #221 common-noun translation › quoted Russian common nouns translate to English (5.2s)
  ✓   65 [chromium] › tests/issue-221.spec.js:65:3 › Issue #221 common-noun translation › quoted English common nouns translate to Russian (4.7s)
  ✓   64 [chromium] › tests/demo.spec.js:599:3 › formal-ai demo UI › Issue #226: quoted language prose is not a UI language command across supported languages (7.0s)
  ✓   67 [chromium] › tests/demo.spec.js:638:3 › formal-ai demo UI › composer does not expose an unused preview control (361ms)
  ✓   68 [chromium] › tests/demo.spec.js:645:3 › formal-ai demo UI › demo hint is shown in demo mode and hidden in manual mode (337ms)
  ✓   69 [chromium] › tests/demo.spec.js:656:3 › Issue #94: theme, localization, and report context › honors dark color-scheme preference automatically (302ms)
  ✓   70 [chromium] › tests/demo.spec.js:674:3 › Issue #94: theme, localization, and report context › auto-detects Russian UI language from browser preferences (382ms)
  ✓   71 [chromium] › tests/demo.spec.js:710:3 › Issue #94: theme, localization, and report context › ships UI dictionaries for all required languages (257ms)
  ✓   72 [chromium] › tests/demo.spec.js:733:3 › Issue #94: theme, localization, and report context › loads the published lino-i18n runtime for UI translations (254ms)
  ✓   73 [chromium] › tests/demo.spec.js:754:3 › Issue #94: theme, localization, and report context › loads the nested Links Notation catalog with generated parent labels (274ms)
  ✓   66 [chromium] › tests/issue-221.spec.js:80:3 › Issue #221 common-noun translation › unquoted common-noun prompts work in both directions (3.8s)
  ✓   74 [chromium] › tests/demo.spec.js:782:3 › Issue #94: theme, localization, and report context › issue reports include UI, browser, and coarse location context (388ms)
  ✓   76 [chromium] › tests/demo.spec.js:821:3 › Issue #94: theme, localization, and report context › prefilled issue URL stays below GitHub 8KB cap with a long dialog (1.5s)
  ✓   75 [chromium] › tests/issue-221.spec.js:94:3 › Issue #221 common-noun translation › Russian inflected forms resolve to the lemma translation (1.8s)
  ✓   77 [chromium] › tests/demo.spec.js:857:3 › Issue #94: theme, localization, and report context › toolbar labels switch to icon-only before controls wrap (322ms)
  ✓   79 [chromium] › tests/demo.spec.js:881:3 › Issue #108: mobile composer and configurable input UI › mobile uses a left menu, hides the wordmark, and exposes brand details inside the drawer (350ms)
  ✓   80 [chromium] › tests/demo.spec.js:902:3 › Issue #108: mobile composer and configurable input UI › focused mobile composer stays in one row and keeps the top menu reachable (408ms)
  ✓   55 [chromium] › tests/issue-153.spec.js:459:3 › Issue #153 — search UX, formalization, and dedupe › multilingual information-search phrasings route to web search (17.2s)
  ✓   81 [chromium] › tests/demo.spec.js:937:3 › Issue #108: mobile composer and configurable input UI › UI skin, chat style, composer style, and action button are configurable and persisted (462ms)
  ✓   82 [chromium] › tests/issue-223.spec.js:51:3 › Issue #223 - pandas join method docs summary › pandas join-method prompt returns an official-docs answer (661ms)
  ✓   83 [chromium] › tests/demo.spec.js:961:3 › Issue #108: mobile composer and configurable input UI › composer menu exposes attachment and memory actions at the input (384ms)
  ✓   78 [chromium] › tests/issue-221.spec.js:103:3 › Issue #221 common-noun translation › round-trip: tomato → помидор → tomato (2.1s)
  ✓   85 [chromium] › tests/demo.spec.js:984:3 › Issue #136: desktop sidebar sizing › tool cards fit inside the sidebar without horizontal overflow (405ms)
  ✓   84 [chromium] › tests/issue-224.spec.js:134:3 › Issue #224 — implicit research questions use web search › translation-quality dataset question routes to web_search (829ms)
  ✓   87 [chromium] › tests/demo.spec.js:1026:3 › Issue #136: desktop sidebar sizing › desktop sidebar can be resized with the separator (486ms)
  ✓   89 [chromium] › tests/demo.spec.js:1053:3 › Issue #110: mobile keyboard viewport handling › focused mobile input pins the app shell to the visual viewport offset (521ms)
  ✓   86 [chromium] › tests/issue-228.spec.js:162:3 › Issue #228 — enumeration research requests use web search › Genshin off-field damage enumeration prompts route to web_search (1.6s)
  ✓   90 [chromium] › tests/issue-242.spec.js:104:3 › Issue #242 dictionary lookup prompt recovery › malformed meaning question extracts the term and falls back to Wiktionary (603ms)
  ✓   88 [chromium] › tests/issue-230.spec.js:43:3 › Issue #230 Russian search-phrase translation › reported quoted phrase translates instead of using a placeholder (1.4s)
  ✓   91 [chromium] › tests/multilingual.spec.js:267:3 › multilingual chat surface › Russian greeting replies in Russian (587ms)
  ✓   94 [chromium] › tests/multilingual.spec.js:273:3 › multilingual chat surface › how-are-you small talk replies as a greeting across languages (761ms)
  ✓   92 [chromium] › tests/issue-242.spec.js:119:3 › Issue #242 dictionary lookup prompt recovery › supported-language meaning prompts still reach dictionary fallback (1.2s)
  ✓   95 [chromium] › tests/multilingual.spec.js:289:3 › multilingual chat surface › Russian combined greeting and identity question replies with identity (422ms)
  ✓   96 [chromium] › tests/multilingual.spec.js:296:3 › multilingual chat surface › behavior-rule list possessive phrasing shows rules across supported languages (818ms)
  ✓   97 [chromium] › tests/multilingual.spec.js:313:3 › multilingual chat surface › Hindi greeting replies in Hindi (401ms)
  ✓   93 [chromium] › tests/issue-230.spec.js:53:3 › Issue #230 Russian search-phrase translation › unknown translation gaps are explicit for every supported target language (2.8s)
  ✓   98 [chromium] › tests/multilingual.spec.js:319:3 › multilingual chat surface › Chinese identity question replies in Chinese (441ms)
  ✓   99 [chromium] › tests/multilingual.spec.js:326:3 › multilingual chat surface › single-variable equations resolve as calculations (382ms)
  ✓  100 [chromium] › tests/multilingual.spec.js:332:3 › multilingual chat surface › polite arithmetic action resolves as a calculation (435ms)
  ✓  101 [chromium] › tests/multilingual.spec.js:339:3 › multilingual chat surface › misspelled calculate action resolves as a calculation with interpretation (637ms)
  ✓  102 [chromium] › tests/multilingual.spec.js:362:3 › multilingual chat surface › Russian word-number arithmetic resolves as a calculation (402ms)
  ✓  103 [chromium] › tests/multilingual.spec.js:368:3 › multilingual chat surface › Russian currency conversion resolves as a calculation (393ms)
  ✓  104 [chromium] › tests/multilingual.spec.js:375:3 › multilingual chat surface › Russian weekday relation resolves through calendar reasoning (426ms)
  ✓  105 [chromium] › tests/multilingual.spec.js:382:3 › multilingual chat surface › current-day questions resolve through calendar reasoning across supported languages (702ms)
  ✓  106 [chromium] › tests/multilingual.spec.js:406:3 › multilingual chat surface › percentage-of-currency prompt resolves as a calculation before Wikipedia fallback (454ms)
  ✓  107 [chromium] › tests/multilingual.spec.js:449:3 › multilingual chat surface › Russian "What is X?" returns the offline concept summary (461ms)
  ✓  108 [chromium] › tests/multilingual.spec.js:455:3 › multilingual chat surface › Issue #184: OpenStreerMap typo resolves through Wikipedia fuzzy search across supported languages (938ms)
  ✓  109 [chromium] › tests/multilingual.spec.js:549:3 › multilingual chat surface › Issue #182: BSD ports prompts across supported languages do not fall through to OpenBSD (764ms)
  ✓  110 [chromium] › tests/multilingual.spec.js:622:3 › multilingual chat surface › Issue #182: context Wikipedia search rejects a title that only matches the context (493ms)
  ✓  111 [chromium] › tests/multilingual.spec.js:685:3 › multilingual chat surface › Issue #159: Russian Hive Mind prompt prefers link-assistant project and still searches the web (2.8s)
  ✓  112 [chromium] › tests/multilingual.spec.js:764:3 › multilingual chat surface › Chinese "X 是什么?" returns the offline concept summary (491ms)
  ✓  113 [chromium] › tests/multilingual.spec.js:770:3 › multilingual chat surface › Russian capital-of-Russia prompt returns the seeded fact answer (414ms)
  ✓  114 [chromium] › tests/multilingual.spec.js:796:5 › multilingual chat surface › fact-query pipeline resolves: What is the capital of France? (412ms)
  ✓  115 [chromium] › tests/multilingual.spec.js:796:5 › multilingual chat surface › fact-query pipeline resolves: What is the capital of Germany? (389ms)
  ✓  116 [chromium] › tests/multilingual.spec.js:796:5 › multilingual chat surface › fact-query pipeline resolves: What is the capital of China? (412ms)
  ✓  117 [chromium] › tests/multilingual.spec.js:796:5 › multilingual chat surface › fact-query pipeline resolves: What is the capital of India? (385ms)
  ✓  118 [chromium] › tests/multilingual.spec.js:796:5 › multilingual chat surface › fact-query pipeline resolves: What is the capital of the United States? (421ms)
  ✓  119 [chromium] › tests/multilingual.spec.js:796:5 › multilingual chat surface › fact-query pipeline resolves: What is the capital of the UK? (408ms)
  ✓  120 [chromium] › tests/multilingual.spec.js:796:5 › multilingual chat surface › fact-query pipeline resolves: What is the capital of Brazil? (433ms)
  ✓  121 [chromium] › tests/multilingual.spec.js:796:5 › multilingual chat surface › fact-query pipeline resolves: Столица Германии (453ms)
  ✓  122 [chromium] › tests/multilingual.spec.js:796:5 › multilingual chat surface › fact-query pipeline resolves: Столица Франции (463ms)
  ✓  123 [chromium] › tests/multilingual.spec.js:796:5 › multilingual chat surface › fact-query pipeline resolves: 中国的首都是什么? (450ms)
  ✓  124 [chromium] › tests/multilingual.spec.js:796:5 › multilingual chat surface › fact-query pipeline resolves: भारत की राजधानी क्या है? (440ms)
  ✓  125 [chromium] › tests/multilingual.spec.js:804:3 › multilingual chat surface › merged Wikipedia definitions combine localized seed summaries (462ms)
  ✓  126 [chromium] › tests/multilingual.spec.js:813:3 › multilingual chat surface › definition fusion setting merges plain definition prompts (460ms)
  ✓  127 [chromium] › tests/multilingual.spec.js:821:3 › multilingual chat surface › punctuation-only prompt asks for clarification (446ms)
  ✓  128 [chromium] › tests/multilingual.spec.js:831:3 › multilingual chat surface › Russian "what is KISS in programming" returns the design principle, not the band (564ms)
  ✓  129 [chromium] › tests/multilingual.spec.js:839:3 › multilingual chat surface › GitHub navigation suggests an external link without iframe preview (580ms)
  ✓  130 [chromium] › tests/multilingual.spec.js:885:3 › multilingual chat surface › Navigation previews URLs when frame policy allows embedding (585ms)
  ✓  131 [chromium] › tests/multilingual.spec.js:917:3 › multilingual chat surface › Make a request to X attempts a fetch and falls back to the iframe (587ms)
  ✓  132 [chromium] › tests/multilingual.spec.js:937:3 › multilingual chat surface › explicit web search fuses DuckDuckGo, Wikipedia, and Wikidata results (2.5s)
  ✓  133 [chromium] › tests/multilingual.spec.js:1010:3 › Wikipedia REST fallback › "What is X?" for an out-of-corpus term fetches a Wikipedia summary (467ms)
  ✓  134 [chromium] › tests/multilingual.spec.js:1036:3 › Wikipedia REST fallback › "Tell me, who is X" resolves through Wikipedia lookup (451ms)
  ✓  135 [chromium] › tests/multilingual.spec.js:1061:3 › Wikipedia REST fallback › "Who X is" resolves through Wikipedia lookup (451ms)
  ✓  136 [chromium] › tests/multilingual.spec.js:1086:3 › Wikipedia REST fallback › Issue #183: Russian "как устроен X" resolves through Wikipedia lookup (457ms)
  ✓  137 [chromium] › tests/multilingual.spec.js:1130:3 › Wikipedia REST fallback › Russian Wikipedia summary displays decoded Cyrillic URL with encoded href (430ms)
  ✓  138 [chromium] › tests/multilingual.spec.js:1165:3 › Wikipedia REST fallback › Кто такой Илон Маск? resolves via surname-first variant (455ms)
  ✓  139 [chromium] › tests/multilingual.spec.js:1208:3 › Wikipedia REST fallback › "what is tesla" resolves via search fallback when direct slug is disambiguation (472ms)
  ✓  140 [chromium] › tests/multilingual.spec.js:1262:5 › Wikipedia REST fallback › Issue #232: definition-style disambiguation page outranks Wikidata alias fallback (en) (482ms)
  ✓  141 [chromium] › tests/multilingual.spec.js:1262:5 › Wikipedia REST fallback › Issue #232: definition-style disambiguation page outranks Wikidata alias fallback (ru) (487ms)
  ✓  142 [chromium] › tests/multilingual.spec.js:1262:5 › Wikipedia REST fallback › Issue #232: definition-style disambiguation page outranks Wikidata alias fallback (hi) (469ms)
  ✓  143 [chromium] › tests/multilingual.spec.js:1262:5 › Wikipedia REST fallback › Issue #232: definition-style disambiguation page outranks Wikidata alias fallback (zh) (418ms)
  ✓  144 [chromium] › tests/multilingual.spec.js:1280:3 › Wikipedia REST fallback › Russian typo resolves to the closest Wikipedia match when guessing is preferred (449ms)
  ✓  145 [chromium] › tests/multilingual.spec.js:1323:3 › Wikipedia REST fallback › Issue #226: Wikipedia article-existence questions cover supported languages (1.5s)
  ✓  146 [chromium] › tests/multilingual.spec.js:1509:3 › Wikipedia REST fallback › Russian word lookup falls back to Wikidata before unrelated Wikipedia search hits (506ms)
  ✓  147 [chromium] › tests/multilingual.spec.js:1572:3 › Wikipedia REST fallback › unrelated Wikipedia search hits are rejected when exact term fallbacks miss (519ms)
  ✓  148 [chromium] › tests/multilingual.spec.js:1627:3 › Wikipedia REST fallback › word lookup falls back to Wiktionary when Wikipedia and Wikidata miss (549ms)
  ✓  149 [chromium] › tests/multilingual.spec.js:1680:3 › Issue #82: assistant behavior settings › settings sidebar exposes ambiguity, temperature, language, skins, and location controls (463ms)
  ✓  150 [chromium] › tests/multilingual.spec.js:1715:3 › Issue #82: assistant behavior settings › low ambiguity guessing asks before using a fuzzy Wikipedia match (494ms)
  ✓  151 [chromium] › tests/multilingual.spec.js:1768:3 › memory export/import › Export memory and Import memory buttons are present (319ms)
  ✓  152 [chromium] › tests/multilingual.spec.js:1773:3 › memory export/import › Export memory downloads a full formal_ai_bundle by default (R109) (518ms)
  ✓  153 [chromium] › tests/multilingual.spec.js:1803:3 › memory export/import › Import memory accepts a Links Notation file (365ms)
  ✓  154 [chromium] › tests/multilingual.spec.js:1831:3 › memory export/import › Import memory accepts a formal_ai_bundle and reports seed migrations (R110, R111) (371ms)
  ✓  155 [chromium] › tests/multilingual.spec.js:1860:3 › memory export/import › Memory module exposes explicit destructive operations only (352ms)
  ✓  156 [chromium] › tests/multilingual.spec.js:1882:3 › memory export/import › Issue #27: Download bundle button is removed (duplicate of Export memory) (358ms)
  ✓  157 [chromium] › tests/multilingual.spec.js:1890:3 › memory export/import › Issue #27: Export memory does not surface a "Bundled N events + seed" label (483ms)
  ✓  158 [chromium] › tests/multilingual.spec.js:1901:3 › memory export/import › Issue #27: typing "Export memory" triggers the export button (413ms)
  ✓  159 [chromium] › tests/multilingual.spec.js:1914:3 › memory export/import › Issue #27: typing "Export your memory" also triggers the export button (413ms)
  ✓  160 [chromium] › tests/multilingual.spec.js:1925:3 › memory export/import › Issue #27: typing "Import memory" opens the file picker (415ms)
  ✓  161 [chromium] › tests/multilingual.spec.js:1938:3 › memory export/import › Issue #196: reset memory phrases are recognised in every supported language (1.1s)
  ✓  162 [chromium] › tests/multilingual.spec.js:1972:3 › memory export/import › Report issue link is present in the topbar and links to the upload-memory guide (R112 + issue #78) (403ms)
  ✓  163 [chromium] › tests/multilingual.spec.js:1996:3 › memory export/import › Tool registry surfaces seed-loaded tools with mode badges (378ms)
  ✓  164 [chromium] › tests/multilingual.spec.js:2010:3 › memory export/import › Issue #112: tool registry includes all supported tools and localizes descriptions (382ms)
  ✓  165 [chromium] › tests/multilingual.spec.js:2041:3 › memory export/import › Reasoning steps and tool calls land in the append-only log (490ms)
  ✓  166 [chromium] › tests/multilingual.spec.js:2062:3 › Issue #27: random greeting variations › English greeting falls within the seeded variant list (447ms)
  ✓  167 [chromium] › tests/multilingual.spec.js:2075:3 › Issue #27: random greeting variations › disabling variations pins the canonical English greeting (801ms)
  ✓  168 [chromium] › tests/multilingual.spec.js:2102:3 › Issue #27: summarize skill › "summarize this conversation" returns a structured report (647ms)
  ✓  169 [chromium] › tests/multilingual.spec.js:2115:3 › Issue #27: summarize skill › single-word "summarize" triggers the skill (551ms)
  ✓  170 [chromium] › tests/multilingual.spec.js:2121:3 › Issue #27: summarize skill › Russian "резюме беседы" triggers the skill (572ms)
  ✓  171 [chromium] › tests/multilingual.spec.js:2127:3 › Issue #27: summarize skill › Chinese "总结" triggers the skill (544ms)
  ✓  172 [chromium] › tests/multilingual.spec.js:2142:3 › Issue #27: agent mode › Chat/Agent toggle is present and starts in Chat (431ms)
  ✓  173 [chromium] › tests/multilingual.spec.js:2152:3 › Issue #27: agent mode › Agent mode decomposes a multi-step task and runs each step (531ms)
  ✓  174 [chromium] › tests/multilingual.spec.js:2169:3 › Issue #27: agent mode › Agent mode preserves single-step prompts as plain Q&A (545ms)
  ✓  175 [chromium] › tests/multilingual.spec.js:2190:3 › Issue #27: mobile layout › topbar buttons collapse to emoji icons on mobile (283ms)
  ✓  176 [chromium] › tests/multilingual.spec.js:2201:3 › Issue #27: mobile layout › hamburger toggle opens the full-width sidebar drawer and the close button dismisses it (729ms)
  ✓  177 [chromium] › tests/multilingual.spec.js:2225:3 › Issue #27: mobile layout › Issue #112: mobile drawer lists topbar actions before conversations (373ms)
  ✓  178 [chromium] › tests/multilingual.spec.js:2244:3 › Issue #27: mobile layout › Issue #112: focused composer grows to content with equal padding and a half-panel cap (355ms)
  ✓  179 [chromium] › tests/multilingual.spec.js:2275:3 › Issue #27: mobile layout › chat surface keeps the full viewport when the menu is closed (290ms)
  ✓  180 [chromium] › tests/multilingual.spec.js:2323:3 › Issue #27: conversations sidebar › sending a prompt adds an entry to the conversation list (504ms)
  ✓  181 [chromium] › tests/multilingual.spec.js:2332:3 › Issue #27: conversations sidebar › "+ New conversation" clears the transcript and starts a fresh thread (648ms)
  ✓  182 [chromium] › tests/multilingual.spec.js:2347:3 › Issue #27: conversations sidebar › the last conversation is restored after reloading the page (598ms)
  ✓  183 [chromium] › tests/multilingual.spec.js:2361:3 › Issue #27: conversations sidebar › Issue #112: deleting a conversation soft-hides it behind the deleted view (703ms)
  ✓  184 [chromium] › tests/multilingual.spec.js:2387:3 › Issue #27: conversations sidebar › Issue #196: deleted conversations can be permanently removed after export warning and confirmation (781ms)
  ✓  185 [chromium] › tests/multilingual.spec.js:2440:3 › Issue #27: conversations sidebar › Issue #196: reset memory clears all browser events after export warning and confirmation (613ms)
  ✓  186 [chromium] › tests/multilingual.spec.js:2480:3 › Issue #27: demo iterates Example prompts › demo messages carry a label that matches an Example prompts entry (266ms)
  ✓  187 [chromium] › tests/multilingual.spec.js:2504:3 › Issue #27: demo iterates Example prompts › Issue #112: Example prompts cover every supported prompt family (253ms)
  ✓  188 [chromium] › tests/multilingual.spec.js:2544:3 › Issue #27: sidebar accordion › expanded sidebar sections share the available height equally (410ms)
  ✓  189 [chromium] › tests/multilingual.spec.js:2563:3 › Issue #27: sidebar accordion › each section body scrolls independently when content overflows (401ms)
  ✓  190 [chromium] › tests/multilingual.spec.js:2579:3 › Issue #27: sidebar accordion › collapsing a section gives its space to the remaining expanded sections (420ms)
  ✓  191 [chromium] › tests/multilingual.spec.js:2628:3 › Issue #27: cross-conversation recall › "When did I ask about X" lists matches grouped by conversation (716ms)
  ✓  192 [chromium] › tests/multilingual.spec.js:2645:3 › Issue #27: cross-conversation recall › "find X in another conversation" excludes the current conversation (700ms)
  ✓  193 [chromium] › tests/multilingual.spec.js:2662:3 › Issue #27: cross-conversation recall › recall with no matches reports a clear "no mentions" message (542ms)
  ✓  194 [chromium] › tests/multilingual.spec.js:2669:3 › Issue #27: cross-conversation recall › Russian phrasing "Когда я спрашивал про X" triggers the recall skill (566ms)

  194 passed (1.7m)
