    Updating crates.io index
 Downloading crates ...
  Downloaded rust-script v0.36.0
  Installing rust-script v0.36.0
    Updating crates.io index
     Locking 92 packages to latest compatible versions
      Adding generic-array v0.14.7 (available: v0.14.9)
      Adding sha1 v0.10.7 (available: v0.11.0)
      Adding toml v0.9.12+spec-1.1.0 (available: v1.1.3+spec-1.1.0)
      Adding winreg v0.55.0 (available: v0.56.0)
 Downloading crates ...
  Downloaded defmt-parser v1.0.0
  Downloaded dirs v6.0.0
  Downloaded defmt v1.1.1
  Downloaded shell-words v1.1.1
  Downloaded unicode-ident v1.0.24
  Downloaded sha1 v0.10.7
  Downloaded unicase v2.9.0
  Downloaded getopts v0.2.24
  Downloaded toml v0.9.12+spec-1.1.0
  Downloaded log v0.4.33
  Downloaded getrandom v0.4.3
  Downloaded env_logger v0.11.11
  Downloaded regex v1.13.0
  Downloaded pulldown-cmark v0.13.4
  Downloaded toml_writer v1.1.2+spec-1.1.0
  Downloaded winnow v1.0.4
  Downloaded winnow v0.7.15
  Downloaded toml_datetime v0.7.5+spec-1.1.0
  Downloaded serde_spanned v1.1.1
  Downloaded unicode-width v0.2.2
  Downloaded syn v2.0.118
  Downloaded option-ext v0.2.0
  Downloaded quote v1.0.46
  Downloaded memchr v2.8.3
  Downloaded regex-syntax v0.8.11
  Downloaded env_filter v2.0.0
  Downloaded dirs-sys v0.5.0
  Downloaded bitflags v2.13.0
  Downloaded pulldown-cmark-escape v0.11.0
  Downloaded defmt-macros v1.1.1
  Downloaded regex-automata v0.4.15
  Downloaded jiff v0.2.32
   Compiling version_check v0.9.5
   Compiling memchr v2.8.3
   Compiling libc v0.2.186
   Compiling utf8parse v0.2.2
   Compiling serde_core v1.0.228
   Compiling typenum v1.20.1
   Compiling anstyle-parse v1.0.0
   Compiling generic-array v0.14.7
   Compiling anstyle v1.0.14
   Compiling colorchoice v1.0.5
   Compiling aho-corasick v1.1.4
   Compiling regex-syntax v0.8.11
   Compiling is_terminal_polyfill v1.70.2
   Compiling anstyle-query v1.1.5
   Compiling anstream v1.0.0
   Compiling getrandom v0.4.3
   Compiling bitflags v2.13.0
   Compiling cfg-if v1.0.4
   Compiling rustix v1.1.4
   Compiling block-buffer v0.10.4
   Compiling crypto-common v0.1.7
   Compiling log v0.4.33
   Compiling linux-raw-sys v0.12.1
   Compiling pulldown-cmark v0.13.4
   Compiling strsim v0.11.1
   Compiling unicode-width v0.2.2
   Compiling option-ext v0.2.0
   Compiling regex-automata v0.4.15
   Compiling clap_lex v1.1.0
   Compiling winnow v1.0.4
   Compiling clap_builder v4.6.0
   Compiling toml_parser v1.1.2+spec-1.1.0
   Compiling serde_spanned v1.1.1
   Compiling toml_datetime v0.7.5+spec-1.1.0
   Compiling dirs-sys v0.5.0
   Compiling getopts v0.2.24
   Compiling digest v0.10.7
   Compiling once_cell v1.21.4
   Compiling pulldown-cmark-escape v0.11.0
   Compiling fastrand v2.4.1
   Compiling unicase v2.9.0
   Compiling toml_writer v1.1.2+spec-1.1.0
   Compiling winnow v0.7.15
   Compiling regex v1.13.0
   Compiling jiff v0.2.32
   Compiling env_filter v2.0.0
   Compiling cpufeatures v0.2.17
   Compiling sha1 v0.10.7
   Compiling tempfile v3.27.0
   Compiling clap v4.6.1
   Compiling toml v0.9.12+spec-1.1.0
   Compiling dirs v6.0.0
   Compiling shell-words v1.1.1
   Compiling env_logger v0.11.11
   Compiling rust-script v0.36.0
    Finished `release` profile [optimized] target(s) in 1m 23s
  Installing /home/box/.cargo/bin/rust-script
   Installed package `rust-script v0.36.0` (executable `rust-script`)
