    Updating crates.io index
 Downloading crates ...
  Downloaded beef v0.5.2
  Downloaded bytecheck v0.6.12
  Downloaded borsh-derive v1.6.1
  Downloaded borsh v1.6.1
  Downloaded block-buffer v0.10.4
  Downloaded allocator-api2 v0.4.0
  Downloaded aho-corasick v1.1.4
  Downloaded bitflags v2.11.1
  Downloaded autocfg v1.5.0
  Downloaded atomic-waker v1.1.2
  Downloaded arrayvec v0.7.6
  Downloaded anyhow v1.0.102
  Downloaded anstyle-query v1.1.5
  Downloaded anstyle-parse v1.0.0
  Downloaded anstream v1.0.0
  Downloaded allocator-api2 v0.2.21
  Downloaded ahash v0.7.8
  Downloaded anstyle v1.0.14
  Downloaded adler2 v2.0.1
  Downloaded num_cpus v1.17.0
  Downloaded munge_macro v0.4.7
  Downloaded percent-encoding v2.3.2
  Downloaded openssl-probe v0.2.1
  Downloaded lino-env v0.1.0
  Downloaded ptr_meta_derive v0.3.1
  Downloaded rand_chacha v0.3.1
  Downloaded lock_api v0.4.14
  Downloaded pin-project-lite v0.2.17
  Downloaded scopeguard v1.2.0
  Downloaded pest_generator v2.8.6
  Downloaded rend v0.5.3
  Downloaded sync_wrapper v1.0.2
  Downloaded rand_core v0.9.5
  Downloaded tinyvec_macros v0.1.1
  Downloaded tokio-macros v2.7.0
  Downloaded hashlink v0.10.0
  Downloaded tower-layer v0.3.3
  Downloaded tower-service v0.3.3
  Downloaded tinystr v0.8.3
  Downloaded tree-sitter-language v0.1.7
  Downloaded tree-sitter-json v0.24.8
  Downloaded rustls-platform-verifier v0.7.0
  Downloaded tree-sitter-ini v1.4.0
  Downloaded tree-sitter-html v0.23.2
  Downloaded want v0.3.1
  Downloaded tinyvec v1.11.0
  Downloaded xattr v1.6.1
  Downloaded zerofrom-derive v0.1.7
  Downloaded serde_derive v1.0.228
  Downloaded tree-sitter-toml-ng v0.7.0
  Downloaded zeroize v1.8.2
  Downloaded unicode-ident v1.0.22
  Downloaded wasm-bindgen-shared v0.2.121
  Downloaded pest v2.8.6
  Downloaded crc32fast v1.5.0
  Downloaded clap_derive v4.6.1
  Downloaded doublets v0.4.0
  Downloaded wasm-bindgen-macro v0.2.121
  Downloaded wasm-bindgen v0.2.121
  Downloaded itertools v0.14.0
  Downloaded tree-sitter-yaml v0.7.2
  Downloaded zerotrie v0.2.4
  Downloaded writeable v0.6.3
  Downloaded zerovec-derive v0.11.3
  Downloaded tree-sitter-proto v0.4.0
  Downloaded zerovec v0.11.6
  Downloaded tracing-core v0.1.36
  Downloaded tree-sitter-r v1.2.0
  Downloaded zmij v1.0.21
  Downloaded yoke v0.8.3
  Downloaded tree-sitter-pascal v0.10.2
  Downloaded unsafe-libyaml v0.2.11
  Downloaded http v1.4.2
  Downloaded lingua-hindi-language-model v1.3.0
  Downloaded zerocopy v0.8.48
  Downloaded whatlang v0.18.0
  Downloaded rkyv v0.7.46
  Downloaded unicode-segmentation v1.13.3
  Downloaded tree-sitter-go v0.25.0
  Downloaded unicode-normalization v0.1.25
  Downloaded rust_decimal v1.42.0
  Downloaded rayon v1.12.0
  Downloaded tree-sitter-vb-dotnet v0.1.0
  Downloaded winnow v1.0.3
  Downloaded chrono v0.4.44
  Downloaded syn v1.0.109
  Downloaded tree-sitter-ruby v0.23.1
  Downloaded console_error_panic_hook v0.1.7
  Downloaded tracing v0.1.44
  Downloaded syn v2.0.117
  Downloaded regex-syntax v0.8.10
  Downloaded regex v1.12.3
  Downloaded rustls v0.23.40
  Downloaded hashbrown v0.17.1
  Downloaded rustix v1.1.4
  Downloaded clap_builder v4.6.0
  Downloaded reqwest v0.13.4
  Downloaded hyper v1.10.1
  Downloaded futures-util v0.3.32
  Downloaded rkyv v0.8.16
  Downloaded libc v0.2.186
  Downloaded tree-sitter-rust v0.24.2
  Downloaded lingua-bengali-language-model v1.3.0
  Downloaded tree-sitter-typescript v0.23.2
  Downloaded hashbrown v0.14.5
  Downloaded tree-sitter-php v0.24.2
  Downloaded regex-automata v0.4.14
  Downloaded hyper-util v0.1.20
  Downloaded wasm-bindgen-macro-support v0.2.121
  Downloaded web-sys v0.3.98
  Downloaded url v2.5.8
  Downloaded hashbrown v0.12.3
  Downloaded cc v1.2.62
  Downloaded tree-sitter-c v0.24.2
  Downloaded tar v0.4.46
  Downloaded tree-sitter-css v0.25.0
  Downloaded tree-sitter-python v0.25.0
  Downloaded tree-sitter v0.25.10
  Downloaded quinn-proto v0.11.14
  Downloaded tree-sitter-kotlin-ng v1.1.0
  Downloaded tree-sitter-sequel v0.3.11
  Downloaded tokio v1.52.3
  Downloaded csv v1.4.0
  Downloaded platform-trees v0.3.4
  Downloaded tree-sitter-cpp v0.23.4
  Downloaded meta-language v0.45.0
  Downloaded flate2 v1.1.9
  Downloaded daachorse v2.1.1
  Downloaded tree-sitter-swift v0.7.3
  Downloaded rayon-core v1.13.0
  Downloaded bytes v1.11.1
  Downloaded tree-sitter-javascript v0.25.0
  Downloaded tree-sitter-java v0.23.5
  Downloaded tree-sitter-graphql v0.1.0
  Downloaded tower-http v0.6.11
  Downloaded serde_json v1.0.149
  Downloaded tree-sitter-c-sharp v0.23.5
  Downloaded ryu v1.0.23
  Downloaded aws-lc-rs v1.17.0
  Downloaded typenum v1.20.1
  Downloaded fst v0.4.7
  Downloaded icu_properties_data v2.2.0
  Downloaded wyz v0.5.1
  Downloaded encoding_rs v0.8.35
  Downloaded utf8_iter v1.0.4
  Downloaded toml_parser v1.1.2+spec-1.1.0
  Downloaded idna v1.1.0
  Downloaded getrandom v0.4.2
  Downloaded darling_core v0.20.11
  Downloaded ring v0.17.14
  Downloaded tempfile v3.27.0
  Downloaded tree-sitter-scala v0.25.1
  Downloaded nom v8.0.0
  Downloaded hashbrown v0.15.5
  Downloaded tower v0.5.3
  Downloaded lingua-chinese-language-model v1.3.0
  Downloaded uuid v1.23.1
  Downloaded unicode-bidi v0.3.18
  Downloaded tree-sitter-xml v0.7.0
  Downloaded httparse v1.10.1
  Downloaded getrandom v0.3.4
  Downloaded derive_builder v0.20.2
  Downloaded clap v4.6.1
  Downloaded utf8parse v0.2.2
  Downloaded untrusted v0.9.0
  Downloaded toml_writer v1.1.1+spec-1.1.0
  Downloaded ucd-trie v0.1.7
  Downloaded thiserror v2.0.18
  Downloaded thiserror v1.0.69
  Downloaded tap v1.0.1
  Downloaded js-sys v0.3.98
  Downloaded indexmap v2.14.0
  Downloaded toml_edit v0.25.11+spec-1.1.0
  Downloaded darling v0.20.11
  Downloaded serde v1.0.228
  Downloaded rustls-webpki v0.103.13
  Downloaded rand v0.10.1
  Downloaded rand v0.9.4
  Downloaded lingua-portuguese-language-model v1.3.0
  Downloaded zerofrom v0.1.8
  Downloaded yoke-derive v0.8.2
  Downloaded try-lock v0.2.5
  Downloaded tree-sitter-lua v0.2.0
  Downloaded wasm-bindgen-futures v0.4.71
  Downloaded version_check v0.9.5
  Downloaded streaming-iterator v0.1.9
  Downloaded simd-adler32 v0.3.9
  Downloaded ts-parser-perl v1.1.2
  Downloaded lingua-spanish-language-model v1.3.0
  Downloaded shlex v1.3.0
  Downloaded lingua-english-language-model v1.3.0
  Downloaded rustversion v1.0.22
  Downloaded num-bigint v0.4.6
  Downloaded getrandom v0.2.17
  Downloaded lingua-french-language-model v1.3.0
  Downloaded unicode-blocks v0.1.9
  Downloaded rand v0.8.6
  Downloaded quinn v0.11.9
  Downloaded platform-mem v0.3.0
  Downloaded futures-channel v0.3.32
  Downloaded crossbeam-epoch v0.9.18
  Downloaded socket2 v0.6.4
  Downloaded lindera-dictionary v3.0.7
  Downloaded lindera v3.0.7
  Downloaded filetime v0.2.29
  Downloaded bitflags v1.3.2
  Downloaded toml_datetime v1.1.1+spec-1.1.0
  Downloaded tokio-rustls v0.26.4
  Downloaded thread-priority v1.2.0
  Downloaded serde_yaml_ng v0.10.0
  Downloaded serde_core v1.0.228
  Downloaded memchr v2.8.0
  Downloaded crossbeam-utils v0.8.21
  Downloaded rkyv_derive v0.8.16
  Downloaded rkyv_derive v0.7.46
  Downloaded linux-raw-sys v0.12.1
  Downloaded mio v1.2.1
  Downloaded icu_properties v2.2.0
  Downloaded icu_normalizer_data v2.2.0
  Downloaded subtle v2.6.1
  Downloaded strum v0.28.0
  Downloaded strum v0.27.2
  Downloaded smallvec v1.15.1
  Downloaded slab v0.4.12
  Downloaded pest_meta v2.8.6
  Downloaded num-traits v0.2.19
  Downloaded lingua-russian-language-model v1.3.0
  Downloaded miniz_oxide v0.8.9
  Downloaded kanaria v0.2.0
  Downloaded icu_provider v2.2.0
  Downloaded hyper-rustls v0.27.9
  Downloaded thiserror-impl v2.0.18
  Downloaded thiserror-impl v1.0.69
  Downloaded strsim v0.11.1
  Downloaded stable_deref_trait v1.2.1
  Downloaded synstructure v0.13.2
  Downloaded strum_macros v0.28.0
  Downloaded lingua v1.8.0
  Downloaded strum_macros v0.27.2
  Downloaded rustls-pki-types v1.14.1
  Downloaded proc-macro2 v1.0.106
  Downloaded platform-data v2.0.0
  Downloaded lingua-urdu-language-model v1.3.0
  Downloaded displaydoc v0.2.6
  Downloaded bytecheck_derive v0.8.2
  Downloaded foldhash v0.1.5
  Downloaded fnv v1.0.7
  Downloaded dotenvy v0.15.7
  Downloaded derive_builder_core v0.20.2
  Downloaded csv-core v0.1.13
  Downloaded cmake v0.1.58
  Downloaded simdutf8 v0.1.5
  Downloaded once_cell v1.21.4
  Downloaded log v0.4.29
  Downloaded litemap v0.8.2
  Downloaded glob v0.3.3
  Downloaded find-msvc-tools v0.1.9
  Downloaded either v1.16.0
  Downloaded digest v0.10.7
  Downloaded dashmap v6.2.1
  Downloaded counter v0.7.1
  Downloaded byteorder v1.5.0
  Downloaded sha2 v0.10.9
  Downloaded serde-wasm-bindgen v0.6.5
  Downloaded seahash v4.1.0
  Downloaded rustls-native-certs v0.8.4
  Downloaded fs_extra v1.3.0
  Downloaded crossbeam-deque v0.8.6
  Downloaded quinn-udp v0.5.14
  Downloaded icu_locale_core v2.2.0
  Downloaded icu_collections v2.2.0
  Downloaded rustc-hash v2.1.2
  Downloaded rend v0.4.2
  Downloaded pest_derive v2.8.6
  Downloaded memmap2 v0.9.10
  Downloaded icu_normalizer v2.2.0
  Downloaded form_urlencoded v1.2.2
  Downloaded bytecheck v0.8.2
  Downloaded rand_core v0.10.1
  Downloaded rand_core v0.6.4
  Downloaded rand_chacha v0.9.0
  Downloaded quote v1.0.45
  Downloaded ppv-lite86 v0.2.21
  Downloaded parking_lot_core v0.9.12
  Downloaded num-integer v0.1.46
  Downloaded lino-objects-codec v0.2.1
  Downloaded generic-array v0.14.7
  Downloaded funty v2.0.0
  Downloaded derive_builder_macro v0.20.2
  Downloaded ctor v0.4.3
  Downloaded crypto-common v0.1.7
  Downloaded lino-arguments v0.3.0
  Downloaded futures-task v0.3.32
  Downloaded links-notation v0.13.0
  Downloaded lindera-jieba v3.0.7
  Downloaded jobserver v0.1.34
  Downloaded ipnet v2.12.0
  Downloaded darling_macro v0.20.11
  Downloaded colorchoice v1.0.5
  Downloaded rancor v0.1.1
  Downloaded radium v0.7.0
  Downloaded proc-macro-crate v3.5.0
  Downloaded cpufeatures v0.2.17
  Downloaded ptr_meta_derive v0.1.4
  Downloaded ptr_meta v0.3.1
  Downloaded ptr_meta v0.1.4
  Downloaded potential_utf v0.1.5
  Downloaded platform-num v0.8.0
  Downloaded http-body v1.0.1
  Downloaded heck v0.5.0
  Downloaded futures-core v0.3.32
  Downloaded dtor-proc-macro v0.0.5
  Downloaded ctor-proc-macro v0.0.6
  Downloaded json5_nodes v2.0.2
  Downloaded dtor v0.0.6
  Downloaded cfg_aliases v0.2.1
  Downloaded bytecheck_derive v0.6.12
  Downloaded lru-slab v0.1.2
  Downloaded fs2 v0.4.3
  Downloaded errno v0.3.14
  Downloaded equivalent v1.0.2
  Downloaded dunce v1.0.5
  Downloaded cfg-if v1.0.4
  Downloaded munge v0.4.7
  Downloaded leak_slice v0.2.0
  Downloaded is_terminal_polyfill v1.70.2
  Downloaded clap_lex v1.1.0
  Downloaded bitvec v1.0.1
  Downloaded maplit v1.0.2
  Downloaded itoa v1.0.18
  Downloaded include_dir_macros v0.7.4
  Downloaded include_dir v0.7.4
  Downloaded idna_adapter v1.2.2
  Downloaded ident_case v1.0.1
  Downloaded iana-time-zone v0.1.65
  Downloaded http-body-util v0.1.3
  Downloaded bumpalo v3.20.2
  Downloaded base64 v0.22.1
  Downloaded num-rational v0.4.2
  Downloaded md5 v0.8.0
  Downloaded lazy_static v1.5.0
  Downloaded fastrand v2.4.1
  Downloaded encoding_rs_io v0.1.7
  Downloaded lingua-arabic-language-model v1.3.0
  Downloaded link-calculator v0.19.0
  Downloaded aws-lc-sys v0.41.0
   Compiling libc v0.2.186
   Compiling proc-macro2 v1.0.106
   Compiling unicode-ident v1.0.22
   Compiling quote v1.0.45
   Compiling shlex v1.3.0
   Compiling find-msvc-tools v0.1.9
   Compiling tree-sitter-language v0.1.7
   Compiling serde_core v1.0.228
   Compiling stable_deref_trait v1.2.1
   Compiling cfg-if v1.0.4
   Compiling serde v1.0.228
   Compiling icu_normalizer_data v2.2.0
   Compiling icu_properties_data v2.2.0
   Compiling memchr v2.8.0
   Compiling itoa v1.0.18
   Compiling dunce v1.0.5
   Compiling fs_extra v1.3.0
   Compiling pin-project-lite v0.2.17
   Compiling zmij v1.0.21
   Compiling bytes v1.11.1
   Compiling syn v2.0.117
   Compiling jobserver v0.1.34
   Compiling once_cell v1.21.4
   Compiling cc v1.2.62
   Compiling autocfg v1.5.0
   Compiling futures-core v0.3.32
   Compiling heck v0.5.0
   Compiling litemap v0.8.2
   Compiling aws-lc-rs v1.17.0
   Compiling num-traits v0.2.19
   Compiling smallvec v1.15.1
   Compiling zeroize v1.8.2
   Compiling writeable v0.6.3
   Compiling cmake v0.1.58
   Compiling socket2 v0.6.4
   Compiling mio v1.2.1
   Compiling thiserror v2.0.18
   Compiling fnv v1.0.7
   Compiling utf8_iter v1.0.4
   Compiling ident_case v1.0.1
   Compiling strsim v0.11.1
   Compiling aws-lc-sys v0.41.0
   Compiling wasm-bindgen-shared v0.2.121
   Compiling rustls-pki-types v1.14.1
   Compiling http v1.4.2
   Compiling include_dir_macros v0.7.4
   Compiling synstructure v0.13.2
   Compiling darling_core v0.20.11
   Compiling http-body v1.0.1
   Compiling include_dir v0.7.4
   Compiling slab v0.4.12
   Compiling httparse v1.10.1
   Compiling percent-encoding v2.3.2
   Compiling futures-task v0.3.32
   Compiling rustls v0.23.40
   Compiling rustversion v1.0.22
   Compiling untrusted v0.9.0
   Compiling hashbrown v0.17.1
   Compiling futures-util v0.3.32
   Compiling zerofrom-derive v0.1.7
   Compiling yoke-derive v0.8.2
   Compiling zerovec-derive v0.11.3
   Compiling displaydoc v0.2.6
   Compiling serde_derive v1.0.228
   Compiling zerofrom v0.1.8
   Compiling yoke v0.8.3
   Compiling ptr_meta_derive v0.3.1
   Compiling zerovec v0.11.6
   Compiling zerotrie v0.2.4
   Compiling tokio-macros v2.7.0
   Compiling bytecheck_derive v0.8.2
   Compiling tinystr v0.8.3
   Compiling potential_utf v0.1.5
   Compiling icu_collections v2.2.0
   Compiling tokio v1.52.3
   Compiling icu_locale_core v2.2.0
   Compiling darling_macro v0.20.11
   Compiling thiserror-impl v2.0.18
   Compiling darling v0.20.11
   Compiling munge_macro v0.4.7
   Compiling icu_provider v2.2.0
   Compiling icu_normalizer v2.2.0
   Compiling icu_properties v2.2.0
   Compiling anyhow v1.0.102
   Compiling subtle v2.6.1
   Compiling bitflags v2.11.1
   Compiling tower-service v0.3.3
   Compiling try-lock v0.2.5
   Compiling equivalent v1.0.2
   Compiling serde_json v1.0.149
   Compiling indexmap v2.14.0
   Compiling want v0.3.1
   Compiling idna_adapter v1.2.2
   Compiling derive_builder_core v0.20.2
   Compiling ptr_meta v0.3.1
   Compiling tracing-core v0.1.36
   Compiling futures-channel v0.3.32
   Compiling atomic-waker v1.1.2
   Compiling rustix v1.1.4
   Compiling tracing v0.1.44
   Compiling derive_builder_macro v0.20.2
   Compiling hyper v1.10.1
   Compiling rancor v0.1.1
   Compiling idna v1.1.0
   Compiling strum_macros v0.28.0
   Compiling rkyv_derive v0.8.16
   Compiling form_urlencoded v1.2.2
   Compiling sync_wrapper v1.0.2
   Compiling aho-corasick v1.1.4
   Compiling base64 v0.22.1
   Compiling openssl-probe v0.2.1
   Compiling bumpalo v3.20.2
   Compiling crossbeam-utils v0.8.21
   Compiling ipnet v2.12.0
   Compiling simdutf8 v0.1.5
   Compiling linux-raw-sys v0.12.1
   Compiling crc32fast v1.5.0
   Compiling regex-syntax v0.8.10
   Compiling tower-layer v0.3.3
   Compiling tower v0.5.3
   Compiling bytecheck v0.8.2
   Compiling hyper-util v0.1.20
   Compiling regex-automata v0.4.14
   Compiling wasm-bindgen-macro-support v0.2.121
   Compiling rustls-native-certs v0.8.4
   Compiling url v2.5.8
   Compiling wasm-bindgen v0.2.121
   Compiling adler2 v2.0.1
   Compiling simd-adler32 v0.3.9
   Compiling log v0.4.29
   Compiling miniz_oxide v0.8.9
   Compiling wasm-bindgen-macro v0.2.121
   Compiling regex v1.12.3
   Compiling tower-http v0.6.11
   Compiling xattr v1.6.1
   Compiling rend v0.5.3
   Compiling munge v0.4.7
   Compiling filetime v0.2.29
   Compiling encoding_rs v0.8.35
   Compiling http-body-util v0.1.3
   Compiling csv-core v0.1.13
   Compiling rand_core v0.10.1
   Compiling ryu v1.0.23
   Compiling csv v1.4.0
   Compiling rand v0.10.1
   Compiling encoding_rs_io v0.1.7
   Compiling tar v0.4.46
   Compiling flate2 v1.1.9
   Compiling strum v0.28.0
   Compiling rkyv v0.8.16
   Compiling derive_builder v0.20.2
   Compiling memmap2 v0.9.10
   Compiling num_cpus v1.17.0
   Compiling glob v0.3.3
   Compiling ucd-trie v0.1.7
   Compiling byteorder v1.5.0
   Compiling utf8parse v0.2.2
   Compiling daachorse v2.1.1
   Compiling md5 v0.8.0
   Compiling anstyle-parse v1.0.0
   Compiling pest v2.8.6
   Compiling crossbeam-epoch v0.9.18
   Compiling getrandom v0.4.2
   Compiling colorchoice v1.0.5
   Compiling foldhash v0.1.5
   Compiling allocator-api2 v0.2.21
   Compiling parking_lot_core v0.9.12
   Compiling anstyle-query v1.1.5
   Compiling rayon-core v1.13.0
   Compiling is_terminal_polyfill v1.70.2
   Compiling anstyle v1.0.14
   Compiling fastrand v2.4.1
   Compiling hashbrown v0.15.5
   Compiling anstream v1.0.0
   Compiling js-sys v0.3.98
   Compiling crossbeam-deque v0.8.6
   Compiling pest_meta v2.8.6
   Compiling scopeguard v1.2.0
   Compiling either v1.16.0
   Compiling thiserror v1.0.69
   Compiling fst v0.4.7
   Compiling tinyvec_macros v0.1.1
   Compiling clap_lex v1.1.0
   Compiling clap_builder v4.6.0
   Compiling tinyvec v1.11.0
   Compiling lock_api v0.4.14
   Compiling pest_generator v2.8.6
   Compiling lindera-dictionary v3.0.7
   Compiling tree-sitter v0.25.10
   Compiling clap_derive v4.6.1
   Compiling thiserror-impl v1.0.69
   Compiling num-integer v0.1.46
   Compiling platform-num v0.8.0
   Compiling tree-sitter-graphql v0.1.0
   Compiling tree-sitter-c-sharp v0.23.5
   Compiling tree-sitter-proto v0.4.0
   Compiling tree-sitter-sequel v0.3.11
   Compiling tree-sitter-typescript v0.23.2
   Compiling tree-sitter-vb-dotnet v0.1.0
   Compiling tree-sitter-java v0.23.5
   Compiling tree-sitter-toml-ng v0.7.0
   Compiling tree-sitter-swift v0.7.3
   Compiling tree-sitter-go v0.25.0
   Compiling tree-sitter-json v0.24.8
   Compiling tree-sitter-cpp v0.23.4
   Compiling tree-sitter-ini v1.4.0
   Compiling tree-sitter-rust v0.24.2
   Compiling tree-sitter-c v0.24.2
   Compiling tree-sitter-yaml v0.7.2
   Compiling tree-sitter-scala v0.25.1
   Compiling ts-parser-perl v1.1.2
   Compiling tree-sitter-python v0.25.0
   Compiling tree-sitter-javascript v0.25.0
   Compiling tree-sitter-pascal v0.10.2
   Compiling tree-sitter-lua v0.2.0
   Compiling tree-sitter-html v0.23.2
   Compiling tree-sitter-r v1.2.0
   Compiling tree-sitter-kotlin-ng v1.1.0
   Compiling tree-sitter-css v0.25.0
   Compiling tree-sitter-xml v0.7.0
   Compiling tree-sitter-php v0.24.2
   Compiling tree-sitter-ruby v0.23.1
   Compiling nom v8.0.0
   Compiling hashbrown v0.14.5
   Compiling rust_decimal v1.42.0
   Compiling bitflags v1.3.2
   Compiling dtor-proc-macro v0.0.5
   Compiling unsafe-libyaml v0.2.11
   Compiling dtor v0.0.6
   Compiling kanaria v0.2.0
   Compiling dashmap v6.2.1
   Compiling serde_yaml_ng v0.10.0
   Compiling links-notation v0.13.0
   Compiling clap v4.6.1
   Compiling num-bigint v0.4.6
   Compiling tempfile v3.27.0
   Compiling rayon v1.12.0
   Compiling pest_derive v2.8.6
   Compiling unicode-normalization v0.1.25
   Compiling itertools v0.14.0
   Compiling hashlink v0.10.0
   Compiling strum_macros v0.27.2
   Compiling lingua-english-language-model v1.3.0
   Compiling lingua-chinese-language-model v1.3.0
   Compiling lingua-urdu-language-model v1.3.0
   Compiling lingua-bengali-language-model v1.3.0
   Compiling lingua-hindi-language-model v1.3.0
   Compiling lingua-arabic-language-model v1.3.0
   Compiling lingua-spanish-language-model v1.3.0
   Compiling lingua-french-language-model v1.3.0
   Compiling lingua-russian-language-model v1.3.0
   Compiling lingua-portuguese-language-model v1.3.0
   Compiling counter v0.7.1
   Compiling allocator-api2 v0.4.0
   Compiling unicode-segmentation v1.13.3
   Compiling winnow v1.0.3
   Compiling maplit v1.0.2
   Compiling beef v0.5.2
   Compiling strum v0.27.2
   Compiling ctor-proc-macro v0.0.6
   Compiling arrayvec v0.7.6
   Compiling iana-time-zone v0.1.65
   Compiling unicode-blocks v0.1.9
   Compiling streaming-iterator v0.1.9
   Compiling chrono v0.4.44
   Compiling ctor v0.4.3
   Compiling lingua v1.8.0
   Compiling toml_parser v1.1.2+spec-1.1.0
   Compiling platform-data v2.0.0
   Compiling platform-mem v0.3.0
   Compiling json5_nodes v2.0.2
   Compiling num-rational v0.4.2
   Compiling platform-trees v0.3.4
   Compiling wasm-bindgen-futures v0.4.71
   Compiling serde-wasm-bindgen v0.6.5
   Compiling web-sys v0.3.98
   Compiling whatlang v0.18.0
   Compiling console_error_panic_hook v0.1.7
   Compiling toml_datetime v1.1.1+spec-1.1.0
   Compiling formal-ai v0.289.0 (/tmp/gh-issue-solver-1784064801495)
   Compiling lino-env v0.1.0
   Compiling lazy_static v1.5.0
   Compiling tap v1.0.1
   Compiling toml_writer v1.1.1+spec-1.1.0
   Compiling dotenvy v0.15.7
   Compiling leak_slice v0.2.0
   Compiling unicode-bidi v0.3.18
   Compiling doublets v0.4.0
   Compiling lino-objects-codec v0.2.1
   Compiling link-calculator v0.19.0
   Compiling toml_edit v0.25.11+spec-1.1.0
   Compiling lino-arguments v0.3.0
   Compiling thread-priority v1.2.0
   Compiling fs2 v0.4.3
   Compiling rustls-webpki v0.103.13
   Compiling tokio-rustls v0.26.4
   Compiling rustls-platform-verifier v0.7.0
   Compiling hyper-rustls v0.27.9
   Compiling reqwest v0.13.4
   Compiling lindera-jieba v3.0.7
   Compiling lindera v3.0.7
   Compiling meta-language v0.45.0
    Finished `release` profile [optimized] target(s) in 10m 26s
