    Blocking waiting for file lock on package cache
    Blocking waiting for file lock on package cache
    Blocking waiting for file lock on package cache
    Blocking waiting for file lock on package cache
    Checking memchr v2.8.0
    Checking utf8parse v0.2.2
    Checking anstyle v1.0.14
    Checking colorchoice v1.0.5
    Checking is_terminal_polyfill v1.70.2
    Checking anstyle-query v1.1.5
    Checking serde_core v1.0.228
    Checking strsim v0.11.1
    Checking clap_lex v1.1.0
    Checking anstyle-parse v0.2.7
    Checking dtor v0.0.6
    Checking thiserror v1.0.69
    Checking ctor v0.4.3
    Checking zmij v1.0.21
    Checking anstream v0.6.21
    Checking base64 v0.22.1
    Checking lino-env v0.1.0
    Checking dotenvy v0.15.7
    Checking itoa v1.0.18
    Checking clap_builder v4.5.60
    Checking regex-syntax v0.8.10
    Checking nom v8.0.0
    Checking aho-corasick v1.1.4
    Checking same-file v1.0.6
    Checking walkdir v2.5.0
    Checking serde v1.0.228
    Checking serde_json v1.0.149
    Checking regex-automata v0.4.14
    Checking clap v4.5.60
    Checking lino-arguments v0.3.0
    Checking links-notation v0.13.0
    Checking lino-objects-codec v0.2.1
    Checking formal-ai v0.22.0 (/tmp/gh-issue-solver-1778853181780)
    Checking regex v1.12.3
    Finished `dev` profile [unoptimized + debuginfo] target(s) in 5.41s
