
Running 34 tests using 2 workers

  ✓   2 [chromium] › tests/demo.spec.js:18:3 › formal-ai demo UI › page title is formal-ai (752ms)
  ✓   1 [chromium] › tests/multilingual.spec.js:29:3 › multilingual chat surface › Russian greeting replies in Russian (1.1s)
  ✓   3 [chromium] › tests/demo.spec.js:22:3 › formal-ai demo UI › brand header is visible (549ms)
  ✓   4 [chromium] › tests/multilingual.spec.js:35:3 › multilingual chat surface › Hindi greeting replies in Hindi (802ms)
  ✓   6 [chromium] › tests/multilingual.spec.js:41:3 › multilingual chat surface › Chinese identity question replies in Chinese (663ms)
  ✓   7 [chromium] › tests/multilingual.spec.js:48:3 › multilingual chat surface › Russian "What is X?" returns the offline concept summary (633ms)
  ✓   8 [chromium] › tests/multilingual.spec.js:54:3 › multilingual chat surface › Chinese "X 是什么?" returns the offline concept summary (816ms)
  ✓   9 [chromium] › tests/multilingual.spec.js:68:3 › Wikipedia REST fallback › "What is X?" for an out-of-corpus term fetches a Wikipedia summary (802ms)
  ✓  10 [chromium] › tests/multilingual.spec.js:102:3 › memory export/import › Export memory and Import memory buttons are present (510ms)
  ✓  11 [chromium] › tests/multilingual.spec.js:107:3 › memory export/import › Export memory downloads a full formal_ai_bundle by default (R109) (820ms)
  ✓  12 [chromium] › tests/multilingual.spec.js:137:3 › memory export/import › Import memory accepts a Links Notation file (762ms)
  ✓   5 [chromium] › tests/demo.spec.js:27:3 › formal-ai demo UI › demo mode starts automatically and exposes a live countdown (6.2s)
  ✓  13 [chromium] › tests/multilingual.spec.js:165:3 › memory export/import › Import memory accepts a formal_ai_bundle and reports seed migrations (R110, R111) (730ms)
  ✓  15 [chromium] › tests/multilingual.spec.js:194:3 › memory export/import › Memory module exposes no delete/forget operation (555ms)
  ✓  16 [chromium] › tests/multilingual.spec.js:213:3 › memory export/import › Download bundle exports a formal_ai_bundle with seed and memory log (667ms)
  ✓  14 [chromium] › tests/demo.spec.js:45:3 › formal-ai demo UI › automatic demo renders a chat exchange (1.9s)
  ✓  17 [chromium] › tests/multilingual.spec.js:234:3 › memory export/import › Report issue link is present in the topbar and prefills full-memory + zip instructions (R112) (539ms)
  ✓  19 [chromium] › tests/multilingual.spec.js:251:3 › memory export/import › Tool registry surfaces seed-loaded tools with mode badges (549ms)
  ✓  18 [chromium] › tests/demo.spec.js:58:3 › formal-ai demo UI › quick prompts sidebar is visible with expected prompts (808ms)
  ✓  20 [chromium] › tests/multilingual.spec.js:264:3 › memory export/import › Reasoning steps and tool calls land in the append-only log (696ms)
  ✓  21 [chromium] › tests/demo.spec.js:67:3 › formal-ai demo UI › chat input and send button are present (581ms)
  ✓  22 [chromium] › tests/demo.spec.js:78:3 › formal-ai demo UI › send button is disabled when input is empty (522ms)
  ✓  23 [chromium] › tests/demo.spec.js:85:3 › formal-ai demo UI › clicking a quick prompt populates the input (503ms)
  ✓  24 [chromium] › tests/demo.spec.js:94:3 › formal-ai demo UI › sending a greeting produces an assistant reply (640ms)
  ✓  25 [chromium] › tests/demo.spec.js:114:3 › formal-ai demo UI › known assistant dialogs include a prefilled issue report link (559ms)
  ✓  26 [chromium] › tests/demo.spec.js:148:3 › formal-ai demo UI › asking who are you produces an identity response (633ms)
  ✓  27 [chromium] › tests/demo.spec.js:166:3 › formal-ai demo UI › unknown prompts include a prefilled missing-rule issue link (1.4s)
  ✓  28 [chromium] › tests/demo.spec.js:203:3 › formal-ai demo UI › sending a hello world request produces a code block (695ms)
  ✓  29 [chromium] › tests/demo.spec.js:224:3 › formal-ai demo UI › pressing Enter submits the message (605ms)
  ✓  30 [chromium] › tests/demo.spec.js:238:3 › formal-ai demo UI › demo mode toggle button is present (549ms)
  ✓  31 [chromium] › tests/demo.spec.js:247:3 › formal-ai demo UI › toggling demo mode disables the input (697ms)
  ✓  32 [chromium] › tests/demo.spec.js:257:3 › formal-ai demo UI › diagnostics are hidden by default (512ms)
  ✓  33 [chromium] › tests/demo.spec.js:264:3 › formal-ai demo UI › diagnostics toggle shows trace, intent, evidence, and thinking steps (2.0s)
  ✓  34 [chromium] › tests/demo.spec.js:285:3 › formal-ai demo UI › composer does not expose an unused preview control (531ms)

  34 passed (22.0s)
