   Compiling proc-macro2 v1.0.103
   Compiling quote v1.0.42
   Compiling unicode-ident v1.0.22
   Compiling memchr v2.8.0
   Compiling serde_core v1.0.228
   Compiling utf8parse v0.2.2
   Compiling anstyle-parse v0.2.7
   Compiling is_terminal_polyfill v1.70.2
   Compiling anstyle v1.0.14
   Compiling anstyle-query v1.1.5
   Compiling colorchoice v1.0.5
   Compiling serde v1.0.228
   Compiling strsim v0.11.1
   Compiling anstream v0.6.21
   Compiling zmij v1.0.21
   Compiling heck v0.5.0
   Compiling thiserror v1.0.69
   Compiling clap_lex v1.1.0
   Compiling dtor-proc-macro v0.0.5
   Compiling clap_builder v4.5.60
   Compiling syn v2.0.111
   Compiling dtor v0.0.6
   Compiling nom v8.0.0
   Compiling ctor-proc-macro v0.0.6
   Compiling serde_json v1.0.149
   Compiling ctor v0.4.3
   Compiling dotenvy v0.15.7
   Compiling base64 v0.22.1
   Compiling lino-env v0.1.0
   Compiling itoa v1.0.18
   Compiling aho-corasick v1.1.4
   Compiling regex-syntax v0.8.10
   Compiling links-notation v0.13.0
   Compiling regex-automata v0.4.14
   Compiling lino-objects-codec v0.2.1
   Compiling same-file v1.0.6
   Compiling thiserror-impl v1.0.69
   Compiling clap_derive v4.5.55
   Compiling serde_derive v1.0.228
   Compiling walkdir v2.5.0
   Compiling regex v1.12.3
   Compiling clap v4.5.60
   Compiling lino-arguments v0.3.0
   Compiling formal-ai v0.23.0 (/tmp/gh-issue-solver-1778856987392)
    Finished `test` profile [unoptimized + debuginfo] target(s) in 9.81s
     Running unittests src/lib.rs (target/debug/deps/formal_ai-2c298919a1564bf4)

running 0 tests

test result: ok. 0 passed; 0 failed; 0 ignored; 0 measured; 61 filtered out; finished in 0.00s

     Running unittests src/main.rs (target/debug/deps/formal_ai-2d792be6a987b5f0)

running 0 tests

test result: ok. 0 passed; 0 failed; 0 ignored; 0 measured; 0 filtered out; finished in 0.00s

     Running tests/integration/mod.rs (target/debug/deps/integration-3cbb78373e6d1139)

running 0 tests

test result: ok. 0 passed; 0 failed; 0 ignored; 0 measured; 7 filtered out; finished in 0.00s

     Running tests/unit/mod.rs (target/debug/deps/unit-8ec478f7d7282a96)

running 1 test

thread 'ci_cd::workflow_release::pages_e2e_navigation_preserves_repository_subpath' (2762110) panicked at tests/unit/ci-cd/workflow_release.rs:181:5:
Pages e2e should normalize PAGES_URL with a trailing slash so ./ resolves inside /formal-ai/
note: run with `RUST_BACKTRACE=1` environment variable to display a backtrace
test ci_cd::workflow_release::pages_e2e_navigation_preserves_repository_subpath ... FAILED

failures:

failures:
    ci_cd::workflow_release::pages_e2e_navigation_preserves_repository_subpath

test result: FAILED. 0 passed; 1 failed; 0 ignored; 0 measured; 227 filtered out; finished in 0.00s

error: test failed, to rerun pass `--test unit`
