
Running 34 tests using 2 workers

  ✓   2 [chromium] › tests/demo.spec.js:22:3 › formal-ai demo UI › page title is formal-ai (655ms)
  ✓   1 [chromium] › tests/multilingual.spec.js:36:3 › multilingual chat surface › Russian greeting replies in Russian (950ms)
  ✓   3 [chromium] › tests/demo.spec.js:26:3 › formal-ai demo UI › brand header is visible (457ms)
  ✓   4 [chromium] › tests/multilingual.spec.js:42:3 › multilingual chat surface › Hindi greeting replies in Hindi (656ms)
  ✓   6 [chromium] › tests/multilingual.spec.js:48:3 › multilingual chat surface › Chinese identity question replies in Chinese (753ms)
  ✓   7 [chromium] › tests/multilingual.spec.js:55:3 › multilingual chat surface › Russian "What is X?" returns the offline concept summary (707ms)
  ✓   8 [chromium] › tests/multilingual.spec.js:61:3 › multilingual chat surface › Chinese "X 是什么?" returns the offline concept summary (667ms)
  ✓   9 [chromium] › tests/multilingual.spec.js:75:3 › Wikipedia REST fallback › "What is X?" for an out-of-corpus term fetches a Wikipedia summary (641ms)
  ✓  10 [chromium] › tests/multilingual.spec.js:109:3 › memory export/import › Export memory and Import memory buttons are present (538ms)
  ✓  11 [chromium] › tests/multilingual.spec.js:114:3 › memory export/import › Export memory downloads a full formal_ai_bundle by default (R109) (598ms)
  ✓  12 [chromium] › tests/multilingual.spec.js:144:3 › memory export/import › Import memory accepts a Links Notation file (491ms)
  ✓  13 [chromium] › tests/multilingual.spec.js:172:3 › memory export/import › Import memory accepts a formal_ai_bundle and reports seed migrations (R110, R111) (446ms)
  ✓  14 [chromium] › tests/multilingual.spec.js:201:3 › memory export/import › Memory module exposes no delete/forget operation (457ms)
  ✓   5 [chromium] › tests/demo.spec.js:31:3 › formal-ai demo UI › demo mode starts automatically and exposes a live countdown (6.0s)
  ✓  15 [chromium] › tests/multilingual.spec.js:220:3 › memory export/import › Download bundle exports a formal_ai_bundle with seed and memory log (639ms)
  ✓  17 [chromium] › tests/multilingual.spec.js:241:3 › memory export/import › Report issue link is present in the topbar and prefills full-memory + zip instructions (R112) (628ms)
  ✓  18 [chromium] › tests/multilingual.spec.js:258:3 › memory export/import › Tool registry surfaces seed-loaded tools with mode badges (548ms)
  ✓  16 [chromium] › tests/demo.spec.js:49:3 › formal-ai demo UI › automatic demo renders a chat exchange (1.9s)
  ✓  19 [chromium] › tests/multilingual.spec.js:271:3 › memory export/import › Reasoning steps and tool calls land in the append-only log (700ms)
  ✓  20 [chromium] › tests/demo.spec.js:62:3 › formal-ai demo UI › quick prompts sidebar is visible with expected prompts (509ms)
  ✓  21 [chromium] › tests/demo.spec.js:71:3 › formal-ai demo UI › chat input and send button are present (517ms)
  ✓  22 [chromium] › tests/demo.spec.js:82:3 › formal-ai demo UI › send button is disabled when input is empty (467ms)
  ✓  23 [chromium] › tests/demo.spec.js:89:3 › formal-ai demo UI › clicking a quick prompt populates the input (471ms)
  ✓  24 [chromium] › tests/demo.spec.js:98:3 › formal-ai demo UI › sending a greeting produces an assistant reply (565ms)
  ✓  25 [chromium] › tests/demo.spec.js:118:3 › formal-ai demo UI › known assistant dialogs include a prefilled issue report link (577ms)
  ✓  26 [chromium] › tests/demo.spec.js:152:3 › formal-ai demo UI › asking who are you produces an identity response (579ms)
  ✓  27 [chromium] › tests/demo.spec.js:170:3 › formal-ai demo UI › unknown prompts include a prefilled missing-rule issue link (761ms)
  ✓  28 [chromium] › tests/demo.spec.js:207:3 › formal-ai demo UI › sending a hello world request produces a code block (642ms)
  ✓  29 [chromium] › tests/demo.spec.js:228:3 › formal-ai demo UI › pressing Enter submits the message (549ms)
  ✓  30 [chromium] › tests/demo.spec.js:242:3 › formal-ai demo UI › demo mode toggle button is present (499ms)
  ✓  31 [chromium] › tests/demo.spec.js:251:3 › formal-ai demo UI › toggling demo mode disables the input (573ms)
  ✓  32 [chromium] › tests/demo.spec.js:261:3 › formal-ai demo UI › diagnostics are hidden by default (729ms)
  ✓  33 [chromium] › tests/demo.spec.js:268:3 › formal-ai demo UI › diagnostics toggle shows trace, intent, evidence, and thinking steps (2.0s)
  ✓  34 [chromium] › tests/demo.spec.js:289:3 › formal-ai demo UI › composer does not expose an unused preview control (522ms)

  34 passed (20.0s)
