
Running 34 tests using 2 workers

  ✓   2 [chromium] › tests/demo.spec.js:18:3 › formal-ai demo UI › page title is formal-ai (769ms)
  ✓   3 [chromium] › tests/demo.spec.js:22:3 › formal-ai demo UI › brand header is visible (455ms)
  ✘   1 [chromium] › tests/multilingual.spec.js:29:3 › multilingual chat surface › Russian greeting replies in Russian (6.1s)
  ✓   5 [chromium] › tests/multilingual.spec.js:29:3 › multilingual chat surface › Russian greeting replies in Russian (retry #1) (757ms)
  ✓   4 [chromium] › tests/demo.spec.js:27:3 › formal-ai demo UI › demo mode starts automatically and exposes a live countdown (6.5s)
  ✓   6 [chromium] › tests/multilingual.spec.js:35:3 › multilingual chat surface › Hindi greeting replies in Hindi (787ms)
  ✓   8 [chromium] › tests/multilingual.spec.js:41:3 › multilingual chat surface › Chinese identity question replies in Chinese (571ms)
  ✓   7 [chromium] › tests/demo.spec.js:45:3 › formal-ai demo UI › automatic demo renders a chat exchange (1.8s)
  ✓   9 [chromium] › tests/multilingual.spec.js:48:3 › multilingual chat surface › Russian "What is X?" returns the offline concept summary (615ms)
  ✓  10 [chromium] › tests/demo.spec.js:58:3 › formal-ai demo UI › quick prompts sidebar is visible with expected prompts (512ms)
  ✓  11 [chromium] › tests/multilingual.spec.js:54:3 › multilingual chat surface › Chinese "X 是什么?" returns the offline concept summary (697ms)
  ✓  12 [chromium] › tests/demo.spec.js:67:3 › formal-ai demo UI › chat input and send button are present (622ms)
  ✓  13 [chromium] › tests/multilingual.spec.js:68:3 › Wikipedia REST fallback › "What is X?" for an out-of-corpus term fetches a Wikipedia summary (572ms)
  ✓  15 [chromium] › tests/multilingual.spec.js:102:3 › memory export/import › Export memory and Import memory buttons are present (909ms)
  ✓  14 [chromium] › tests/demo.spec.js:78:3 › formal-ai demo UI › send button is disabled when input is empty (1.1s)
  ✓  17 [chromium] › tests/demo.spec.js:85:3 › formal-ai demo UI › clicking a quick prompt populates the input (574ms)
  ✓  16 [chromium] › tests/multilingual.spec.js:107:3 › memory export/import › Export memory downloads a full formal_ai_bundle by default (R109) (628ms)
  ✓  19 [chromium] › tests/multilingual.spec.js:137:3 › memory export/import › Import memory accepts a Links Notation file (641ms)
  ✓  18 [chromium] › tests/demo.spec.js:94:3 › formal-ai demo UI › sending a greeting produces an assistant reply (803ms)
  ✓  20 [chromium] › tests/multilingual.spec.js:165:3 › memory export/import › Import memory accepts a formal_ai_bundle and reports seed migrations (R110, R111) (520ms)
  ✓  21 [chromium] › tests/demo.spec.js:114:3 › formal-ai demo UI › known assistant dialogs include a prefilled issue report link (631ms)
  ✓  22 [chromium] › tests/multilingual.spec.js:194:3 › memory export/import › Memory module exposes no delete/forget operation (500ms)
  ✓  23 [chromium] › tests/demo.spec.js:148:3 › formal-ai demo UI › asking who are you produces an identity response (629ms)
  ✓  24 [chromium] › tests/multilingual.spec.js:213:3 › memory export/import › Download bundle exports a formal_ai_bundle with seed and memory log (656ms)
  ✓  26 [chromium] › tests/multilingual.spec.js:234:3 › memory export/import › Report issue link is present in the topbar and prefills full-memory + zip instructions (R112) (504ms)
  ✓  27 [chromium] › tests/multilingual.spec.js:251:3 › memory export/import › Tool registry surfaces seed-loaded tools with mode badges (547ms)
  ✓  25 [chromium] › tests/demo.spec.js:166:3 › formal-ai demo UI › unknown prompts include a prefilled missing-rule issue link (1.8s)
  ✓  28 [chromium] › tests/multilingual.spec.js:264:3 › memory export/import › Reasoning steps and tool calls land in the append-only log (544ms)
  ✓  29 [chromium] › tests/demo.spec.js:203:3 › formal-ai demo UI › sending a hello world request produces a code block (556ms)
  ✓  30 [chromium] › tests/demo.spec.js:224:3 › formal-ai demo UI › pressing Enter submits the message (540ms)
  ✓  31 [chromium] › tests/demo.spec.js:238:3 › formal-ai demo UI › demo mode toggle button is present (481ms)
  ✓  32 [chromium] › tests/demo.spec.js:247:3 › formal-ai demo UI › toggling demo mode disables the input (581ms)
  ✓  33 [chromium] › tests/demo.spec.js:257:3 › formal-ai demo UI › diagnostics are hidden by default (438ms)
  ✓  34 [chromium] › tests/demo.spec.js:264:3 › formal-ai demo UI › diagnostics toggle shows trace, intent, evidence, and thinking steps (1.8s)
  ✓  35 [chromium] › tests/demo.spec.js:285:3 › formal-ai demo UI › composer does not expose an unused preview control (457ms)


  1) [chromium] › tests/multilingual.spec.js:29:3 › multilingual chat surface › Russian greeting replies in Russian

    Error: [2mexpect([22m[31mlocator[39m[2m).[22mtoContainText[2m([22m[32mexpected[39m[2m)[22m failed

    Locator: locator('[data-testid="chat-message"]').last()
    Timeout: 5000ms
    Expected pattern: [32m/Здравствуйте|Привет/[39m
    Received string:  [31m"FAformal-ai03:02 PMHi, how may I help you?[39m
    [31mReport issue"[39m

    Call log:
    [2m  - Expect "toContainText" with timeout 5000ms[22m
    [2m  - waiting for locator('[data-testid="chat-message"]').last()[22m
    [2m    14 × locator resolved to <article class="message assistant" data-testid="chat-message">…</article>[22m
    [2m       - unexpected value "FAformal-ai03:02 PMHi, how may I help you?[22m
    [2mReport issue"[22m


      30 |     const last = await sendPrompt(page, 'Привет');
      31 |     await expect(last).toHaveClass(/assistant/);
    > 32 |     await expect(last).toContainText(/Здравствуйте|Привет/);
         |                        ^
      33 |   });
      34 |
      35 |   test('Hindi greeting replies in Hindi', async ({ page }) => {
        at /tmp/gh-issue-solver-1778856987392/tests/e2e/tests/multilingual.spec.js:32:24

    Error Context: test-results/multilingual-multilingual--d4c05-greeting-replies-in-Russian-chromium/error-context.md

  1 flaky
    [chromium] › tests/multilingual.spec.js:29:3 › multilingual chat surface › Russian greeting replies in Russian
  33 passed (22.2s)
