    Blocking waiting for file lock on package cache
    Blocking waiting for file lock on package cache
    Blocking waiting for file lock on package cache
    Blocking waiting for file lock on build directory
   Compiling formal-ai v0.245.0 (/tmp/gh-issue-solver-1782763761002)
    Finished `test` profile [unoptimized + debuginfo] target(s) in 11.35s
     Running tests/unit/mod.rs (target/debug/deps/unit-a0e84ec09dade51f)

running 17 tests
test data_files::grounded_meaning_coverage_does_not_regress ... ok
test data_files::meaning_definitions_are_unique ... ok
test data_files::meaning_seed_uses_id_fact_format ... ok
test data_files::lexical_completeness_does_not_regress ... ok
test data_files::meaning_slugs_are_globally_unique ... ok
test data_files::seed_lino_files_have_no_keyword_restating_comments ... ok
test data_files::seed_lino_files_have_no_empty_redefinition_fields ... ok
test data_files::seed_lino_files_have_no_synthetic_surface_ids ... ok
test data_files::cache_source_json_is_pretty_printed ... ok
test data_files::seed_lino_files_have_no_codepoint_byte_dumps ... ok
test data_files::wiktionary_cache_breadth_does_not_regress ... ok
test data_files::seed_lino_values_never_pipe_pack_multi_values ... ok
test data_files::wikidata_cache_uses_compact_native_lino ... ok
test data_files::wikidata_lino_cache_rebuilds_full_json_losslessly ... ok
test data_files::wiktionary_cache_is_pretty_printed_and_rebuilds_full_json ... ok
test data_files::lino_data_files_avoid_jsonish_and_unresolved_tokens ... ok
test data_files::lino_data_files_are_parseable_human_readable_and_bounded ... ok

test result: ok. 17 passed; 0 failed; 0 ignored; 0 measured; 1188 filtered out; finished in 1.16s
