Installing rust-script (attempt 1/3)
    Updating crates.io index
 Downloading crates ...
  Downloaded rust-script v0.36.0
  Installing rust-script v0.36.0
    Updating crates.io index
    Updating crates.io index
 Downloading crates ...
  Downloaded anstyle-parse v0.2.7
  Downloaded anstyle v1.0.11
  Downloaded anstyle-query v1.1.4
  Downloaded sha1 v0.10.6
  Downloaded crypto-common v0.1.6
  Downloaded pulldown-cmark-escape v0.11.0
  Downloaded clap_lex v0.7.5
  Downloaded env_filter v0.1.3
  Downloaded option-ext v0.2.0
  Downloaded fastrand v2.3.0
  Downloaded dirs-sys v0.5.0
  Downloaded toml_writer v1.0.2
  Downloaded unicase v2.8.1
  Downloaded toml_datetime v0.7.0
  Downloaded env_logger v0.11.8
  Downloaded bitflags v2.9.1
  Downloaded toml_parser v1.0.2
  Downloaded toml v0.9.5
  Downloaded typenum v1.18.0
  Downloaded memchr v2.7.5
  Downloaded indexmap v2.10.0
  Downloaded aho-corasick v1.1.3
  Downloaded serde v1.0.219
  Downloaded pulldown-cmark v0.13.0
  Downloaded winnow v0.7.12
  Downloaded unicode-width v0.2.1
  Downloaded clap_builder v4.5.44
  Downloaded getrandom v0.3.3
  Downloaded clap v4.5.45
  Downloaded regex v1.11.1
  Downloaded log v0.4.27
  Downloaded tempfile v3.20.0
  Downloaded getopts v0.2.23
  Downloaded regex-syntax v0.8.5
  Downloaded once_cell v1.21.3
  Downloaded is_terminal_polyfill v1.70.1
  Downloaded errno v0.3.13
  Downloaded rustix v1.0.8
  Downloaded shell-words v1.1.0
  Downloaded serde_spanned v1.0.0
  Downloaded dirs v6.0.0
  Downloaded colorchoice v1.0.4
  Downloaded cfg-if v1.0.1
  Downloaded anstream v0.6.20
  Downloaded regex-automata v0.4.9
  Downloaded libc v0.2.175
  Downloaded jiff v0.2.15
  Downloaded linux-raw-sys v0.9.4
   Compiling typenum v1.18.0
   Compiling version_check v0.9.5
   Compiling libc v0.2.175
   Compiling memchr v2.7.5
   Compiling utf8parse v0.2.2
   Compiling serde v1.0.219
   Compiling anstyle-parse v0.2.7
   Compiling colorchoice v1.0.4
   Compiling generic-array v0.14.7
   Compiling regex-syntax v0.8.5
   Compiling anstyle v1.0.11
   Compiling anstyle-query v1.1.4
   Compiling is_terminal_polyfill v1.70.1
   Compiling anstream v0.6.20
   Compiling aho-corasick v1.1.3
   Compiling cfg-if v1.0.1
   Compiling bitflags v2.9.1
   Compiling rustix v1.0.8
   Compiling getrandom v0.3.3
   Compiling pulldown-cmark v0.13.0
   Compiling block-buffer v0.10.4
   Compiling crypto-common v0.1.6
   Compiling winnow v0.7.12
   Compiling log v0.4.27
   Compiling strsim v0.11.1
   Compiling option-ext v0.2.0
   Compiling linux-raw-sys v0.9.4
   Compiling unicode-width v0.2.1
   Compiling clap_lex v0.7.5
   Compiling regex-automata v0.4.9
   Compiling toml_parser v1.0.2
   Compiling toml_datetime v0.7.0
   Compiling serde_spanned v1.0.0
   Compiling clap_builder v4.5.44
   Compiling getopts v0.2.23
   Compiling dirs-sys v0.5.0
   Compiling digest v0.10.7
   Compiling fastrand v2.3.0
   Compiling once_cell v1.21.3
   Compiling cpufeatures v0.2.17
   Compiling pulldown-cmark-escape v0.11.0
   Compiling toml_writer v1.0.2
   Compiling unicase v2.8.1
   Compiling jiff v0.2.15
   Compiling tempfile v3.20.0
   Compiling toml v0.9.5
   Compiling regex v1.11.1
   Compiling env_filter v0.1.3
   Compiling clap v4.5.45
   Compiling sha1 v0.10.6
   Compiling dirs v6.0.0
   Compiling shell-words v1.1.0
   Compiling env_logger v0.11.8
   Compiling rust-script v0.36.0
    Finished `release` profile [optimized] target(s) in 1m 18s
  Installing /home/box/.cargo/bin/rust-script
   Installed package `rust-script v0.36.0` (executable `rust-script`)
rust-script 0.36.0
