
> formal-ai-vscode@0.154.0 package
> vsce package

Executing prepublish script 'npm run vscode:prepublish'...

> formal-ai-vscode@0.154.0 vscode:prepublish
> node scripts/prepare-resources.mjs

Synced extension version 0.154.0 -> 0.289.0 (from Cargo.toml)
Prepared VS Code web resources: /tmp/gh-issue-solver-1784088123474/vscode/dist-web
Vendored desktop modules: tool-router.cjs, memory-sync.cjs -> /tmp/gh-issue-solver-1784088123474/vscode/src/lib/vendor
 INFO  Files included in the VSIX:
formal-ai-vscode-0.289.0.vsix
├─ [Content_Types].xml 
├─ extension.vsixmanifest 
└─ extension/
   ├─ LICENSE.txt [1.18 KB]
   ├─ package.json [4.27 KB]
   ├─ readme.md 
   ├─ dist-web/ (149 files) [5.29 MB]
   ├─ media/ (1 file) [0.49 KB]
   └─ src/ (9 files) [56.55 KB]

=> Run vsce ls --tree to see all included files.

 DONE  Packaged: /tmp/gh-issue-solver-1784088123474/vscode/formal-ai-vscode-0.289.0.vsix (164 files, 2.56 MB)
