
> formal-ai-e2e@1.0.0 test:local
> playwright test --config=playwright.local.config.js

[2m[WebServer] [22m(node:1828852) Warning: The 'NO_COLOR' env is ignored due to the 'FORCE_COLOR' env being set.
[2m[WebServer] [22m(Use `node --trace-warnings ...` to show where the warning was created)

Running 170 tests using 3 workers

  ✓    1 [chromium] › tests/connectivity.spec.js:12:3 › formal-ai connectivity diagnostics › renders search engines, public knowledge APIs, and proxy controls (554ms)
  ✓    2 [chromium] › tests/demo.spec.js:71:3 › formal-ai demo UI › page title is formal-ai (596ms)
  ✓    3 [chromium] › tests/issue-153.spec.js:117:3 › Issue #153 — search UX, formalization, and dedupe › top menu uses a lab emoji for the diagnostics toggle (619ms)
  ✓    5 [chromium] › tests/demo.spec.js:75:3 › formal-ai demo UI › brand header is visible (423ms)
  ✓    4 [chromium] › tests/connectivity.spec.js:36:3 › formal-ai connectivity diagnostics › fetches a CORS-readable public knowledge API directly (501ms)
  ✓    6 [chromium] › tests/issue-153.spec.js:123:3 › Issue #153 — search UX, formalization, and dedupe › top menu links to the GitHub source code (540ms)
  ✓    8 [chromium] › tests/connectivity.spec.js:65:3 › formal-ai connectivity diagnostics › records blocked direct page fetches without hiding iframe diagnostics (472ms)
  ✓    9 [chromium] › tests/issue-153.spec.js:132:3 › Issue #153 — search UX, formalization, and dedupe › "New conversation" button is disabled until the chat has content (640ms)
  ✓   10 [chromium] › tests/connectivity.spec.js:82:3 › formal-ai connectivity diagnostics › routes fetches through the configured web-capture proxy (415ms)
  ✓   11 [chromium] › tests/issue-153.spec.js:147:3 › Issue #153 — search UX, formalization, and dedupe › sidebar can be collapsed and expanded (596ms)
  ✓   12 [chromium] › tests/connectivity.spec.js:108:3 › formal-ai connectivity diagnostics › opens and expands iframe diagnostics for a page endpoint (532ms)
  ✓   13 [chromium] › tests/issue-153.spec.js:181:3 › Issue #153 — search UX, formalization, and dedupe › left menu actions section can be collapsed like the other sidebar sections (544ms)
  ✓   14 [chromium] › tests/issue-180.spec.js:130:3 › Issue #180 — always-on deformalize step › greeting prompt emits a deformalize step as the last reasoning step (775ms)
  ✓   16 [chromium] › tests/issue-180.spec.js:147:3 › Issue #180 — always-on deformalize step › unknown prompt still ends with deformalize (619ms)
  ✓   15 [chromium] › tests/issue-153.spec.js:196:3 › Issue #153 — search UX, formalization, and dedupe › diagnostics shows the SVO formalization view with @USER + OP:* + Q-id (2.0s)
  ✓   17 [chromium] › tests/issue-180.spec.js:159:3 › Issue #180 — always-on deformalize step › web_search emits formalize_resolved followed by deformalize (1.9s)
  ✓    7 [chromium] › tests/demo.spec.js:80:3 › formal-ai demo UI › demo mode starts automatically and exposes a live countdown (5.6s)
  ✓   18 [chromium] › tests/issue-153.spec.js:231:3 › Issue #153 — search UX, formalization, and dedupe › search results dedupe cross-provider entries by Wikidata sitelinks (2.0s)
  ✓   20 [chromium] › tests/demo.spec.js:98:3 › formal-ai demo UI › automatic demo renders a chat exchange (1.7s)
  ✓   22 [chromium] › tests/demo.spec.js:111:3 › formal-ai demo UI › quick prompts sidebar is visible with expected prompts (480ms)
  ✓   19 [chromium] › tests/issue-180.spec.js:200:3 › Issue #212 — Russian web-search word order › Найди яблоко в интернете routes to web_search instead of unknown (3.0s)
  ✓   21 [chromium] › tests/issue-153.spec.js:251:3 › Issue #153 — search UX, formalization, and dedupe › DuckDuckGo provider contributes results (regression: signature mismatch) (2.0s)
  ✓   23 [chromium] › tests/demo.spec.js:122:3 › formal-ai demo UI › chat input and send button are present (635ms)
  ✓   24 [chromium] › tests/issue-193.spec.js:19:3 › Issue #193 bundled web runtime › starts and translates UI when external JavaScript CDNs are unavailable (583ms)
  ✓   27 [chromium] › tests/issue-205.spec.js:22:3 › Issue #205 optional OCR image attachments › keeps OCR out of the initial page and exposes an explicit data warning (406ms)
  ✓   26 [chromium] › tests/demo.spec.js:133:3 › formal-ai demo UI › send button is disabled when input is empty (492ms)
  ✓   25 [chromium] › tests/issue-153.spec.js:300:3 › Issue #153 — search UX, formalization, and dedupe › priority-based topbar overflow never clips actions and keeps Bug reporting visible at 375px (1.0s)
  ✓   29 [chromium] › tests/demo.spec.js:140:3 › formal-ai demo UI › clicking a quick prompt populates the input (580ms)
  ✓   28 [chromium] › tests/issue-205.spec.js:40:3 › Issue #205 optional OCR image attachments › when enabled, image attachments export base64 and OCR text in memory (785ms)
  ✓   31 [chromium] › tests/demo.spec.js:149:3 › formal-ai demo UI › sending a greeting produces an assistant reply (607ms)
  ✓   32 [chromium] › tests/issue-210.spec.js:39:3 › Issue #210 Russian translation prompts › translate quoted Russian prompts instead of identity, capabilities, or placeholders (870ms)
  ✓   33 [chromium] › tests/demo.spec.js:169:3 › formal-ai demo UI › known assistant dialogs include a prefilled issue report link (504ms)
  ✓   34 [chromium] › tests/issue-218.spec.js:47:3 › Issue #218 apple/яблоко translation prompts › #216 — translate apple to russian without quotes (603ms)
  ✓   35 [chromium] › tests/demo.spec.js:215:3 › formal-ai demo UI › reporting a TypeScript hello world dialog annotates the message with intent and reported (593ms)
  ✓   36 [chromium] › tests/issue-218.spec.js:54:3 › Issue #218 apple/яблоко translation prompts › #216 — Translate Apple to Russian preserves capitalization (611ms)
  ✓   30 [chromium] › tests/issue-153.spec.js:416:3 › Issue #153 — search UX, formalization, and dedupe › search header is localized when the UI language is Russian (2.9s)
  ✓   37 [chromium] › tests/demo.spec.js:248:3 › formal-ai demo UI › asking who are you produces an identity response (630ms)
  ✓   40 [chromium] › tests/demo.spec.js:266:3 › formal-ai demo UI › polite small-talk follow-up does not fall through to unknown (744ms)
  ✓   38 [chromium] › tests/issue-218.spec.js:60:3 › Issue #218 apple/яблоко translation prompts › #216 — unquoted apple covers all supported target languages (1.1s)
  ✓   41 [chromium] › tests/demo.spec.js:278:3 › formal-ai demo UI › courtesy response can leave initiative with the user (695ms)
  ✓   42 [chromium] › tests/issue-218.spec.js:75:3 › Issue #218 apple/яблоко translation prompts › native Hindi and Chinese translation prompts work without quotes (689ms)
  ✓   39 [chromium] › tests/issue-153.spec.js:441:3 › Issue #153 — search UX, formalization, and dedupe › Russian information-search phrasing routes to web search (2.1s)
  ✓   44 [chromium] › tests/issue-218.spec.js:85:3 › Issue #218 apple/яблоко translation prompts › #217 — single Russian noun quoted with ASCII quotes (614ms)
  ✓   46 [chromium] › tests/issue-218.spec.js:92:3 › Issue #218 apple/яблоко translation prompts › #217 — single Russian noun quoted with chevron quotes (576ms)
  ✓   47 [chromium] › tests/issue-218.spec.js:98:3 › Issue #218 apple/яблоко translation prompts › round-trip: ru→en→ru lands on the original noun (558ms)
  ✓   48 [chromium] › tests/multilingual.spec.js:104:3 › multilingual chat surface › Russian greeting replies in Russian (505ms)
  ✓   49 [chromium] › tests/multilingual.spec.js:110:3 › multilingual chat surface › how-are-you small talk replies as a greeting across languages (784ms)
  ✓   43 [chromium] › tests/demo.spec.js:290:3 › formal-ai demo UI › reported prompt examples resolve through the browser worker (3.6s)
  ✓   50 [chromium] › tests/multilingual.spec.js:126:3 › multilingual chat surface › Russian combined greeting and identity question replies with identity (592ms)
  ✓   51 [chromium] › tests/demo.spec.js:372:3 › formal-ai demo UI › Owlbear extension request returns a software project plan (616ms)
  ✓   53 [chromium] › tests/demo.spec.js:404:3 › formal-ai demo UI › unknown prompts include a prefilled missing-rule issue link (536ms)
  ✓   52 [chromium] › tests/multilingual.spec.js:133:3 › multilingual chat surface › behavior-rule list possessive phrasing shows rules across supported languages (1.1s)
  ✓   55 [chromium] › tests/multilingual.spec.js:150:3 › multilingual chat surface › Hindi greeting replies in Hindi (738ms)
  ✓   54 [chromium] › tests/demo.spec.js:450:3 › formal-ai demo UI › behavior rules can be listed, inspected, and updated through chat (1.2s)
  ✓   56 [chromium] › tests/multilingual.spec.js:156:3 › multilingual chat surface › Chinese identity question replies in Chinese (552ms)
  ✓   57 [chromium] › tests/demo.spec.js:475:3 › formal-ai demo UI › sending a hello world request produces a code block (587ms)
  ✓   58 [chromium] › tests/multilingual.spec.js:163:3 › multilingual chat surface › single-variable equations resolve as calculations (593ms)
  ✓   59 [chromium] › tests/demo.spec.js:496:3 › formal-ai demo UI › pressing Enter submits the message (493ms)
  ✓   61 [chromium] › tests/demo.spec.js:510:3 › formal-ai demo UI › demo mode toggle button is present (381ms)
  ✓   60 [chromium] › tests/multilingual.spec.js:169:3 › multilingual chat surface › polite arithmetic action resolves as a calculation (542ms)
  ✓   62 [chromium] › tests/demo.spec.js:519:3 › formal-ai demo UI › toggling demo mode disables the input (649ms)
  ✓   64 [chromium] › tests/demo.spec.js:529:3 › formal-ai demo UI › diagnostics are hidden by default (389ms)
  ✓   63 [chromium] › tests/multilingual.spec.js:176:3 › multilingual chat surface › misspelled calculate action resolves as a calculation with interpretation (1.1s)
  ✓   66 [chromium] › tests/multilingual.spec.js:199:3 › multilingual chat surface › Russian word-number arithmetic resolves as a calculation (541ms)
  ✓   67 [chromium] › tests/multilingual.spec.js:205:3 › multilingual chat surface › Russian currency conversion resolves as a calculation (522ms)
  ✓   68 [chromium] › tests/multilingual.spec.js:212:3 › multilingual chat surface › Russian weekday relation resolves through calendar reasoning (547ms)
  ✓   65 [chromium] › tests/demo.spec.js:536:3 › formal-ai demo UI › diagnostics toggle shows trace, intent, evidence, and thinking steps (1.9s)
  ✓   70 [chromium] › tests/demo.spec.js:557:3 › formal-ai demo UI › message commands configure UI controls (709ms)
  ✓   69 [chromium] › tests/multilingual.spec.js:219:3 › multilingual chat surface › current-day questions resolve through calendar reasoning across supported languages (981ms)
  ✓   72 [chromium] › tests/multilingual.spec.js:243:3 › multilingual chat surface › percentage-of-currency prompt resolves as a calculation before Wikipedia fallback (495ms)
  ✓   45 [chromium] › tests/issue-153.spec.js:459:3 › Issue #153 — search UX, formalization, and dedupe › multilingual information-search phrasings route to web search (11.6s)
  ✓   73 [chromium] › tests/multilingual.spec.js:286:3 › multilingual chat surface › Russian "What is X?" returns the offline concept summary (477ms)
  ✓   74 [chromium] › tests/multilingual.spec.js:292:3 › multilingual chat surface › Issue #184: OpenStreerMap typo resolves through Wikipedia fuzzy search across supported languages (893ms)
  ✓   75 [chromium] › tests/multilingual.spec.js:386:3 › multilingual chat surface › Issue #182: BSD ports prompts across supported languages do not fall through to OpenBSD (861ms)
  ✓   76 [chromium] › tests/multilingual.spec.js:459:3 › multilingual chat surface › Issue #182: context Wikipedia search rejects a title that only matches the context (647ms)
  ✓   77 [chromium] › tests/multilingual.spec.js:522:3 › multilingual chat surface › Issue #159: Russian Hive Mind prompt prefers link-assistant project and still searches the web (2.1s)
  ✓   71 [chromium] › tests/demo.spec.js:570:3 › formal-ai demo UI › Issue #226: quoted language prose is not a UI language command across supported languages (5.8s)
  ✓   78 [chromium] › tests/multilingual.spec.js:601:3 › multilingual chat surface › Chinese "X 是什么?" returns the offline concept summary (707ms)
  ✓   79 [chromium] › tests/demo.spec.js:609:3 › formal-ai demo UI › composer does not expose an unused preview control (612ms)
  ✓   80 [chromium] › tests/multilingual.spec.js:607:3 › multilingual chat surface › Russian capital-of-Russia prompt returns the seeded fact answer (593ms)
  ✓   81 [chromium] › tests/demo.spec.js:616:3 › formal-ai demo UI › demo hint is shown in demo mode and hidden in manual mode (494ms)
  ✓   83 [chromium] › tests/demo.spec.js:627:3 › Issue #94: theme, localization, and report context › honors dark color-scheme preference automatically (403ms)
  ✓   82 [chromium] › tests/multilingual.spec.js:633:5 › multilingual chat surface › fact-query pipeline resolves: What is the capital of France? (614ms)
  ✓   84 [chromium] › tests/demo.spec.js:645:3 › Issue #94: theme, localization, and report context › auto-detects Russian UI language from browser preferences (502ms)
  ✓   85 [chromium] › tests/multilingual.spec.js:633:5 › multilingual chat surface › fact-query pipeline resolves: What is the capital of Germany? (632ms)
  ✓   86 [chromium] › tests/demo.spec.js:681:3 › Issue #94: theme, localization, and report context › ships UI dictionaries for all required languages (360ms)
  ✓   88 [chromium] › tests/demo.spec.js:704:3 › Issue #94: theme, localization, and report context › loads the published lino-i18n runtime for UI translations (379ms)
  ✓   87 [chromium] › tests/multilingual.spec.js:633:5 › multilingual chat surface › fact-query pipeline resolves: What is the capital of China? (605ms)
  ✓   89 [chromium] › tests/demo.spec.js:725:3 › Issue #94: theme, localization, and report context › loads the nested Links Notation catalog with generated parent labels (331ms)
  ✓   90 [chromium] › tests/multilingual.spec.js:633:5 › multilingual chat surface › fact-query pipeline resolves: What is the capital of India? (668ms)
  ✓   91 [chromium] › tests/demo.spec.js:753:3 › Issue #94: theme, localization, and report context › issue reports include UI, browser, and coarse location context (489ms)
  ✓   92 [chromium] › tests/multilingual.spec.js:633:5 › multilingual chat surface › fact-query pipeline resolves: What is the capital of the United States? (599ms)
  ✓   94 [chromium] › tests/multilingual.spec.js:633:5 › multilingual chat surface › fact-query pipeline resolves: What is the capital of the UK? (499ms)
  ✓   95 [chromium] › tests/multilingual.spec.js:633:5 › multilingual chat surface › fact-query pipeline resolves: What is the capital of Brazil? (539ms)
  ✓   93 [chromium] › tests/demo.spec.js:792:3 › Issue #94: theme, localization, and report context › prefilled issue URL stays below GitHub 8KB cap with a long dialog (1.9s)
  ✓   96 [chromium] › tests/multilingual.spec.js:633:5 › multilingual chat surface › fact-query pipeline resolves: Столица Германии (571ms)
  ✓   97 [chromium] › tests/demo.spec.js:828:3 › Issue #94: theme, localization, and report context › toolbar labels switch to icon-only before controls wrap (424ms)
  ✓   99 [chromium] › tests/demo.spec.js:852:3 › Issue #108: mobile composer and configurable input UI › mobile uses a left menu, hides the wordmark, and exposes brand details inside the drawer (459ms)
  ✓   98 [chromium] › tests/multilingual.spec.js:633:5 › multilingual chat surface › fact-query pipeline resolves: Столица Франции (673ms)
  ✓  100 [chromium] › tests/demo.spec.js:873:3 › Issue #108: mobile composer and configurable input UI › focused mobile composer stays in one row and keeps the top menu reachable (497ms)
  ✓  101 [chromium] › tests/multilingual.spec.js:633:5 › multilingual chat surface › fact-query pipeline resolves: 中国的首都是什么? (550ms)
  ✓  102 [chromium] › tests/demo.spec.js:908:3 › Issue #108: mobile composer and configurable input UI › UI skin, chat style, composer style, and action button are configurable and persisted (507ms)
  ✓  103 [chromium] › tests/multilingual.spec.js:633:5 › multilingual chat surface › fact-query pipeline resolves: भारत की राजधानी क्या है? (553ms)
  ✓  104 [chromium] › tests/demo.spec.js:932:3 › Issue #108: mobile composer and configurable input UI › composer menu exposes attachment and memory actions at the input (410ms)
  ✓  105 [chromium] › tests/multilingual.spec.js:641:3 › multilingual chat surface › merged Wikipedia definitions combine localized seed summaries (586ms)
  ✓  106 [chromium] › tests/demo.spec.js:955:3 › Issue #136: desktop sidebar sizing › tool cards fit inside the sidebar without horizontal overflow (353ms)
  ✓  108 [chromium] › tests/demo.spec.js:997:3 › Issue #136: desktop sidebar sizing › desktop sidebar can be resized with the separator (501ms)
  ✓  107 [chromium] › tests/multilingual.spec.js:650:3 › multilingual chat surface › definition fusion setting merges plain definition prompts (575ms)
  ✓  109 [chromium] › tests/demo.spec.js:1024:3 › Issue #110: mobile keyboard viewport handling › focused mobile input pins the app shell to the visual viewport offset (459ms)
  ✓  110 [chromium] › tests/multilingual.spec.js:658:3 › multilingual chat surface › punctuation-only prompt asks for clarification (662ms)
  ✓  111 [chromium] › tests/multilingual.spec.js:668:3 › multilingual chat surface › Russian "what is KISS in programming" returns the design principle, not the band (712ms)
  ✓  112 [chromium] › tests/multilingual.spec.js:676:3 › multilingual chat surface › GitHub navigation suggests an external link without iframe preview (614ms)
  ✓  113 [chromium] › tests/multilingual.spec.js:722:3 › multilingual chat surface › Navigation previews URLs when frame policy allows embedding (500ms)
  ✓  114 [chromium] › tests/multilingual.spec.js:754:3 › multilingual chat surface › Make a request to X attempts a fetch and falls back to the iframe (628ms)
  ✓  115 [chromium] › tests/multilingual.spec.js:774:3 › multilingual chat surface › explicit web search fuses DuckDuckGo, Wikipedia, and Wikidata results (2.0s)
  ✓  116 [chromium] › tests/multilingual.spec.js:847:3 › Wikipedia REST fallback › "What is X?" for an out-of-corpus term fetches a Wikipedia summary (765ms)
  ✓  117 [chromium] › tests/multilingual.spec.js:873:3 › Wikipedia REST fallback › "Tell me, who is X" resolves through Wikipedia lookup (485ms)
  ✓  118 [chromium] › tests/multilingual.spec.js:898:3 › Wikipedia REST fallback › "Who X is" resolves through Wikipedia lookup (519ms)
  ✓  119 [chromium] › tests/multilingual.spec.js:923:3 › Wikipedia REST fallback › Issue #183: Russian "как устроен X" resolves through Wikipedia lookup (463ms)
  ✓  120 [chromium] › tests/multilingual.spec.js:967:3 › Wikipedia REST fallback › Russian Wikipedia summary displays decoded Cyrillic URL with encoded href (753ms)
  ✓  121 [chromium] › tests/multilingual.spec.js:1002:3 › Wikipedia REST fallback › Кто такой Илон Маск? resolves via surname-first variant (545ms)
  ✓  122 [chromium] › tests/multilingual.spec.js:1045:3 › Wikipedia REST fallback › "what is tesla" resolves via search fallback when direct slug is disambiguation (507ms)
  ✓  123 [chromium] › tests/multilingual.spec.js:1098:3 › Wikipedia REST fallback › Russian typo resolves to the closest Wikipedia match when guessing is preferred (524ms)
  ✓  124 [chromium] › tests/multilingual.spec.js:1141:3 › Wikipedia REST fallback › Issue #226: Wikipedia article-existence questions cover supported languages (1.8s)
  ✓  125 [chromium] › tests/multilingual.spec.js:1327:3 › Wikipedia REST fallback › Russian word lookup falls back to Wikidata before unrelated Wikipedia search hits (580ms)
  ✓  126 [chromium] › tests/multilingual.spec.js:1390:3 › Wikipedia REST fallback › unrelated Wikipedia search hits are rejected when exact term fallbacks miss (607ms)
  ✓  127 [chromium] › tests/multilingual.spec.js:1445:3 › Wikipedia REST fallback › word lookup falls back to Wiktionary when Wikipedia and Wikidata miss (631ms)
  ✓  128 [chromium] › tests/multilingual.spec.js:1498:3 › Issue #82: assistant behavior settings › settings sidebar exposes ambiguity, temperature, language, skins, and location controls (604ms)
  ✓  129 [chromium] › tests/multilingual.spec.js:1530:3 › Issue #82: assistant behavior settings › low ambiguity guessing asks before using a fuzzy Wikipedia match (620ms)
  ✓  130 [chromium] › tests/multilingual.spec.js:1583:3 › memory export/import › Export memory and Import memory buttons are present (351ms)
  ✓  131 [chromium] › tests/multilingual.spec.js:1588:3 › memory export/import › Export memory downloads a full formal_ai_bundle by default (R109) (491ms)
  ✓  132 [chromium] › tests/multilingual.spec.js:1618:3 › memory export/import › Import memory accepts a Links Notation file (405ms)
  ✓  133 [chromium] › tests/multilingual.spec.js:1646:3 › memory export/import › Import memory accepts a formal_ai_bundle and reports seed migrations (R110, R111) (361ms)
  ✓  134 [chromium] › tests/multilingual.spec.js:1675:3 › memory export/import › Memory module exposes no delete/forget operation (358ms)
  ✓  135 [chromium] › tests/multilingual.spec.js:1694:3 › memory export/import › Issue #27: Download bundle button is removed (duplicate of Export memory) (319ms)
  ✓  136 [chromium] › tests/multilingual.spec.js:1702:3 › memory export/import › Issue #27: Export memory does not surface a "Bundled N events + seed" label (539ms)
  ✓  137 [chromium] › tests/multilingual.spec.js:1713:3 › memory export/import › Issue #27: typing "Export memory" triggers the export button (428ms)
  ✓  138 [chromium] › tests/multilingual.spec.js:1726:3 › memory export/import › Issue #27: typing "Export your memory" also triggers the export button (433ms)
  ✓  139 [chromium] › tests/multilingual.spec.js:1737:3 › memory export/import › Issue #27: typing "Import memory" opens the file picker (453ms)
  ✓  140 [chromium] › tests/multilingual.spec.js:1750:3 › memory export/import › Report issue link is present in the topbar and links to the upload-memory guide (R112 + issue #78) (347ms)
  ✓  141 [chromium] › tests/multilingual.spec.js:1774:3 › memory export/import › Tool registry surfaces seed-loaded tools with mode badges (409ms)
  ✓  142 [chromium] › tests/multilingual.spec.js:1788:3 › memory export/import › Issue #112: tool registry includes all supported tools and localizes descriptions (404ms)
  ✓  143 [chromium] › tests/multilingual.spec.js:1819:3 › memory export/import › Reasoning steps and tool calls land in the append-only log (445ms)
  ✓  144 [chromium] › tests/multilingual.spec.js:1840:3 › Issue #27: random greeting variations › English greeting falls within the seeded variant list (408ms)
  ✓  145 [chromium] › tests/multilingual.spec.js:1853:3 › Issue #27: random greeting variations › disabling variations pins the canonical English greeting (822ms)
  ✓  146 [chromium] › tests/multilingual.spec.js:1880:3 › Issue #27: summarize skill › "summarize this conversation" returns a structured report (668ms)
  ✓  147 [chromium] › tests/multilingual.spec.js:1893:3 › Issue #27: summarize skill › single-word "summarize" triggers the skill (589ms)
  ✓  148 [chromium] › tests/multilingual.spec.js:1899:3 › Issue #27: summarize skill › Russian "резюме беседы" triggers the skill (594ms)
  ✓  149 [chromium] › tests/multilingual.spec.js:1905:3 › Issue #27: summarize skill › Chinese "总结" triggers the skill (544ms)
  ✓  150 [chromium] › tests/multilingual.spec.js:1920:3 › Issue #27: agent mode › Chat/Agent toggle is present and starts in Chat (434ms)
  ✓  151 [chromium] › tests/multilingual.spec.js:1930:3 › Issue #27: agent mode › Agent mode decomposes a multi-step task and runs each step (521ms)
  ✓  152 [chromium] › tests/multilingual.spec.js:1947:3 › Issue #27: agent mode › Agent mode preserves single-step prompts as plain Q&A (500ms)
  ✓  153 [chromium] › tests/multilingual.spec.js:1968:3 › Issue #27: mobile layout › topbar buttons collapse to emoji icons on mobile (305ms)
  ✓  154 [chromium] › tests/multilingual.spec.js:1979:3 › Issue #27: mobile layout › hamburger toggle opens the full-width sidebar drawer and the close button dismisses it (723ms)
  ✓  155 [chromium] › tests/multilingual.spec.js:2003:3 › Issue #27: mobile layout › Issue #112: mobile drawer lists topbar actions before conversations (380ms)
  ✓  156 [chromium] › tests/multilingual.spec.js:2022:3 › Issue #27: mobile layout › Issue #112: focused composer grows to content with equal padding and a half-panel cap (395ms)
  ✓  157 [chromium] › tests/multilingual.spec.js:2053:3 › Issue #27: mobile layout › chat surface keeps the full viewport when the menu is closed (296ms)
  ✓  158 [chromium] › tests/multilingual.spec.js:2101:3 › Issue #27: conversations sidebar › sending a prompt adds an entry to the conversation list (478ms)
  ✓  159 [chromium] › tests/multilingual.spec.js:2110:3 › Issue #27: conversations sidebar › "+ New conversation" clears the transcript and starts a fresh thread (560ms)
  ✓  160 [chromium] › tests/multilingual.spec.js:2125:3 › Issue #27: conversations sidebar › the last conversation is restored after reloading the page (610ms)
  ✓  161 [chromium] › tests/multilingual.spec.js:2139:3 › Issue #27: conversations sidebar › Issue #112: deleting a conversation soft-hides it behind the deleted view (667ms)
  ✓  162 [chromium] › tests/multilingual.spec.js:2175:3 › Issue #27: demo iterates Example prompts › demo messages carry a label that matches an Example prompts entry (324ms)
  ✓  163 [chromium] › tests/multilingual.spec.js:2199:3 › Issue #27: demo iterates Example prompts › Issue #112: Example prompts cover every supported prompt family (270ms)
  ✓  164 [chromium] › tests/multilingual.spec.js:2239:3 › Issue #27: sidebar accordion › expanded sidebar sections share the available height equally (330ms)
  ✓  165 [chromium] › tests/multilingual.spec.js:2258:3 › Issue #27: sidebar accordion › each section body scrolls independently when content overflows (384ms)
  ✓  166 [chromium] › tests/multilingual.spec.js:2274:3 › Issue #27: sidebar accordion › collapsing a section gives its space to the remaining expanded sections (440ms)
  ✓  167 [chromium] › tests/multilingual.spec.js:2323:3 › Issue #27: cross-conversation recall › "When did I ask about X" lists matches grouped by conversation (713ms)
  ✓  168 [chromium] › tests/multilingual.spec.js:2340:3 › Issue #27: cross-conversation recall › "find X in another conversation" excludes the current conversation (764ms)
  ✓  169 [chromium] › tests/multilingual.spec.js:2357:3 › Issue #27: cross-conversation recall › recall with no matches reports a clear "no mentions" message (631ms)
  ✓  170 [chromium] › tests/multilingual.spec.js:2364:3 › Issue #27: cross-conversation recall › Russian phrasing "Когда я спрашивал про X" triggers the recall skill (707ms)

  170 passed (1.3m)
