
up to date in 2s
Unexpected npm stderr; update dependencies or explicitly classify the diagnostic:
npm warn EBADENGINE Unsupported engine {
npm warn EBADENGINE   package: '@electron-internal/extract-zip@1.0.4',
npm warn EBADENGINE   required: { node: '>=22.12.0' },
npm warn EBADENGINE   current: { node: 'v20.20.2', npm: '11.17.0' }
npm warn EBADENGINE }
npm warn EBADENGINE Unsupported engine {
npm warn EBADENGINE   package: '@electron/get@5.0.0',
npm warn EBADENGINE   required: { node: '>=22.12.0' },
npm warn EBADENGINE   current: { node: 'v20.20.2', npm: '11.17.0' }
npm warn EBADENGINE }
npm warn EBADENGINE Unsupported engine {
npm warn EBADENGINE   package: '@electron/rebuild@4.2.0',
npm warn EBADENGINE   required: { node: '>=22.12.0' },
npm warn EBADENGINE   current: { node: 'v20.20.2', npm: '11.17.0' }
npm warn EBADENGINE }
npm warn EBADENGINE Unsupported engine {
npm warn EBADENGINE   package: 'electron@42.7.0',
npm warn EBADENGINE   required: { node: '>= 22.12.0' },
npm warn EBADENGINE   current: { node: 'v20.20.2', npm: '11.17.0' }
npm warn EBADENGINE }
npm warn EBADENGINE Unsupported engine {
npm warn EBADENGINE   package: 'node-abi@4.33.0',
npm warn EBADENGINE   required: { node: '>=22.12.0' },
npm warn EBADENGINE   current: { node: 'v20.20.2', npm: '11.17.0' }
npm warn EBADENGINE }
npm warn allow-scripts 1 package has install scripts not yet covered by allowScripts:
npm warn allow-scripts   electron-winstaller@5.4.0 (install: node ./script/select-7z-arch.js)
npm warn allow-scripts
npm warn allow-scripts Run `npm approve-scripts --allow-scripts-pending` to review, or `npm approve-scripts <pkg>` to allow.
