   Compiling libc v0.2.186
   Compiling proc-macro2 v1.0.103
   Compiling unicode-ident v1.0.22
   Compiling quote v1.0.45
   Compiling shlex v1.3.0
   Compiling find-msvc-tools v0.1.9
   Compiling tree-sitter-language v0.1.7
   Compiling serde_core v1.0.228
   Compiling stable_deref_trait v1.2.1
   Compiling memchr v2.8.0
    Checking cfg-if v1.0.4
   Compiling itoa v1.0.18
   Compiling serde v1.0.228
   Compiling icu_properties_data v2.2.0
   Compiling icu_normalizer_data v2.2.0
   Compiling fs_extra v1.3.0
   Compiling dunce v1.0.5
   Compiling pin-project-lite v0.2.17
   Compiling bytes v1.11.1
   Compiling futures-core v0.3.32
   Compiling zmij v1.0.21
   Compiling autocfg v1.5.0
   Compiling syn v2.0.111
    Checking once_cell v1.21.4
   Compiling aws-lc-rs v1.17.0
   Compiling writeable v0.6.3
   Compiling num-traits v0.2.19
   Compiling jobserver v0.1.34
   Compiling zeroize v1.8.2
   Compiling smallvec v1.15.1
   Compiling heck v0.5.0
   Compiling cc v1.2.62
   Compiling litemap v0.8.2
   Compiling socket2 v0.6.4
   Compiling mio v1.2.1
   Compiling ident_case v1.0.1
   Compiling fnv v1.0.7
   Compiling strsim v0.11.1
   Compiling utf8_iter v1.0.4
   Compiling rustls-pki-types v1.14.1
   Compiling http v1.4.2
   Compiling include_dir_macros v0.7.4
   Compiling wasm-bindgen-shared v0.2.121
   Compiling cmake v0.1.58
   Compiling thiserror v2.0.18
    Checking include_dir v0.7.4
   Compiling http-body v1.0.1
   Compiling hashbrown v0.17.1
   Compiling aws-lc-sys v0.41.0
   Compiling untrusted v0.9.0
   Compiling slab v0.4.12
   Compiling futures-task v0.3.32
   Compiling httparse v1.10.1
   Compiling rustls v0.23.40
   Compiling percent-encoding v2.3.2
   Compiling futures-util v0.3.32
   Compiling bitflags v2.11.1
   Compiling equivalent v1.0.2
   Compiling serde_json v1.0.149
   Compiling try-lock v0.2.5
   Compiling subtle v2.6.1
   Compiling rustversion v1.0.22
   Compiling tower-service v0.3.3
   Compiling want v0.3.1
   Compiling indexmap v2.14.0
   Compiling tracing-core v0.1.36
   Compiling synstructure v0.13.2
   Compiling darling_core v0.20.11
   Compiling futures-channel v0.3.32
   Compiling atomic-waker v1.1.2
   Compiling anyhow v1.0.102
   Compiling rustix v1.1.4
   Compiling tracing v0.1.44
   Compiling form_urlencoded v1.2.2
   Compiling sync_wrapper v1.0.2
   Compiling zerofrom-derive v0.1.7
   Compiling yoke-derive v0.8.2
   Compiling zerovec-derive v0.11.3
   Compiling displaydoc v0.2.6
   Compiling serde_derive v1.0.228
   Compiling ptr_meta_derive v0.3.1
   Compiling zerofrom v0.1.8
   Compiling yoke v0.8.3
   Compiling tokio-macros v2.7.0
   Compiling zerovec v0.11.6
   Compiling zerotrie v0.2.4
   Compiling bytecheck_derive v0.8.2
   Compiling darling_macro v0.20.11
   Compiling tokio v1.52.3
   Compiling thiserror-impl v2.0.18
   Compiling tinystr v0.8.3
   Compiling icu_locale_core v2.2.0
   Compiling potential_utf v0.1.5
   Compiling icu_collections v2.2.0
   Compiling darling v0.20.11
   Compiling munge_macro v0.4.7
   Compiling derive_builder_core v0.20.2
   Compiling icu_provider v2.2.0
   Compiling ptr_meta v0.3.1
   Compiling rancor v0.1.1
   Compiling icu_normalizer v2.2.0
   Compiling icu_properties v2.2.0
   Compiling derive_builder_macro v0.20.2
   Compiling rkyv_derive v0.8.16
   Compiling strum_macros v0.28.0
    Checking aho-corasick v1.1.4
   Compiling idna_adapter v1.2.2
   Compiling idna v1.1.0
   Compiling openssl-probe v0.2.1
   Compiling base64 v0.22.1
   Compiling bumpalo v3.20.2
   Compiling ipnet v2.12.0
   Compiling tower-layer v0.3.3
   Compiling crc32fast v1.5.0
   Compiling simdutf8 v0.1.5
    Checking regex-syntax v0.8.10
   Compiling linux-raw-sys v0.12.1
   Compiling crossbeam-utils v0.8.21
   Compiling hyper v1.10.1
   Compiling tower v0.5.3
   Compiling bytecheck v0.8.2
   Compiling hyper-util v0.1.20
   Compiling wasm-bindgen-macro-support v0.2.121
   Compiling url v2.5.8
    Checking regex-automata v0.4.14
   Compiling rustls-native-certs v0.8.4
   Compiling wasm-bindgen v0.2.121
   Compiling log v0.4.29
   Compiling simd-adler32 v0.3.9
   Compiling adler2 v2.0.1
   Compiling miniz_oxide v0.8.9
    Checking regex v1.12.3
   Compiling tower-http v0.6.11
   Compiling xattr v1.6.1
   Compiling rend v0.5.3
   Compiling munge v0.4.7
   Compiling filetime v0.2.29
   Compiling encoding_rs v0.8.35
   Compiling http-body-util v0.1.3
   Compiling wasm-bindgen-macro v0.2.121
   Compiling csv-core v0.1.13
   Compiling rand_core v0.10.1
   Compiling ryu v1.0.23
   Compiling encoding_rs_io v0.1.7
   Compiling csv v1.4.0
   Compiling rand v0.10.1
   Compiling tar v0.4.46
   Compiling flate2 v1.1.9
   Compiling strum v0.28.0
   Compiling derive_builder v0.20.2
   Compiling rkyv v0.8.16
    Checking memmap2 v0.9.10
   Compiling num_cpus v1.17.0
   Compiling ucd-trie v0.1.7
    Checking utf8parse v0.2.2
   Compiling glob v0.3.3
   Compiling daachorse v2.1.1
   Compiling md5 v0.8.0
   Compiling byteorder v1.5.0
   Compiling pest v2.8.6
    Checking anstyle-parse v0.2.7
    Checking crossbeam-epoch v0.9.18
    Checking allocator-api2 v0.2.21
    Checking anstyle v1.0.14
   Compiling parking_lot_core v0.9.12
   Compiling getrandom v0.4.2
    Checking is_terminal_polyfill v1.70.2
    Checking anstyle-query v1.1.5
   Compiling rayon-core v1.13.0
    Checking foldhash v0.1.5
    Checking colorchoice v1.0.5
    Checking fastrand v2.4.1
    Checking hashbrown v0.15.5
    Checking anstream v0.6.21
    Checking js-sys v0.3.98
    Checking crossbeam-deque v0.8.6
   Compiling pest_meta v2.8.6
    Checking either v1.16.0
    Checking clap_lex v1.1.0
    Checking tinyvec_macros v0.1.1
   Compiling fst v0.4.7
    Checking scopeguard v1.2.0
   Compiling thiserror v1.0.69
    Checking lock_api v0.4.14
    Checking clap_builder v4.5.60
    Checking tinyvec v1.11.0
   Compiling pest_generator v2.8.6
   Compiling tree-sitter v0.25.10
   Compiling thiserror-impl v1.0.69
   Compiling clap_derive v4.5.55
   Compiling tree-sitter-typescript v0.23.2
   Compiling tree-sitter-css v0.25.0
   Compiling tree-sitter-vb-dotnet v0.1.0
   Compiling tree-sitter-kotlin-ng v1.1.0
   Compiling tree-sitter-sequel v0.3.11
   Compiling tree-sitter-scala v0.25.1
    Checking lindera-dictionary v3.0.7
   Compiling tree-sitter-java v0.23.5
   Compiling tree-sitter-ini v1.4.0
   Compiling tree-sitter-python v0.25.0
   Compiling tree-sitter-html v0.23.2
   Compiling tree-sitter-php v0.24.2
   Compiling tree-sitter-pascal v0.10.2
   Compiling tree-sitter-proto v0.4.0
   Compiling tree-sitter-lua v0.2.0
   Compiling tree-sitter-yaml v0.7.2
   Compiling tree-sitter-r v1.2.0
   Compiling tree-sitter-json v0.24.8
   Compiling tree-sitter-go v0.25.0
   Compiling tree-sitter-graphql v0.1.0
   Compiling tree-sitter-cpp v0.23.4
   Compiling ts-parser-perl v1.1.2
   Compiling tree-sitter-c-sharp v0.23.5
   Compiling tree-sitter-c v0.24.2
   Compiling tree-sitter-xml v0.7.0
   Compiling tree-sitter-swift v0.7.3
   Compiling tree-sitter-rust v0.24.2
   Compiling tree-sitter-toml-ng v0.7.0
   Compiling tree-sitter-javascript v0.25.0
   Compiling tree-sitter-ruby v0.23.1
    Checking platform-num v0.8.0
    Checking num-integer v0.1.46
    Checking nom v8.0.0
    Checking bitflags v1.3.2
    Checking hashbrown v0.14.5
   Compiling rust_decimal v1.42.0
   Compiling dtor-proc-macro v0.0.5
    Checking unsafe-libyaml v0.2.11
    Checking num-bigint v0.4.6
    Checking dtor v0.0.6
    Checking dashmap v6.2.1
    Checking serde_yaml_ng v0.10.0
    Checking kanaria v0.2.0
    Checking links-notation v0.13.0
    Checking clap v4.5.60
    Checking tempfile v3.27.0
    Checking rayon v1.12.0
   Compiling pest_derive v2.8.6
    Checking unicode-normalization v0.1.25
    Checking itertools v0.14.0
    Checking hashlink v0.10.0
   Compiling strum_macros v0.27.2
    Checking lingua-urdu-language-model v1.3.0
    Checking lingua-russian-language-model v1.3.0
    Checking lingua-bengali-language-model v1.3.0
    Checking lingua-spanish-language-model v1.3.0
    Checking lingua-french-language-model v1.3.0
    Checking lingua-english-language-model v1.3.0
    Checking lingua-portuguese-language-model v1.3.0
    Checking lingua-hindi-language-model v1.3.0
    Checking lingua-arabic-language-model v1.3.0
    Checking lingua-chinese-language-model v1.3.0
    Checking counter v0.7.1
    Checking maplit v1.0.2
    Checking streaming-iterator v0.1.9
    Checking unicode-blocks v0.1.9
    Checking strum v0.27.2
    Checking allocator-api2 v0.4.0
    Checking beef v0.5.2
   Compiling ctor-proc-macro v0.0.6
    Checking unicode-segmentation v1.13.3
    Checking iana-time-zone v0.1.65
    Checking arrayvec v0.7.6
    Checking ctor v0.4.3
    Checking chrono v0.4.44
    Checking platform-mem v0.3.0
    Checking platform-data v2.0.0
    Checking json5_nodes v2.0.2
    Checking lingua v1.8.0
    Checking num-rational v0.4.2
    Checking platform-trees v0.3.4
    Checking serde-wasm-bindgen v0.6.5
    Checking wasm-bindgen-futures v0.4.71
    Checking web-sys v0.3.98
    Checking whatlang v0.18.0
    Checking console_error_panic_hook v0.1.7
    Checking lazy_static v1.5.0
    Checking lino-env v0.1.0
    Checking unicode-bidi v0.3.18
    Checking leak_slice v0.2.0
    Checking tap v1.0.1
    Checking dotenvy v0.15.7
   Compiling formal-ai v0.200.0 (/tmp/gh-issue-solver-1781449093559)
    Checking lino-arguments v0.3.0
    Checking lino-objects-codec v0.2.1
    Checking doublets v0.3.0
    Checking same-file v1.0.6
    Checking walkdir v2.5.0
    Checking link-calculator v0.18.2
   Compiling rustls-webpki v0.103.13
   Compiling tokio-rustls v0.26.4
   Compiling rustls-platform-verifier v0.7.0
   Compiling hyper-rustls v0.27.9
   Compiling reqwest v0.13.4
   Compiling lindera-jieba v3.0.7
    Checking lindera v3.0.7
    Checking meta-language v0.40.0
    Finished `dev` profile [unoptimized + debuginfo] target(s) in 4m 40s
