   Compiling libc v0.2.186
   Compiling find-msvc-tools v0.1.9
   Compiling shlex v1.3.0
   Compiling unicode-ident v1.0.22
   Compiling proc-macro2 v1.0.103
   Compiling quote v1.0.45
   Compiling tree-sitter-language v0.1.7
   Compiling once_cell v1.21.4
   Compiling cfg-if v1.0.4
   Compiling memchr v2.8.0
   Compiling serde_core v1.0.228
   Compiling stable_deref_trait v1.2.1
   Compiling itoa v1.0.18
   Compiling pin-project-lite v0.2.17
   Compiling litemap v0.8.2
   Compiling writeable v0.6.3
   Compiling fs_extra v1.3.0
   Compiling dunce v1.0.5
   Compiling serde v1.0.228
   Compiling utf8_iter v1.0.4
   Compiling icu_normalizer_data v2.2.0
   Compiling syn v2.0.111
   Compiling bytes v1.11.1
   Compiling icu_properties_data v2.2.0
   Compiling autocfg v1.5.0
   Compiling jobserver v0.1.34
   Compiling futures-core v0.3.32
   Compiling cc v1.2.62
   Compiling strsim v0.11.1
   Compiling equivalent v1.0.2
   Compiling num-traits v0.2.19
   Compiling bitflags v2.11.1
   Compiling smallvec v1.15.1
   Compiling zeroize v1.8.2
   Compiling zmij v1.0.21
   Compiling aws-lc-rs v1.17.0
   Compiling mio v1.2.1
   Compiling socket2 v0.6.4
   Compiling heck v0.5.0
   Compiling hashbrown v0.17.1
   Compiling cmake v0.1.58
   Compiling rustls-pki-types v1.14.1
   Compiling http v1.4.2
   Compiling include_dir_macros v0.7.4
   Compiling aws-lc-sys v0.41.0
   Compiling fnv v1.0.7
   Compiling ident_case v1.0.1
   Compiling linux-raw-sys v0.12.1
   Compiling percent-encoding v2.3.2
   Compiling include_dir v0.7.4
   Compiling aho-corasick v1.1.4
   Compiling futures-task v0.3.32
   Compiling wasm-bindgen-shared v0.2.121
   Compiling http-body v1.0.1
   Compiling untrusted v0.9.0
   Compiling slab v0.4.12
   Compiling regex-syntax v0.8.10
   Compiling thiserror v2.0.18
   Compiling httparse v1.10.1
   Compiling synstructure v0.13.2
   Compiling darling_core v0.20.11
   Compiling rustls v0.23.40
   Compiling futures-util v0.3.32
   Compiling zerofrom-derive v0.1.7
   Compiling yoke-derive v0.8.2
   Compiling zerovec-derive v0.11.3
   Compiling displaydoc v0.2.6
   Compiling serde_derive v1.0.228
   Compiling zerofrom v0.1.8
   Compiling tokio-macros v2.7.0
   Compiling yoke v0.8.3
   Compiling ptr_meta_derive v0.3.1
   Compiling zerotrie v0.2.4
   Compiling ptr_meta v0.3.1
   Compiling darling_macro v0.20.11
   Compiling thiserror-impl v2.0.18
   Compiling tokio v1.52.3
   Compiling zerovec v0.11.6
   Compiling regex-automata v0.4.14
   Compiling tinystr v0.8.3
   Compiling icu_locale_core v2.2.0
   Compiling potential_utf v0.1.5
   Compiling icu_collections v2.2.0
   Compiling icu_provider v2.2.0
   Compiling indexmap v2.14.0
   Compiling icu_properties v2.2.0
   Compiling icu_normalizer v2.2.0
   Compiling subtle v2.6.1
   Compiling tower-service v0.3.3
   Compiling try-lock v0.2.5
   Compiling rustversion v1.0.22
   Compiling serde_json v1.0.149
   Compiling want v0.3.1
   Compiling idna_adapter v1.2.2
   Compiling regex v1.12.3
   Compiling darling v0.20.11
   Compiling rancor v0.1.1
   Compiling bytecheck_derive v0.8.2
   Compiling form_urlencoded v1.2.2
   Compiling futures-channel v0.3.32
   Compiling tracing-core v0.1.36
   Compiling base64 v0.22.1
   Compiling simdutf8 v0.1.5
   Compiling rustix v1.1.4
   Compiling atomic-waker v1.1.2
   Compiling hyper v1.10.1
   Compiling bytecheck v0.8.2
   Compiling tracing v0.1.44
   Compiling derive_builder_core v0.20.2
   Compiling idna v1.1.0
   Compiling munge_macro v0.4.7
   Compiling sync_wrapper v1.0.2
   Compiling memmap2 v0.9.10
   Compiling log v0.4.29
   Compiling crossbeam-utils v0.8.21
   Compiling crc32fast v1.5.0
   Compiling ipnet v2.12.0
   Compiling openssl-probe v0.2.1
   Compiling tower-layer v0.3.3
   Compiling anyhow v1.0.102
   Compiling bumpalo v3.20.2
   Compiling ryu v1.0.23
   Compiling tower v0.5.3
   Compiling wasm-bindgen-macro-support v0.2.121
   Compiling hyper-util v0.1.20
   Compiling rustls-native-certs v0.8.4
   Compiling munge v0.4.7
   Compiling derive_builder_macro v0.20.2
   Compiling wasm-bindgen v0.2.121
   Compiling url v2.5.8
   Compiling rend v0.5.3
   Compiling strum_macros v0.28.0
   Compiling rkyv_derive v0.8.16
   Compiling csv-core v0.1.13
   Compiling encoding_rs v0.8.35
   Compiling simd-adler32 v0.3.9
   Compiling adler2 v2.0.1
   Compiling miniz_oxide v0.8.9
   Compiling strum v0.28.0
   Compiling rkyv v0.8.16
   Compiling encoding_rs_io v0.1.7
   Compiling csv v1.4.0
   Compiling xattr v1.6.1
   Compiling wasm-bindgen-macro v0.2.121
   Compiling tower-http v0.6.11
   Compiling derive_builder v0.20.2
   Compiling http-body-util v0.1.3
   Compiling num_cpus v1.17.0
   Compiling filetime v0.2.29
   Compiling rand_core v0.10.1
   Compiling daachorse v2.1.1
   Compiling glob v0.3.3
   Compiling byteorder v1.5.0
   Compiling rand v0.10.1
   Compiling tar v0.4.46
   Compiling flate2 v1.1.9
   Compiling md5 v0.8.0
   Compiling utf8parse v0.2.2
   Compiling ucd-trie v0.1.7
   Compiling pest v2.8.6
   Compiling anstyle-parse v0.2.7
   Compiling crossbeam-epoch v0.9.18
   Compiling colorchoice v1.0.5
   Compiling parking_lot_core v0.9.12
   Compiling getrandom v0.4.2
   Compiling is_terminal_polyfill v1.70.2
   Compiling anstyle v1.0.14
   Compiling fastrand v2.4.1
   Compiling rayon-core v1.13.0
   Compiling allocator-api2 v0.2.21
   Compiling anstyle-query v1.1.5
   Compiling foldhash v0.1.5
   Compiling anstream v0.6.21
   Compiling pest_meta v2.8.6
   Compiling hashbrown v0.15.5
   Compiling crossbeam-deque v0.8.6
   Compiling scopeguard v1.2.0
   Compiling js-sys v0.3.98
   Compiling clap_lex v1.1.0
   Compiling fst v0.4.7
   Compiling tinyvec_macros v0.1.1
   Compiling thiserror v1.0.69
   Compiling either v1.16.0
   Compiling pest_generator v2.8.6
   Compiling tinyvec v1.11.0
   Compiling clap_builder v4.5.60
   Compiling lock_api v0.4.14
   Compiling lindera-dictionary v3.0.7
   Compiling tree-sitter v0.25.10
   Compiling thiserror-impl v1.0.69
   Compiling clap_derive v4.5.55
   Compiling num-integer v0.1.46
   Compiling platform-num v0.8.0
   Compiling tree-sitter-php v0.24.2
   Compiling tree-sitter-python v0.25.0
   Compiling tree-sitter-c-sharp v0.23.5
   Compiling tree-sitter-java v0.23.5
   Compiling tree-sitter-ruby v0.23.1
   Compiling tree-sitter-swift v0.7.3
   Compiling tree-sitter-yaml v0.7.2
   Compiling tree-sitter-c v0.24.2
   Compiling tree-sitter-pascal v0.10.2
   Compiling tree-sitter-typescript v0.23.2
   Compiling tree-sitter-vb-dotnet v0.1.0
   Compiling tree-sitter-lua v0.2.0
   Compiling tree-sitter-html v0.23.2
   Compiling tree-sitter-cpp v0.23.4
   Compiling tree-sitter-proto v0.4.0
   Compiling tree-sitter-go v0.25.0
   Compiling tree-sitter-scala v0.25.1
   Compiling tree-sitter-toml-ng v0.7.0
   Compiling tree-sitter-css v0.25.0
   Compiling tree-sitter-ini v1.4.0
   Compiling tree-sitter-graphql v0.1.0
   Compiling tree-sitter-r v1.2.0
   Compiling tree-sitter-json v0.24.8
   Compiling tree-sitter-sequel v0.3.11
   Compiling tree-sitter-xml v0.7.0
   Compiling ts-parser-perl v1.1.2
   Compiling tree-sitter-javascript v0.25.0
   Compiling tree-sitter-kotlin-ng v1.1.0
   Compiling tree-sitter-rust v0.24.2
   Compiling nom v8.0.0
   Compiling bitflags v1.3.2
   Compiling unsafe-libyaml v0.2.11
   Compiling dtor-proc-macro v0.0.5
   Compiling hashbrown v0.14.5
   Compiling rust_decimal v1.42.0
   Compiling dtor v0.0.6
   Compiling kanaria v0.2.0
   Compiling serde_yaml_ng v0.10.0
   Compiling dashmap v6.2.1
   Compiling links-notation v0.13.0
   Compiling clap v4.5.60
   Compiling num-bigint v0.4.6
   Compiling tempfile v3.27.0
   Compiling pest_derive v2.8.6
   Compiling rayon v1.12.0
   Compiling unicode-normalization v0.1.25
   Compiling itertools v0.14.0
   Compiling hashlink v0.10.0
   Compiling strum_macros v0.27.2
   Compiling lingua-spanish-language-model v1.3.0
   Compiling lingua-hindi-language-model v1.3.0
   Compiling lingua-chinese-language-model v1.3.0
   Compiling lingua-bengali-language-model v1.3.0
   Compiling lingua-urdu-language-model v1.3.0
   Compiling lingua-arabic-language-model v1.3.0
   Compiling lingua-russian-language-model v1.3.0
   Compiling lingua-french-language-model v1.3.0
   Compiling lingua-english-language-model v1.3.0
   Compiling lingua-portuguese-language-model v1.3.0
   Compiling counter v0.7.1
   Compiling beef v0.5.2
   Compiling iana-time-zone v0.1.65
   Compiling unicode-segmentation v1.13.3
   Compiling ctor-proc-macro v0.0.6
   Compiling strum v0.27.2
   Compiling unicode-blocks v0.1.9
   Compiling arrayvec v0.7.6
   Compiling allocator-api2 v0.4.0
   Compiling streaming-iterator v0.1.9
   Compiling maplit v1.0.2
   Compiling ctor v0.4.3
   Compiling chrono v0.4.44
   Compiling lingua v1.8.0
   Compiling platform-mem v0.3.0
   Compiling platform-data v2.0.0
   Compiling json5_nodes v2.0.2
   Compiling num-rational v0.4.2
   Compiling wasm-bindgen-futures v0.4.71
   Compiling serde-wasm-bindgen v0.6.5
   Compiling web-sys v0.3.98
   Compiling platform-trees v0.3.4
   Compiling whatlang v0.18.0
   Compiling console_error_panic_hook v0.1.7
   Compiling dotenvy v0.15.7
   Compiling lazy_static v1.5.0
   Compiling tap v1.0.1
   Compiling formal-ai v0.200.0 (/tmp/gh-issue-solver-1781449093559)
   Compiling lino-env v0.1.0
   Compiling leak_slice v0.2.0
   Compiling unicode-bidi v0.3.18
   Compiling doublets v0.3.0
   Compiling lino-arguments v0.3.0
   Compiling lino-objects-codec v0.2.1
   Compiling same-file v1.0.6
   Compiling walkdir v2.5.0
   Compiling link-calculator v0.18.2
   Compiling rustls-webpki v0.103.13
   Compiling tokio-rustls v0.26.4
   Compiling rustls-platform-verifier v0.7.0
   Compiling hyper-rustls v0.27.9
   Compiling reqwest v0.13.4
   Compiling lindera-jieba v3.0.7
   Compiling lindera v3.0.7
   Compiling meta-language v0.40.0
    Finished `test` profile [unoptimized + debuginfo] target(s) in 1m 52s
     Running unittests src/lib.rs (target/debug/deps/formal_ai-721af03ad133d343)

running 0 tests

test result: ok. 0 passed; 0 failed; 0 ignored; 0 measured; 0 filtered out; finished in 0.00s

     Running unittests src/main.rs (target/debug/deps/formal_ai-0da60406702df0cc)

running 0 tests

test result: ok. 0 passed; 0 failed; 0 ignored; 0 measured; 0 filtered out; finished in 0.00s

     Running tests/integration/mod.rs (target/debug/deps/integration-6dfce46095b9665d)

running 0 tests

test result: ok. 0 passed; 0 failed; 0 ignored; 0 measured; 40 filtered out; finished in 0.00s

     Running tests/source/mod.rs (target/debug/deps/source-4e1fcc7c57fc369b)

running 0 tests

test result: ok. 0 passed; 0 failed; 0 ignored; 0 measured; 419 filtered out; finished in 0.00s

     Running tests/unit/mod.rs (target/debug/deps/unit-cc4dc4028216aacd)

running 1 test
test specification::code_generation::single_turn::python_list_files_reverse_sort_sample_output_matches_saved_file_name ... FAILED

failures:

---- specification::code_generation::single_turn::python_list_files_reverse_sort_sample_output_matches_saved_file_name stdout ----

thread 'specification::code_generation::single_turn::python_list_files_reverse_sort_sample_output_matches_saved_file_name' (3597360) panicked at tests/unit/specification/code_generation/single_turn.rs:114:5:
Python reverse file-list output should match the documented sample directory, got: Here is a minimal Python list files in the current directory in reverse-sorted order program:

```python
import os

names = sorted(
    (name for name in os.listdir(".") if os.path.isfile(name)),
    reverse=True,
)
for name in names:
    print(name)
```

Execution status: compiled and ran in issue-8 local verification harness (isolated sandbox).
Check command: `python3 -m py_compile main.py`
Run command: `python3 main.py`
Output:
```text
main.rs
README.md
Cargo.toml
```
1 iteration completed under the 1 minute execution budget; no timeout reduction was needed.

How it works:
The program reads the entries of the current directory, keeps only the regular files, collects their names into a list, sorts the list in reverse alphabetical order, and prints each name on its own line.

How to test it yourself:
1. Install Python 3 from https://www.python.org/downloads/.
2. Save the code above to a file named `main.py`.
3. Check that it compiles: `python3 -m py_compile main.py`.
4. Run it: `python3 main.py`.
5. Compare the output with the expected output shown above.
note: run with `RUST_BACKTRACE=1` environment variable to display a backtrace


failures:
    specification::code_generation::single_turn::python_list_files_reverse_sort_sample_output_matches_saved_file_name

test result: FAILED. 0 passed; 1 failed; 0 ignored; 0 measured; 920 filtered out; finished in 0.07s

error: test failed, to rerun pass `--test unit`
