[WebServer] [0m[2m[35m$[0m [2m[1mbun build ./src/web/vendor-entry.js --outfile ./src/web/vendor.bundle.js --target browser --format iife --production --minify && bun build ./src/web/ocr-entry.js --outfile ./src/web/ocr.bundle.js --target browser --format iife --production --minify && bun build ./src/web/app/main.jsx --outfile ./src/web/app.js --target browser --format iife --production --minify[0m

Running 44 tests using 3 workers

  ‚úď   2 [chromium] ‚Äļ tests/issue-672-migration-replay.spec.js:108:3 ‚Äļ Issue #672 (F2): desktop profile migration notice ‚Äļ a completed transfer is reported with the profile it came from and what moved (1.9s)
  ‚úď   4 [chromium] ‚Äļ tests/issue-672-migration-replay.spec.js:129:3 ‚Äļ Issue #672 (F2): desktop profile migration notice ‚Äļ replay runs another pass and reports that nothing was left to copy (2.0s)
  ‚úď   1 [chromium] ‚Äļ tests/issue-672-animation-override.spec.js:75:3 ‚Äļ Issue #672 (F3): per-message animation budget override ‚Äļ the override shows the withheld answer immediately (5.4s)
  ‚úď   3 [chromium] ‚Äļ tests/issue-541-permissions-cold-start.spec.js:225:3 ‚Äļ Issue #541 (R9) over a raw IPC-shaped boundary ‚Äļ the grant-all CTA flips the mode and replays the task across the boundary (6.3s)
  ‚úď   5 [chromium] ‚Äļ tests/issue-672-migration-replay.spec.js:159:3 ‚Äļ Issue #672 (F2): desktop profile migration notice ‚Äļ a replay that fills a gap lists the newly transferred entries (2.4s)
  ‚úď   8 [chromium] ‚Äļ tests/issue-672-migration-replay.spec.js:182:3 ‚Äļ Issue #672 (F2): desktop profile migration notice ‚Äļ a failed transfer surfaces the error instead of claiming success (1.7s)
  ‚úď   6 [chromium] ‚Äļ tests/issue-672-animation-override.spec.js:99:3 ‚Äļ Issue #672 (F3): per-message animation budget override ‚Äļ the affordance disappears once the answer is shown (4.8s)
  ‚úď   9 [chromium] ‚Äļ tests/issue-672-migration-replay.spec.js:204:3 ‚Äļ Issue #672 (F2): desktop profile migration notice ‚Äļ dismissing hides the notice for the rest of the session (1.8s)
  ‚úď  11 [chromium] ‚Äļ tests/issue-672-migration-replay.spec.js:213:3 ‚Äļ Issue #672 (F2): desktop profile migration notice ‚Äļ a clean install is never interrupted by the notice (1.9s)
  ‚úď   7 [chromium] ‚Äļ tests/issue-541-permissions-cold-start.spec.js:284:3 ‚Äļ Issue #541 (R9) over a raw IPC-shaped boundary ‚Äļ flipping the mode back and forth after the replay does not re-run the task (6.0s)
  ‚úď  12 [chromium] ‚Äļ tests/issue-672-migration-replay.spec.js:230:3 ‚Äļ Issue #672 (F2): desktop profile migration notice ‚Äļ the web build, which has no bridge at all, never renders the notice (1.6s)
  ‚úď  14 [chromium] ‚Äļ tests/issue-672-migration-replay.spec.js:248:3 ‚Äļ Issue #672 (F2): desktop profile migration notice ‚Äļ an older desktop build without the migration channels degrades quietly (1.9s)
  ‚úď  10 [chromium] ‚Äļ tests/issue-672-animation-override.spec.js:110:3 ‚Äļ Issue #672 (F3): per-message animation budget override ‚Äļ the override is one-shot: it does not change the preference (8.3s)
  ‚úď  13 [chromium] ‚Äļ tests/issue-541-permissions-cold-start.spec.js:313:3 ‚Äļ Issue #541 (R9) over a raw IPC-shaped boundary ‚Äļ a task queued before any grant still crosses the boundary intact (6.3s)
  ‚úď  15 [chromium] ‚Äļ tests/issue-672-reasoning-hierarchy.spec.js:106:3 ‚Äļ Issue #672 (F4): reasoning-step hierarchy editing ‚Äļ promoting an internal step makes it a visible phase (6.2s)
  ‚úď  17 [chromium] ‚Äļ tests/issue-672-theme-snapshots.spec.js:210:7 ‚Äļ Issue #672 (F1): theme regression ‚ÄĒ full widget set ‚Äļ web surface, light theme matches the committed colour table (4.6s)
  ‚úď  16 [chromium] ‚Äļ tests/issue-672-animation-override.spec.js:135:3 ‚Äļ Issue #672 (F3): per-message animation budget override ‚Äļ skipping one message leaves the others alone (7.9s)
  ‚úď  18 [chromium] ‚Äļ tests/issue-672-reasoning-hierarchy.spec.js:127:3 ‚Äļ Issue #672 (F4): reasoning-step hierarchy editing ‚Äļ demoting a phase takes it out of the standard view (6.8s)
  ‚úď  19 [chromium] ‚Äļ tests/issue-672-theme-snapshots.spec.js:210:7 ‚Äļ Issue #672 (F1): theme regression ‚ÄĒ full widget set ‚Äļ web surface, dark theme matches the committed colour table (5.8s)
  ‚úď  20 [chromium] ‚Äļ tests/issue-672-animation-override.spec.js:154:3 ‚Äļ Issue #672 (F3): per-message animation budget override ‚Äļ reduced motion still suppresses the animation without any click (6.0s)
  ‚úď  22 [chromium] ‚Äļ tests/issue-672-theme-snapshots.spec.js:210:7 ‚Äļ Issue #672 (F1): theme regression ‚ÄĒ full widget set ‚Äļ web surface, auto-os-light theme matches the committed colour table (6.7s)
  ‚úď  21 [chromium] ‚Äļ tests/issue-672-reasoning-hierarchy.spec.js:142:3 ‚Äļ Issue #672 (F4): reasoning-step hierarchy editing ‚Äļ the edit never rewrites the trace the solver reported (7.8s)
  ‚úď  23 [chromium] ‚Äļ tests/issue-672-animation-override.spec.js:179:5 ‚Äļ Issue #672 (F3): per-message animation budget override ‚Äļ the control is localized for en (5.9s)
  ‚úď  24 [chromium] ‚Äļ tests/issue-672-theme-snapshots.spec.js:210:7 ‚Äļ Issue #672 (F1): theme regression ‚ÄĒ full widget set ‚Äļ web surface, auto-os-dark theme matches the committed colour table (5.5s)
  ‚úď  25 [chromium] ‚Äļ tests/issue-672-reasoning-hierarchy.spec.js:182:3 ‚Äļ Issue #672 (F4): reasoning-step hierarchy editing ‚Äļ resetting replays the log back to the solver level (6.5s)
  ‚úď  26 [chromium] ‚Äļ tests/issue-672-animation-override.spec.js:179:5 ‚Äļ Issue #672 (F3): per-message animation budget override ‚Äļ the control is localized for ru (5.2s)
  ‚úď  27 [chromium] ‚Äļ tests/issue-672-theme-snapshots.spec.js:210:7 ‚Äļ Issue #672 (F1): theme regression ‚ÄĒ full widget set ‚Äļ desktop surface, light theme matches the committed colour table (5.3s)
  ‚úď  29 [chromium] ‚Äļ tests/issue-672-animation-override.spec.js:179:5 ‚Äļ Issue #672 (F3): per-message animation budget override ‚Äļ the control is localized for zh (5.3s)
  ‚úď  28 [chromium] ‚Äļ tests/issue-672-reasoning-hierarchy.spec.js:202:3 ‚Äļ Issue #672 (F4): reasoning-step hierarchy editing ‚Äļ an edit applies to the same step in later answers too (6.8s)
  ‚úď  30 [chromium] ‚Äļ tests/issue-672-theme-snapshots.spec.js:210:7 ‚Äļ Issue #672 (F1): theme regression ‚ÄĒ full widget set ‚Äļ desktop surface, dark theme matches the committed colour table (4.8s)
  ‚úď  31 [chromium] ‚Äļ tests/issue-672-animation-override.spec.js:179:5 ‚Äļ Issue #672 (F3): per-message animation budget override ‚Äļ the control is localized for hi (5.6s)
  ‚úď  32 [chromium] ‚Äļ tests/issue-672-reasoning-hierarchy.spec.js:219:3 ‚Äļ Issue #672 (F4): reasoning-step hierarchy editing ‚Äļ the menu is dismissible without making an edit (5.9s)
  ‚úď  33 [chromium] ‚Äļ tests/issue-672-theme-snapshots.spec.js:210:7 ‚Äļ Issue #672 (F1): theme regression ‚ÄĒ full widget set ‚Äļ desktop surface, auto-os-light theme matches the committed colour table (6.2s)
  ‚úď  34 [chromium] ‚Äļ tests/issue-672-animation-override.spec.js:215:3 ‚Äļ Issue #672 (F3): per-message animation budget override ‚Äļ writes before/after review screenshots (5.9s)
  ‚úď  35 [chromium] ‚Äļ tests/issue-672-reasoning-hierarchy.spec.js:245:5 ‚Äļ Issue #672 (F4): reasoning-step hierarchy editing ‚Äļ the menu is localized for en (5.3s)
  ‚úď  36 [chromium] ‚Äļ tests/issue-672-theme-snapshots.spec.js:210:7 ‚Äļ Issue #672 (F1): theme regression ‚ÄĒ full widget set ‚Äļ desktop surface, auto-os-dark theme matches the committed colour table (4.0s)
  ‚úď  37 [chromium] ‚Äļ tests/issue-672-animation-override.spec.js:229:3 ‚Äļ Issue #672 (F3): per-message animation budget override ‚Äļ a zero budget keeps the immediate path, with no affordance (5.1s)
  ‚úď  38 [chromium] ‚Äļ tests/issue-672-reasoning-hierarchy.spec.js:245:5 ‚Äļ Issue #672 (F4): reasoning-step hierarchy editing ‚Äļ the menu is localized for ru (7.5s)
  ‚úď  39 [chromium] ‚Äļ tests/issue-672-theme-snapshots.spec.js:225:3 ‚Äļ Issue #672 (F1): theme regression ‚ÄĒ full widget set ‚Äļ dark and light tables differ on every themed widget (10.5s)
  ‚úď  40 [chromium] ‚Äļ tests/issue-672-reasoning-hierarchy.spec.js:245:5 ‚Äļ Issue #672 (F4): reasoning-step hierarchy editing ‚Äļ the menu is localized for zh (6.1s)
  ‚úď  42 [chromium] ‚Äļ tests/issue-672-reasoning-hierarchy.spec.js:245:5 ‚Äļ Issue #672 (F4): reasoning-step hierarchy editing ‚Äļ the menu is localized for hi (8.2s)
  ‚úď  41 [chromium] ‚Äļ tests/issue-672-theme-snapshots.spec.js:250:3 ‚Äļ Issue #672 (F1): theme regression ‚ÄĒ full widget set ‚Äļ writes dark-theme review screenshots for both surfaces (10.9s)
  ‚úď  43 [chromium] ‚Äļ tests/issue-672-reasoning-hierarchy.spec.js:265:3 ‚Äļ Issue #672 (F4): reasoning-step hierarchy editing ‚Äļ writes before/after review screenshots (7.5s)
  ‚úď  44 [chromium] ‚Äļ tests/issue-672-reasoning-hierarchy.spec.js:287:3 ‚Äļ Issue #672 (F4): reasoning-step hierarchy editing ‚Äļ the affordance is confined to Diagnostics mode (4.5s)

  44 passed (1.7m)
