[2m[WebServer] [22m(node:2216069) Warning: The 'NO_COLOR' env is ignored due to the 'FORCE_COLOR' env being set.
[2m[WebServer] [22m(Use `node --trace-warnings ...` to show where the warning was created)

Running 96 tests using 1 worker

  ✓   1 [chromium] › tests/multilingual.spec.js:104:3 › multilingual chat surface › Russian greeting replies in Russian (495ms)
  ✓   2 [chromium] › tests/multilingual.spec.js:110:3 › multilingual chat surface › how-are-you small talk replies as a greeting across languages (664ms)
  ✓   3 [chromium] › tests/multilingual.spec.js:126:3 › multilingual chat surface › Russian combined greeting and identity question replies with identity (438ms)
  ✓   4 [chromium] › tests/multilingual.spec.js:133:3 › multilingual chat surface › behavior-rule list possessive phrasing shows rules across supported languages (801ms)
  ✓   5 [chromium] › tests/multilingual.spec.js:150:3 › multilingual chat surface › Hindi greeting replies in Hindi (412ms)
  ✓   6 [chromium] › tests/multilingual.spec.js:156:3 › multilingual chat surface › Chinese identity question replies in Chinese (395ms)
  ✓   7 [chromium] › tests/multilingual.spec.js:163:3 › multilingual chat surface › single-variable equations resolve as calculations (373ms)
  ✓   8 [chromium] › tests/multilingual.spec.js:169:3 › multilingual chat surface › polite arithmetic action resolves as a calculation (392ms)
  ✓   9 [chromium] › tests/multilingual.spec.js:176:3 › multilingual chat surface › misspelled calculate action resolves as a calculation with interpretation (609ms)
  ✓  10 [chromium] › tests/multilingual.spec.js:199:3 › multilingual chat surface › Russian word-number arithmetic resolves as a calculation (407ms)
  ✓  11 [chromium] › tests/multilingual.spec.js:205:3 › multilingual chat surface › Russian currency conversion resolves as a calculation (368ms)
  ✓  12 [chromium] › tests/multilingual.spec.js:212:3 › multilingual chat surface › Russian weekday relation resolves through calendar reasoning (406ms)
  ✓  13 [chromium] › tests/multilingual.spec.js:219:3 › multilingual chat surface › current-day questions resolve through calendar reasoning across supported languages (696ms)
  ✓  14 [chromium] › tests/multilingual.spec.js:243:3 › multilingual chat surface › percentage-of-currency prompt resolves as a calculation before Wikipedia fallback (441ms)
  ✓  15 [chromium] › tests/multilingual.spec.js:286:3 › multilingual chat surface › Russian "What is X?" returns the offline concept summary (416ms)
  ✓  16 [chromium] › tests/multilingual.spec.js:292:3 › multilingual chat surface › Issue #184: OpenStreerMap typo resolves through Wikipedia fuzzy search across supported languages (848ms)
  ✓  17 [chromium] › tests/multilingual.spec.js:386:3 › multilingual chat surface › Issue #182: BSD ports prompts across supported languages do not fall through to OpenBSD (718ms)
  ✓  18 [chromium] › tests/multilingual.spec.js:459:3 › multilingual chat surface › Issue #182: context Wikipedia search rejects a title that only matches the context (455ms)
  ✓  19 [chromium] › tests/multilingual.spec.js:522:3 › multilingual chat surface › Issue #159: Russian Hive Mind prompt prefers link-assistant project and still searches the web (1.7s)
  ✓  20 [chromium] › tests/multilingual.spec.js:601:3 › multilingual chat surface › Chinese "X 是什么?" returns the offline concept summary (449ms)
  ✓  21 [chromium] › tests/multilingual.spec.js:607:3 › multilingual chat surface › Russian capital-of-Russia prompt returns the seeded fact answer (430ms)
  ✓  22 [chromium] › tests/multilingual.spec.js:633:5 › multilingual chat surface › fact-query pipeline resolves: What is the capital of France? (394ms)
  ✓  23 [chromium] › tests/multilingual.spec.js:633:5 › multilingual chat surface › fact-query pipeline resolves: What is the capital of Germany? (352ms)
  ✓  24 [chromium] › tests/multilingual.spec.js:633:5 › multilingual chat surface › fact-query pipeline resolves: What is the capital of China? (409ms)
  ✓  25 [chromium] › tests/multilingual.spec.js:633:5 › multilingual chat surface › fact-query pipeline resolves: What is the capital of India? (428ms)
  ✓  26 [chromium] › tests/multilingual.spec.js:633:5 › multilingual chat surface › fact-query pipeline resolves: What is the capital of the United States? (406ms)
  ✓  27 [chromium] › tests/multilingual.spec.js:633:5 › multilingual chat surface › fact-query pipeline resolves: What is the capital of the UK? (399ms)
  ✓  28 [chromium] › tests/multilingual.spec.js:633:5 › multilingual chat surface › fact-query pipeline resolves: What is the capital of Brazil? (407ms)
  ✓  29 [chromium] › tests/multilingual.spec.js:633:5 › multilingual chat surface › fact-query pipeline resolves: Столица Германии (376ms)
  ✓  30 [chromium] › tests/multilingual.spec.js:633:5 › multilingual chat surface › fact-query pipeline resolves: Столица Франции (375ms)
  ✓  31 [chromium] › tests/multilingual.spec.js:633:5 › multilingual chat surface › fact-query pipeline resolves: 中国的首都是什么? (400ms)
  ✓  32 [chromium] › tests/multilingual.spec.js:633:5 › multilingual chat surface › fact-query pipeline resolves: भारत की राजधानी क्या है? (419ms)
  ✓  33 [chromium] › tests/multilingual.spec.js:641:3 › multilingual chat surface › merged Wikipedia definitions combine localized seed summaries (394ms)
  ✓  34 [chromium] › tests/multilingual.spec.js:650:3 › multilingual chat surface › definition fusion setting merges plain definition prompts (448ms)
  ✓  35 [chromium] › tests/multilingual.spec.js:658:3 › multilingual chat surface › punctuation-only prompt asks for clarification (377ms)
  ✓  36 [chromium] › tests/multilingual.spec.js:668:3 › multilingual chat surface › Russian "what is KISS in programming" returns the design principle, not the band (391ms)
  ✓  37 [chromium] › tests/multilingual.spec.js:676:3 › multilingual chat surface › GitHub navigation suggests an external link without iframe preview (499ms)
  ✓  38 [chromium] › tests/multilingual.spec.js:722:3 › multilingual chat surface › Navigation previews URLs when frame policy allows embedding (448ms)
  ✓  39 [chromium] › tests/multilingual.spec.js:754:3 › multilingual chat surface › Make a request to X attempts a fetch and falls back to the iframe (421ms)
  ✓  40 [chromium] › tests/multilingual.spec.js:774:3 › multilingual chat surface › explicit web search fuses DuckDuckGo, Wikipedia, and Wikidata results (1.8s)
  ✓  41 [chromium] › tests/multilingual.spec.js:847:3 › Wikipedia REST fallback › "What is X?" for an out-of-corpus term fetches a Wikipedia summary (466ms)
  ✓  42 [chromium] › tests/multilingual.spec.js:873:3 › Wikipedia REST fallback › "Tell me, who is X" resolves through Wikipedia lookup (426ms)
  ✓  43 [chromium] › tests/multilingual.spec.js:898:3 › Wikipedia REST fallback › "Who X is" resolves through Wikipedia lookup (415ms)
  ✓  44 [chromium] › tests/multilingual.spec.js:923:3 › Wikipedia REST fallback › Issue #183: Russian "как устроен X" resolves through Wikipedia lookup (392ms)
  ✓  45 [chromium] › tests/multilingual.spec.js:967:3 › Wikipedia REST fallback › Russian Wikipedia summary displays decoded Cyrillic URL with encoded href (419ms)
  ✓  46 [chromium] › tests/multilingual.spec.js:1002:3 › Wikipedia REST fallback › Кто такой Илон Маск? resolves via surname-first variant (448ms)
  ✓  47 [chromium] › tests/multilingual.spec.js:1045:3 › Wikipedia REST fallback › "what is tesla" resolves via search fallback when direct slug is disambiguation (445ms)
  ✓  48 [chromium] › tests/multilingual.spec.js:1098:3 › Wikipedia REST fallback › Issue #232: Russian definition-style disambiguation page outranks Wikidata alias fallback (458ms)
  ✓  49 [chromium] › tests/multilingual.spec.js:1188:3 › Wikipedia REST fallback › Russian typo resolves to the closest Wikipedia match when guessing is preferred (462ms)
  ✓  50 [chromium] › tests/multilingual.spec.js:1231:3 › Wikipedia REST fallback › Issue #226: Wikipedia article-existence questions cover supported languages (1.4s)
  ✓  51 [chromium] › tests/multilingual.spec.js:1417:3 › Wikipedia REST fallback › Russian word lookup falls back to Wikidata before unrelated Wikipedia search hits (473ms)
  ✓  52 [chromium] › tests/multilingual.spec.js:1480:3 › Wikipedia REST fallback › unrelated Wikipedia search hits are rejected when exact term fallbacks miss (474ms)
  ✓  53 [chromium] › tests/multilingual.spec.js:1535:3 › Wikipedia REST fallback › word lookup falls back to Wiktionary when Wikipedia and Wikidata miss (472ms)
  ✓  54 [chromium] › tests/multilingual.spec.js:1588:3 › Issue #82: assistant behavior settings › settings sidebar exposes ambiguity, temperature, language, skins, and location controls (453ms)
  ✓  55 [chromium] › tests/multilingual.spec.js:1620:3 › Issue #82: assistant behavior settings › low ambiguity guessing asks before using a fuzzy Wikipedia match (442ms)
  ✓  56 [chromium] › tests/multilingual.spec.js:1673:3 › memory export/import › Export memory and Import memory buttons are present (306ms)
  ✓  57 [chromium] › tests/multilingual.spec.js:1678:3 › memory export/import › Export memory downloads a full formal_ai_bundle by default (R109) (470ms)
  ✓  58 [chromium] › tests/multilingual.spec.js:1708:3 › memory export/import › Import memory accepts a Links Notation file (339ms)
  ✓  59 [chromium] › tests/multilingual.spec.js:1736:3 › memory export/import › Import memory accepts a formal_ai_bundle and reports seed migrations (R110, R111) (328ms)
  ✓  60 [chromium] › tests/multilingual.spec.js:1765:3 › memory export/import › Memory module exposes no delete/forget operation (282ms)
  ✓  61 [chromium] › tests/multilingual.spec.js:1784:3 › memory export/import › Issue #27: Download bundle button is removed (duplicate of Export memory) (302ms)
  ✓  62 [chromium] › tests/multilingual.spec.js:1792:3 › memory export/import › Issue #27: Export memory does not surface a "Bundled N events + seed" label (439ms)
  ✓  63 [chromium] › tests/multilingual.spec.js:1803:3 › memory export/import › Issue #27: typing "Export memory" triggers the export button (411ms)
  ✓  64 [chromium] › tests/multilingual.spec.js:1816:3 › memory export/import › Issue #27: typing "Export your memory" also triggers the export button (398ms)
  ✓  65 [chromium] › tests/multilingual.spec.js:1827:3 › memory export/import › Issue #27: typing "Import memory" opens the file picker (396ms)
  ✓  66 [chromium] › tests/multilingual.spec.js:1840:3 › memory export/import › Report issue link is present in the topbar and links to the upload-memory guide (R112 + issue #78) (274ms)
  ✓  67 [chromium] › tests/multilingual.spec.js:1864:3 › memory export/import › Tool registry surfaces seed-loaded tools with mode badges (357ms)
  ✓  68 [chromium] › tests/multilingual.spec.js:1878:3 › memory export/import › Issue #112: tool registry includes all supported tools and localizes descriptions (384ms)
  ✓  69 [chromium] › tests/multilingual.spec.js:1909:3 › memory export/import › Reasoning steps and tool calls land in the append-only log (411ms)
  ✓  70 [chromium] › tests/multilingual.spec.js:1930:3 › Issue #27: random greeting variations › English greeting falls within the seeded variant list (491ms)
  ✓  71 [chromium] › tests/multilingual.spec.js:1943:3 › Issue #27: random greeting variations › disabling variations pins the canonical English greeting (1.1s)
  ✓  72 [chromium] › tests/multilingual.spec.js:1970:3 › Issue #27: summarize skill › "summarize this conversation" returns a structured report (716ms)
  ✓  73 [chromium] › tests/multilingual.spec.js:1983:3 › Issue #27: summarize skill › single-word "summarize" triggers the skill (550ms)
  ✓  74 [chromium] › tests/multilingual.spec.js:1989:3 › Issue #27: summarize skill › Russian "резюме беседы" triggers the skill (545ms)
  ✓  75 [chromium] › tests/multilingual.spec.js:1995:3 › Issue #27: summarize skill › Chinese "总结" triggers the skill (543ms)
  ✓  76 [chromium] › tests/multilingual.spec.js:2010:3 › Issue #27: agent mode › Chat/Agent toggle is present and starts in Chat (385ms)
  ✓  77 [chromium] › tests/multilingual.spec.js:2020:3 › Issue #27: agent mode › Agent mode decomposes a multi-step task and runs each step (487ms)
  ✓  78 [chromium] › tests/multilingual.spec.js:2037:3 › Issue #27: agent mode › Agent mode preserves single-step prompts as plain Q&A (473ms)
  ✓  79 [chromium] › tests/multilingual.spec.js:2058:3 › Issue #27: mobile layout › topbar buttons collapse to emoji icons on mobile (268ms)
  ✓  80 [chromium] › tests/multilingual.spec.js:2069:3 › Issue #27: mobile layout › hamburger toggle opens the full-width sidebar drawer and the close button dismisses it (736ms)
  ✓  81 [chromium] › tests/multilingual.spec.js:2093:3 › Issue #27: mobile layout › Issue #112: mobile drawer lists topbar actions before conversations (422ms)
  ✓  82 [chromium] › tests/multilingual.spec.js:2112:3 › Issue #27: mobile layout › Issue #112: focused composer grows to content with equal padding and a half-panel cap (326ms)
  ✓  83 [chromium] › tests/multilingual.spec.js:2143:3 › Issue #27: mobile layout › chat surface keeps the full viewport when the menu is closed (282ms)
  ✓  84 [chromium] › tests/multilingual.spec.js:2191:3 › Issue #27: conversations sidebar › sending a prompt adds an entry to the conversation list (492ms)
  ✓  85 [chromium] › tests/multilingual.spec.js:2200:3 › Issue #27: conversations sidebar › "+ New conversation" clears the transcript and starts a fresh thread (597ms)
  ✓  86 [chromium] › tests/multilingual.spec.js:2215:3 › Issue #27: conversations sidebar › the last conversation is restored after reloading the page (617ms)
  ✓  87 [chromium] › tests/multilingual.spec.js:2229:3 › Issue #27: conversations sidebar › Issue #112: deleting a conversation soft-hides it behind the deleted view (706ms)
  ✓  88 [chromium] › tests/multilingual.spec.js:2265:3 › Issue #27: demo iterates Example prompts › demo messages carry a label that matches an Example prompts entry (275ms)
  ✓  89 [chromium] › tests/multilingual.spec.js:2289:3 › Issue #27: demo iterates Example prompts › Issue #112: Example prompts cover every supported prompt family (281ms)
  ✓  90 [chromium] › tests/multilingual.spec.js:2329:3 › Issue #27: sidebar accordion › expanded sidebar sections share the available height equally (355ms)
  ✓  91 [chromium] › tests/multilingual.spec.js:2348:3 › Issue #27: sidebar accordion › each section body scrolls independently when content overflows (390ms)
  ✓  92 [chromium] › tests/multilingual.spec.js:2364:3 › Issue #27: sidebar accordion › collapsing a section gives its space to the remaining expanded sections (405ms)
  ✓  93 [chromium] › tests/multilingual.spec.js:2413:3 › Issue #27: cross-conversation recall › "When did I ask about X" lists matches grouped by conversation (723ms)
  ✓  94 [chromium] › tests/multilingual.spec.js:2430:3 › Issue #27: cross-conversation recall › "find X in another conversation" excludes the current conversation (688ms)
  ✓  95 [chromium] › tests/multilingual.spec.js:2447:3 › Issue #27: cross-conversation recall › recall with no matches reports a clear "no mentions" message (609ms)
  ✓  96 [chromium] › tests/multilingual.spec.js:2454:3 › Issue #27: cross-conversation recall › Russian phrasing "Когда я спрашивал про X" triggers the recall skill (597ms)

  96 passed (50.6s)
