[2m[WebServer] [22m(node:2282025) Warning: The 'NO_COLOR' env is ignored due to the 'FORCE_COLOR' env being set.
[2m[WebServer] [22m(Use `node --trace-warnings ...` to show where the warning was created)

Running 99 tests using 1 worker

  ✓   1 [chromium] › tests/multilingual.spec.js:267:3 › multilingual chat surface › Russian greeting replies in Russian (507ms)
  ✓   2 [chromium] › tests/multilingual.spec.js:273:3 › multilingual chat surface › how-are-you small talk replies as a greeting across languages (824ms)
  ✓   3 [chromium] › tests/multilingual.spec.js:289:3 › multilingual chat surface › Russian combined greeting and identity question replies with identity (464ms)
  ✓   4 [chromium] › tests/multilingual.spec.js:296:3 › multilingual chat surface › behavior-rule list possessive phrasing shows rules across supported languages (951ms)
  ✓   5 [chromium] › tests/multilingual.spec.js:313:3 › multilingual chat surface › Hindi greeting replies in Hindi (519ms)
  ✓   6 [chromium] › tests/multilingual.spec.js:319:3 › multilingual chat surface › Chinese identity question replies in Chinese (457ms)
  ✓   7 [chromium] › tests/multilingual.spec.js:326:3 › multilingual chat surface › single-variable equations resolve as calculations (410ms)
  ✓   8 [chromium] › tests/multilingual.spec.js:332:3 › multilingual chat surface › polite arithmetic action resolves as a calculation (467ms)
  ✓   9 [chromium] › tests/multilingual.spec.js:339:3 › multilingual chat surface › misspelled calculate action resolves as a calculation with interpretation (645ms)
  ✓  10 [chromium] › tests/multilingual.spec.js:362:3 › multilingual chat surface › Russian word-number arithmetic resolves as a calculation (449ms)
  ✓  11 [chromium] › tests/multilingual.spec.js:368:3 › multilingual chat surface › Russian currency conversion resolves as a calculation (458ms)
  ✓  12 [chromium] › tests/multilingual.spec.js:375:3 › multilingual chat surface › Russian weekday relation resolves through calendar reasoning (426ms)
  ✓  13 [chromium] › tests/multilingual.spec.js:382:3 › multilingual chat surface › current-day questions resolve through calendar reasoning across supported languages (729ms)
  ✓  14 [chromium] › tests/multilingual.spec.js:406:3 › multilingual chat surface › percentage-of-currency prompt resolves as a calculation before Wikipedia fallback (450ms)
  ✓  15 [chromium] › tests/multilingual.spec.js:449:3 › multilingual chat surface › Russian "What is X?" returns the offline concept summary (445ms)
  ✓  16 [chromium] › tests/multilingual.spec.js:455:3 › multilingual chat surface › Issue #184: OpenStreerMap typo resolves through Wikipedia fuzzy search across supported languages (976ms)
  ✓  17 [chromium] › tests/multilingual.spec.js:549:3 › multilingual chat surface › Issue #182: BSD ports prompts across supported languages do not fall through to OpenBSD (834ms)
  ✓  18 [chromium] › tests/multilingual.spec.js:622:3 › multilingual chat surface › Issue #182: context Wikipedia search rejects a title that only matches the context (570ms)
  ✓  19 [chromium] › tests/multilingual.spec.js:685:3 › multilingual chat surface › Issue #159: Russian Hive Mind prompt prefers link-assistant project and still searches the web (2.8s)
  ✓  20 [chromium] › tests/multilingual.spec.js:764:3 › multilingual chat surface › Chinese "X 是什么?" returns the offline concept summary (603ms)
  ✓  21 [chromium] › tests/multilingual.spec.js:770:3 › multilingual chat surface › Russian capital-of-Russia prompt returns the seeded fact answer (546ms)
  ✓  22 [chromium] › tests/multilingual.spec.js:796:5 › multilingual chat surface › fact-query pipeline resolves: What is the capital of France? (513ms)
  ✓  23 [chromium] › tests/multilingual.spec.js:796:5 › multilingual chat surface › fact-query pipeline resolves: What is the capital of Germany? (466ms)
  ✓  24 [chromium] › tests/multilingual.spec.js:796:5 › multilingual chat surface › fact-query pipeline resolves: What is the capital of China? (475ms)
  ✓  25 [chromium] › tests/multilingual.spec.js:796:5 › multilingual chat surface › fact-query pipeline resolves: What is the capital of India? (438ms)
  ✓  26 [chromium] › tests/multilingual.spec.js:796:5 › multilingual chat surface › fact-query pipeline resolves: What is the capital of the United States? (463ms)
  ✓  27 [chromium] › tests/multilingual.spec.js:796:5 › multilingual chat surface › fact-query pipeline resolves: What is the capital of the UK? (464ms)
  ✓  28 [chromium] › tests/multilingual.spec.js:796:5 › multilingual chat surface › fact-query pipeline resolves: What is the capital of Brazil? (448ms)
  ✓  29 [chromium] › tests/multilingual.spec.js:796:5 › multilingual chat surface › fact-query pipeline resolves: Столица Германии (504ms)
  ✓  30 [chromium] › tests/multilingual.spec.js:796:5 › multilingual chat surface › fact-query pipeline resolves: Столица Франции (450ms)
  ✓  31 [chromium] › tests/multilingual.spec.js:796:5 › multilingual chat surface › fact-query pipeline resolves: 中国的首都是什么? (442ms)
  ✓  32 [chromium] › tests/multilingual.spec.js:796:5 › multilingual chat surface › fact-query pipeline resolves: भारत की राजधानी क्या है? (448ms)
  ✓  33 [chromium] › tests/multilingual.spec.js:804:3 › multilingual chat surface › merged Wikipedia definitions combine localized seed summaries (492ms)
  ✓  34 [chromium] › tests/multilingual.spec.js:813:3 › multilingual chat surface › definition fusion setting merges plain definition prompts (504ms)
  ✓  35 [chromium] › tests/multilingual.spec.js:821:3 › multilingual chat surface › punctuation-only prompt asks for clarification (477ms)
  ✓  36 [chromium] › tests/multilingual.spec.js:831:3 › multilingual chat surface › Russian "what is KISS in programming" returns the design principle, not the band (489ms)
  ✓  37 [chromium] › tests/multilingual.spec.js:839:3 › multilingual chat surface › GitHub navigation suggests an external link without iframe preview (565ms)
  ✓  38 [chromium] › tests/multilingual.spec.js:885:3 › multilingual chat surface › Navigation previews URLs when frame policy allows embedding (514ms)
  ✓  39 [chromium] › tests/multilingual.spec.js:917:3 › multilingual chat surface › Make a request to X attempts a fetch and falls back to the iframe (484ms)
  ✓  40 [chromium] › tests/multilingual.spec.js:937:3 › multilingual chat surface › explicit web search fuses DuckDuckGo, Wikipedia, and Wikidata results (1.9s)
  ✓  41 [chromium] › tests/multilingual.spec.js:1010:3 › Wikipedia REST fallback › "What is X?" for an out-of-corpus term fetches a Wikipedia summary (436ms)
  ✓  42 [chromium] › tests/multilingual.spec.js:1036:3 › Wikipedia REST fallback › "Tell me, who is X" resolves through Wikipedia lookup (591ms)
  ✓  43 [chromium] › tests/multilingual.spec.js:1061:3 › Wikipedia REST fallback › "Who X is" resolves through Wikipedia lookup (447ms)
  ✓  44 [chromium] › tests/multilingual.spec.js:1086:3 › Wikipedia REST fallback › Issue #183: Russian "как устроен X" resolves through Wikipedia lookup (429ms)
  ✓  45 [chromium] › tests/multilingual.spec.js:1130:3 › Wikipedia REST fallback › Russian Wikipedia summary displays decoded Cyrillic URL with encoded href (382ms)
  ✓  46 [chromium] › tests/multilingual.spec.js:1165:3 › Wikipedia REST fallback › Кто такой Илон Маск? resolves via surname-first variant (467ms)
  ✓  47 [chromium] › tests/multilingual.spec.js:1208:3 › Wikipedia REST fallback › "what is tesla" resolves via search fallback when direct slug is disambiguation (425ms)
  ✓  48 [chromium] › tests/multilingual.spec.js:1262:5 › Wikipedia REST fallback › Issue #232: definition-style disambiguation page outranks Wikidata alias fallback (en) (434ms)
  ✓  49 [chromium] › tests/multilingual.spec.js:1262:5 › Wikipedia REST fallback › Issue #232: definition-style disambiguation page outranks Wikidata alias fallback (ru) (464ms)
  ✓  50 [chromium] › tests/multilingual.spec.js:1262:5 › Wikipedia REST fallback › Issue #232: definition-style disambiguation page outranks Wikidata alias fallback (hi) (466ms)
  ✓  51 [chromium] › tests/multilingual.spec.js:1262:5 › Wikipedia REST fallback › Issue #232: definition-style disambiguation page outranks Wikidata alias fallback (zh) (443ms)
  ✓  52 [chromium] › tests/multilingual.spec.js:1280:3 › Wikipedia REST fallback › Russian typo resolves to the closest Wikipedia match when guessing is preferred (500ms)
  ✓  53 [chromium] › tests/multilingual.spec.js:1323:3 › Wikipedia REST fallback › Issue #226: Wikipedia article-existence questions cover supported languages (1.5s)
  ✓  54 [chromium] › tests/multilingual.spec.js:1509:3 › Wikipedia REST fallback › Russian word lookup falls back to Wikidata before unrelated Wikipedia search hits (531ms)
  ✓  55 [chromium] › tests/multilingual.spec.js:1572:3 › Wikipedia REST fallback › unrelated Wikipedia search hits are rejected when exact term fallbacks miss (545ms)
  ✓  56 [chromium] › tests/multilingual.spec.js:1627:3 › Wikipedia REST fallback › word lookup falls back to Wiktionary when Wikipedia and Wikidata miss (509ms)
  ✓  57 [chromium] › tests/multilingual.spec.js:1680:3 › Issue #82: assistant behavior settings › settings sidebar exposes ambiguity, temperature, language, skins, and location controls (483ms)
  ✓  58 [chromium] › tests/multilingual.spec.js:1712:3 › Issue #82: assistant behavior settings › low ambiguity guessing asks before using a fuzzy Wikipedia match (565ms)
  ✓  59 [chromium] › tests/multilingual.spec.js:1765:3 › memory export/import › Export memory and Import memory buttons are present (320ms)
  ✓  60 [chromium] › tests/multilingual.spec.js:1770:3 › memory export/import › Export memory downloads a full formal_ai_bundle by default (R109) (504ms)
  ✓  61 [chromium] › tests/multilingual.spec.js:1800:3 › memory export/import › Import memory accepts a Links Notation file (325ms)
  ✓  62 [chromium] › tests/multilingual.spec.js:1828:3 › memory export/import › Import memory accepts a formal_ai_bundle and reports seed migrations (R110, R111) (348ms)
  ✓  63 [chromium] › tests/multilingual.spec.js:1857:3 › memory export/import › Memory module exposes no delete/forget operation (363ms)
  ✓  64 [chromium] › tests/multilingual.spec.js:1876:3 › memory export/import › Issue #27: Download bundle button is removed (duplicate of Export memory) (340ms)
  ✓  65 [chromium] › tests/multilingual.spec.js:1884:3 › memory export/import › Issue #27: Export memory does not surface a "Bundled N events + seed" label (555ms)
  ✓  66 [chromium] › tests/multilingual.spec.js:1895:3 › memory export/import › Issue #27: typing "Export memory" triggers the export button (407ms)
  ✓  67 [chromium] › tests/multilingual.spec.js:1908:3 › memory export/import › Issue #27: typing "Export your memory" also triggers the export button (415ms)
  ✓  68 [chromium] › tests/multilingual.spec.js:1919:3 › memory export/import › Issue #27: typing "Import memory" opens the file picker (408ms)
  ✓  69 [chromium] › tests/multilingual.spec.js:1932:3 › memory export/import › Report issue link is present in the topbar and links to the upload-memory guide (R112 + issue #78) (348ms)
  ✓  70 [chromium] › tests/multilingual.spec.js:1956:3 › memory export/import › Tool registry surfaces seed-loaded tools with mode badges (376ms)
  ✓  71 [chromium] › tests/multilingual.spec.js:1970:3 › memory export/import › Issue #112: tool registry includes all supported tools and localizes descriptions (373ms)
  ✓  72 [chromium] › tests/multilingual.spec.js:2001:3 › memory export/import › Reasoning steps and tool calls land in the append-only log (412ms)
  ✓  73 [chromium] › tests/multilingual.spec.js:2022:3 › Issue #27: random greeting variations › English greeting falls within the seeded variant list (400ms)
  ✓  74 [chromium] › tests/multilingual.spec.js:2035:3 › Issue #27: random greeting variations › disabling variations pins the canonical English greeting (758ms)
  ✓  75 [chromium] › tests/multilingual.spec.js:2062:3 › Issue #27: summarize skill › "summarize this conversation" returns a structured report (603ms)
  ✓  76 [chromium] › tests/multilingual.spec.js:2075:3 › Issue #27: summarize skill › single-word "summarize" triggers the skill (474ms)
  ✓  77 [chromium] › tests/multilingual.spec.js:2081:3 › Issue #27: summarize skill › Russian "резюме беседы" triggers the skill (565ms)
  ✓  78 [chromium] › tests/multilingual.spec.js:2087:3 › Issue #27: summarize skill › Chinese "总结" triggers the skill (509ms)
  ✓  79 [chromium] › tests/multilingual.spec.js:2102:3 › Issue #27: agent mode › Chat/Agent toggle is present and starts in Chat (349ms)
  ✓  80 [chromium] › tests/multilingual.spec.js:2112:3 › Issue #27: agent mode › Agent mode decomposes a multi-step task and runs each step (502ms)
  ✓  81 [chromium] › tests/multilingual.spec.js:2129:3 › Issue #27: agent mode › Agent mode preserves single-step prompts as plain Q&A (404ms)
  ✓  82 [chromium] › tests/multilingual.spec.js:2150:3 › Issue #27: mobile layout › topbar buttons collapse to emoji icons on mobile (246ms)
  ✓  83 [chromium] › tests/multilingual.spec.js:2161:3 › Issue #27: mobile layout › hamburger toggle opens the full-width sidebar drawer and the close button dismisses it (671ms)
  ✓  84 [chromium] › tests/multilingual.spec.js:2185:3 › Issue #27: mobile layout › Issue #112: mobile drawer lists topbar actions before conversations (357ms)
  ✓  85 [chromium] › tests/multilingual.spec.js:2204:3 › Issue #27: mobile layout › Issue #112: focused composer grows to content with equal padding and a half-panel cap (317ms)
  ✓  86 [chromium] › tests/multilingual.spec.js:2235:3 › Issue #27: mobile layout › chat surface keeps the full viewport when the menu is closed (241ms)
  ✓  87 [chromium] › tests/multilingual.spec.js:2283:3 › Issue #27: conversations sidebar › sending a prompt adds an entry to the conversation list (404ms)
  ✓  88 [chromium] › tests/multilingual.spec.js:2292:3 › Issue #27: conversations sidebar › "+ New conversation" clears the transcript and starts a fresh thread (570ms)
  ✓  89 [chromium] › tests/multilingual.spec.js:2307:3 › Issue #27: conversations sidebar › the last conversation is restored after reloading the page (495ms)
  ✓  90 [chromium] › tests/multilingual.spec.js:2321:3 › Issue #27: conversations sidebar › Issue #112: deleting a conversation soft-hides it behind the deleted view (596ms)
  ✓  91 [chromium] › tests/multilingual.spec.js:2357:3 › Issue #27: demo iterates Example prompts › demo messages carry a label that matches an Example prompts entry (231ms)
  ✓  92 [chromium] › tests/multilingual.spec.js:2381:3 › Issue #27: demo iterates Example prompts › Issue #112: Example prompts cover every supported prompt family (234ms)
  ✓  93 [chromium] › tests/multilingual.spec.js:2421:3 › Issue #27: sidebar accordion › expanded sidebar sections share the available height equally (590ms)
  ✓  94 [chromium] › tests/multilingual.spec.js:2440:3 › Issue #27: sidebar accordion › each section body scrolls independently when content overflows (592ms)
  ✓  95 [chromium] › tests/multilingual.spec.js:2456:3 › Issue #27: sidebar accordion › collapsing a section gives its space to the remaining expanded sections (412ms)
  ✓  96 [chromium] › tests/multilingual.spec.js:2505:3 › Issue #27: cross-conversation recall › "When did I ask about X" lists matches grouped by conversation (729ms)
  ✓  97 [chromium] › tests/multilingual.spec.js:2522:3 › Issue #27: cross-conversation recall › "find X in another conversation" excludes the current conversation (714ms)
  ✓  98 [chromium] › tests/multilingual.spec.js:2539:3 › Issue #27: cross-conversation recall › recall with no matches reports a clear "no mentions" message (557ms)
  ✓  99 [chromium] › tests/multilingual.spec.js:2546:3 › Issue #27: cross-conversation recall › Russian phrasing "Когда я спрашивал про X" triggers the recall skill (704ms)

  99 passed (56.5s)
