   Compiling formal-ai v0.274.0 (/tmp/gh-issue-solver-1783542327422)
    Finished `dev` profile [unoptimized + debuginfo] target(s) in 9.04s
     Running `target/debug/formal-ai agent --task 'Store the CST/AST of our Rust meta algorithm in our data so the system can reason about itself: parse the planner module and record its abstract-syntax node census in Links Notation.' --session-json docs/case-studies/issue-538/agent-cli-session-self-ast.json`
wrote agent session to docs/case-studies/issue-538/agent-cli-session-self-ast.json
Stored the CST/AST of our Rust meta algorithm (src/agentic_coding/planner.rs) in our data, parsed through the meta-language links network (the sole CST/AST engine here) and recorded as an abstract-syntax node census — a real step toward the system reasoning about itself.

Generated document (self-ast.lino):

self_ast
  target src/agentic_coding/planner.rs
  language rust
  engine meta_language
  component meta-language
  grammar_label rust
  projection abstract_syntax
  text_preserved true
  clean true
  total_link_count 22666
  named_node_count 4552
  distinct_node_kinds 80
  node_kinds
    arguments 328
    array_expression 7
    array_type 36
    assignment_expression 2
    attribute 6
    attribute_item 6
    binary_expression 26
    block 131
    call_expression 328
    closure_expression 13
    closure_parameters 13
    const_item 4
    continue_expression 2
    crate 1
    declaration_list 2
    doc_comment 174
    else_clause 7
    enum_item 2
    enum_variant 7
    enum_variant_list 2
    escape_sequence 9
    expression_statement 145
    field_declaration 5
    field_declaration_list 2
    field_expression 143
    field_identifier 148
    field_initializer_list 1
    for_expression 1
    function_item 33
    function_modifiers 1
    generic_type 11
    identifier 1198
    if_expression 93
    impl_item 2
    index_expression 2
    inner_doc_comment_marker 27
    integer_literal 1
    let_condition 35
    let_declaration 93
    lifetime 4
    lifetime_parameter 1
    line_comment 276
    macro_invocation 24
    match_arm 5
    match_block 1
    match_expression 1
    match_pattern 5
    mutable_specifier 3
    ordered_field_declaration_list 2
    outer_doc_comment_marker 147
    parameter 57
    parameters 33
    parenthesized_expression 4
    primitive_type 46
    range_expression 1
    reference_expression 63
    reference_type 75
    return_expression 50
    scoped_identifier 173
    scoped_use_list 2
    self 4
    self_parameter 2
    shorthand_field_initializer 3
    source_file 1
    string_content 129
    string_literal 124
    struct_expression 1
    struct_item 2
    super 14
    token_tree 63
    try_expression 2
    tuple_pattern 1
    tuple_struct_pattern 36
    type_arguments 11
    type_identifier 73
    type_parameters 1
    unary_expression 36
    use_declaration 16
    use_list 2
    visibility_modifier 11
