
> formal-ai-vscode@0.297.1 package
> vsce package

Executing prepublish script 'npm run vscode:prepublish'...

> formal-ai-vscode@0.297.1 vscode:prepublish
> node scripts/prepare-resources.mjs

Extension version already in sync with Cargo.toml: 0.297.1
Prepared VS Code web resources: /tmp/gh-issue-solver-1784320659012/vscode/dist-web
Vendored desktop modules: tool-router.cjs, memory-sync.cjs, web-tools.cjs -> /tmp/gh-issue-solver-1784320659012/vscode/src/lib/vendor
 WARNING  This extension consists of 9008 files, out of which 4608 are JavaScript files. For performance reasons, you should bundle your extension: https://aka.ms/vscode-bundle-extension. You should also exclude unnecessary files by adding them to your .vscodeignore: https://aka.ms/vscode-vscodeignore.

 INFO  Files included in the VSIX:
formal-ai-vscode-0.297.1.vsix
├─ [Content_Types].xml
├─ extension.vsixmanifest
└─ extension/
   ├─ LICENSE.txt [1.18 KB]
   ├─ package.json [4.39 KB]
   ├─ readme.md
   ├─ browser-runtime/ (306 files) [377.97 MB]
   ├─ dist-web/ (152 files) [5.31 MB]
   ├─ media/ (1 file) [0.49 KB]
   ├─ node_modules/ (8534 files) [87.1 MB]
   └─ src/ (10 files) [68.39 KB]

=> Run vsce ls --tree to see all included files.

 DONE  Packaged: /tmp/gh-issue-solver-1784320659012/vscode/formal-ai-vscode-0.297.1.vsix (9008 files, 192.78 MB)
